[3.532s] Invoking command in '/home/paul/create3_ws/build/irobot_create_common_bringup': CMAKE_PREFIX_PATH=/home/paul/create3_ws/install/irobot_create_description:/home/paul/create3_ws/install/irobot_create_control:/home/paul/create3_ws/install/irobot_create_nodes:/home/paul/create3_ws/install/irobot_create_ignition_sim:/home/paul/create3_ws/install/irobot_create_ignition_bringup:/home/paul/create3_ws/install/irobot_create_ignition_toolbox:/home/paul/create3_ws/install/irobot_create_gazebo_sim:/home/paul/create3_ws/install/irobot_create_gazebo_bringup:/home/paul/create3_ws/install/irobot_create_gazebo_plugins:/home/paul/create3_ws/install/irobot_create_toolbox:/home/paul/create3_ws/install/irobot_create_ignition_plugins:/home/paul/create3_ws/install/irobot_create_common_bringup:/opt/ros/galactic /usr/bin/cmake --build /home/paul/create3_ws/build/irobot_create_common_bringup -- -j12 -l12
[7.259s] Invoked command in '/home/paul/create3_ws/build/irobot_create_common_bringup' returned '0': CMAKE_PREFIX_PATH=/home/paul/create3_ws/install/irobot_create_description:/home/paul/create3_ws/install/irobot_create_control:/home/paul/create3_ws/install/irobot_create_nodes:/home/paul/create3_ws/install/irobot_create_ignition_sim:/home/paul/create3_ws/install/irobot_create_ignition_bringup:/home/paul/create3_ws/install/irobot_create_ignition_toolbox:/home/paul/create3_ws/install/irobot_create_gazebo_sim:/home/paul/create3_ws/install/irobot_create_gazebo_bringup:/home/paul/create3_ws/install/irobot_create_gazebo_plugins:/home/paul/create3_ws/install/irobot_create_toolbox:/home/paul/create3_ws/install/irobot_create_ignition_plugins:/home/paul/create3_ws/install/irobot_create_common_bringup:/opt/ros/galactic /usr/bin/cmake --build /home/paul/create3_ws/build/irobot_create_common_bringup -- -j12 -l12
[7.280s] Invoking command in '/home/paul/create3_ws/build/irobot_create_common_bringup': CMAKE_PREFIX_PATH=/home/paul/create3_ws/install/irobot_create_description:/home/paul/create3_ws/install/irobot_create_control:/home/paul/create3_ws/install/irobot_create_nodes:/home/paul/create3_ws/install/irobot_create_ignition_sim:/home/paul/create3_ws/install/irobot_create_ignition_bringup:/home/paul/create3_ws/install/irobot_create_ignition_toolbox:/home/paul/create3_ws/install/irobot_create_gazebo_sim:/home/paul/create3_ws/install/irobot_create_gazebo_bringup:/home/paul/create3_ws/install/irobot_create_gazebo_plugins:/home/paul/create3_ws/install/irobot_create_toolbox:/home/paul/create3_ws/install/irobot_create_ignition_plugins:/home/paul/create3_ws/install/irobot_create_common_bringup:/opt/ros/galactic /usr/bin/cmake --install /home/paul/create3_ws/build/irobot_create_common_bringup
[7.349s] -- Install configuration: ""
[7.351s] -- Execute custom install script
[7.353s] -- Up-to-date symlink: /home/paul/create3_ws/install/irobot_create_common_bringup/share/irobot_create_common_bringup/config/hazard_vector_params.yaml
[7.353s] -- Up-to-date symlink: /home/paul/create3_ws/install/irobot_create_common_bringup/share/irobot_create_common_bringup/config/ir_intensity_vector_params.yaml
[7.353s] -- Up-to-date symlink: /home/paul/create3_ws/install/irobot_create_common_bringup/share/irobot_create_common_bringup/config/kidnap_estimator_params.yaml
[7.353s] -- Up-to-date symlink: /home/paul/create3_ws/install/irobot_create_common_bringup/share/irobot_create_common_bringup/config/mock_params.yaml
[7.354s] -- Up-to-date symlink: /home/paul/create3_ws/install/irobot_create_common_bringup/share/irobot_create_common_bringup/config/robot_state_params.yaml
[7.354s] -- Up-to-date symlink: /home/paul/create3_ws/install/irobot_create_common_bringup/share/irobot_create_common_bringup/config/ui_mgr_params.yaml
[7.354s] -- Up-to-date symlink: /home/paul/create3_ws/install/irobot_create_common_bringup/share/irobot_create_common_bringup/config/wheel_status_params.yaml
[7.354s] -- Up-to-date symlink: /home/paul/create3_ws/install/irobot_create_common_bringup/share/irobot_create_common_bringup/launch/create3_nodes.launch.py
[7.355s] -- Up-to-date symlink: /home/paul/create3_ws/install/irobot_create_common_bringup/share/irobot_create_common_bringup/launch/dock_description.launch.py
[7.355s] -- Up-to-date symlink: /home/paul/create3_ws/install/irobot_create_common_bringup/share/irobot_create_common_bringup/launch/robot_description.launch.py
[7.355s] -- Up-to-date symlink: /home/paul/create3_ws/install/irobot_create_common_bringup/share/irobot_create_common_bringup/launch/rviz2.launch.py
[7.355s] -- Up-to-date symlink: /home/paul/create3_ws/install/irobot_create_common_bringup/share/irobot_create_common_bringup/rviz/irobot_create_view.rviz
[7.355s] -- Up-to-date symlink: /home/paul/create3_ws/install/irobot_create_common_bringup/share/irobot_create_common_bringup/rviz/irobot_logo.jpg
[7.356s] -- Up-to-date symlink: /home/paul/create3_ws/install/irobot_create_common_bringup/share/ament_index/resource_index/package_run_dependencies/irobot_create_common_bringup
[7.356s] -- Up-to-date symlink: /home/paul/create3_ws/install/irobot_create_common_bringup/share/ament_index/resource_index/parent_prefix_path/irobot_create_common_bringup
[7.356s] -- Up-to-date symlink: /home/paul/create3_ws/install/irobot_create_common_bringup/share/irobot_create_common_bringup/environment/ament_prefix_path.sh
[7.357s] -- Up-to-date symlink: /home/paul/create3_ws/install/irobot_create_common_bringup/share/irobot_create_common_bringup/environment/ament_prefix_path.dsv
[7.357s] -- Up-to-date symlink: /home/paul/create3_ws/install/irobot_create_common_bringup/share/irobot_create_common_bringup/environment/path.sh
[7.357s] -- Up-to-date symlink: /home/paul/create3_ws/install/irobot_create_common_bringup/share/irobot_create_common_bringup/environment/path.dsv
[7.357s] -- Up-to-date symlink: /home/paul/create3_ws/install/irobot_create_common_bringup/share/irobot_create_common_bringup/local_setup.bash
[7.358s] -- Up-to-date symlink: /home/paul/create3_ws/install/irobot_create_common_bringup/share/irobot_create_common_bringup/local_setup.sh
[7.358s] -- Up-to-date symlink: /home/paul/create3_ws/install/irobot_create_common_bringup/share/irobot_create_common_bringup/local_setup.zsh
[7.358s] -- Up-to-date symlink: /home/paul/create3_ws/install/irobot_create_common_bringup/share/irobot_create_common_bringup/local_setup.dsv
[7.358s] -- Symlinking: /home/paul/create3_ws/install/irobot_create_common_bringup/share/irobot_create_common_bringup/package.dsv
[7.368s] -- Up-to-date symlink: /home/paul/create3_ws/install/irobot_create_common_bringup/share/ament_index/resource_index/packages/irobot_create_common_bringup
[7.368s] -- Up-to-date symlink: /home/paul/create3_ws/install/irobot_create_common_bringup/share/irobot_create_common_bringup/cmake/irobot_create_common_bringupConfig.cmake
[7.368s] -- Up-to-date symlink: /home/paul/create3_ws/install/irobot_create_common_bringup/share/irobot_create_common_bringup/cmake/irobot_create_common_bringupConfig-version.cmake
[7.369s] -- Up-to-date symlink: /home/paul/create3_ws/install/irobot_create_common_bringup/share/irobot_create_common_bringup/package.xml
[7.373s] Invoked command in '/home/paul/create3_ws/build/irobot_create_common_bringup' returned '0': CMAKE_PREFIX_PATH=/home/paul/create3_ws/install/irobot_create_description:/home/paul/create3_ws/install/irobot_create_control:/home/paul/create3_ws/install/irobot_create_nodes:/home/paul/create3_ws/install/irobot_create_ignition_sim:/home/paul/create3_ws/install/irobot_create_ignition_bringup:/home/paul/create3_ws/install/irobot_create_ignition_toolbox:/home/paul/create3_ws/install/irobot_create_gazebo_sim:/home/paul/create3_ws/install/irobot_create_gazebo_bringup:/home/paul/create3_ws/install/irobot_create_gazebo_plugins:/home/paul/create3_ws/install/irobot_create_toolbox:/home/paul/create3_ws/install/irobot_create_ignition_plugins:/home/paul/create3_ws/install/irobot_create_common_bringup:/opt/ros/galactic /usr/bin/cmake --install /home/paul/create3_ws/build/irobot_create_common_bringup
