[0.097s] Invoking command in '/home/paul/create3_ws/build/irobot_create_control': CMAKE_PREFIX_PATH=${CMAKE_PREFIX_PATH}:/opt/ros/galactic /usr/bin/cmake --build /home/paul/create3_ws/build/irobot_create_control -- -j12 -l12
[0.377s] Invoked command in '/home/paul/create3_ws/build/irobot_create_control' returned '0': CMAKE_PREFIX_PATH=${CMAKE_PREFIX_PATH}:/opt/ros/galactic /usr/bin/cmake --build /home/paul/create3_ws/build/irobot_create_control -- -j12 -l12
[0.415s] Invoking command in '/home/paul/create3_ws/build/irobot_create_control': CMAKE_PREFIX_PATH=${CMAKE_PREFIX_PATH}:/opt/ros/galactic /usr/bin/cmake --install /home/paul/create3_ws/build/irobot_create_control
[0.423s] -- Install configuration: ""
[0.423s] -- Execute custom install script
[0.424s] -- Up-to-date symlink: /home/paul/create3_ws/install/irobot_create_control/share/irobot_create_control//launch/include/control.py
[0.424s] -- Up-to-date symlink: /home/paul/create3_ws/install/irobot_create_control/share/irobot_create_control//config/control.yaml
[0.425s] -- Up-to-date symlink: /home/paul/create3_ws/install/irobot_create_control/share/ament_index/resource_index/package_run_dependencies/irobot_create_control
[0.425s] -- Up-to-date symlink: /home/paul/create3_ws/install/irobot_create_control/share/ament_index/resource_index/parent_prefix_path/irobot_create_control
[0.425s] -- Up-to-date symlink: /home/paul/create3_ws/install/irobot_create_control/share/irobot_create_control/environment/ament_prefix_path.sh
[0.425s] -- Up-to-date symlink: /home/paul/create3_ws/install/irobot_create_control/share/irobot_create_control/environment/ament_prefix_path.dsv
[0.426s] -- Up-to-date symlink: /home/paul/create3_ws/install/irobot_create_control/share/irobot_create_control/environment/path.sh
[0.426s] -- Up-to-date symlink: /home/paul/create3_ws/install/irobot_create_control/share/irobot_create_control/environment/path.dsv
[0.426s] -- Up-to-date symlink: /home/paul/create3_ws/install/irobot_create_control/share/irobot_create_control/local_setup.bash
[0.426s] -- Up-to-date symlink: /home/paul/create3_ws/install/irobot_create_control/share/irobot_create_control/local_setup.sh
[0.427s] -- Up-to-date symlink: /home/paul/create3_ws/install/irobot_create_control/share/irobot_create_control/local_setup.zsh
[0.427s] -- Up-to-date symlink: /home/paul/create3_ws/install/irobot_create_control/share/irobot_create_control/local_setup.dsv
[0.427s] -- Symlinking: /home/paul/create3_ws/install/irobot_create_control/share/irobot_create_control/package.dsv
[1.107s] -- Up-to-date symlink: /home/paul/create3_ws/install/irobot_create_control/share/ament_index/resource_index/packages/irobot_create_control
[1.108s] -- Up-to-date symlink: /home/paul/create3_ws/install/irobot_create_control/share/irobot_create_control/cmake/irobot_create_controlConfig.cmake
[1.109s] -- Up-to-date symlink: /home/paul/create3_ws/install/irobot_create_control/share/irobot_create_control/cmake/irobot_create_controlConfig-version.cmake
[1.109s] -- Up-to-date symlink: /home/paul/create3_ws/install/irobot_create_control/share/irobot_create_control/package.xml
[1.425s] Invoked command in '/home/paul/create3_ws/build/irobot_create_control' returned '0': CMAKE_PREFIX_PATH=${CMAKE_PREFIX_PATH}:/opt/ros/galactic /usr/bin/cmake --install /home/paul/create3_ws/build/irobot_create_control
