[0.018s] Invoking command in '/home/paul/create3_ws/build/irobot_create_nodes': AMENT_PREFIX_PATH=/home/paul/create3_ws/install/irobot_create_toolbox:${AMENT_PREFIX_PATH} CMAKE_PREFIX_PATH=/home/paul/create3_ws/install/irobot_create_toolbox:/opt/ros/galactic LD_LIBRARY_PATH=/home/paul/create3_ws/install/irobot_create_toolbox/lib:${LD_LIBRARY_PATH} /usr/bin/cmake /home/paul/create3_ws/src/create3_sim/irobot_create_common/irobot_create_nodes -DAMENT_CMAKE_SYMLINK_INSTALL=1 -DCMAKE_INSTALL_PREFIX=/home/paul/create3_ws/install/irobot_create_nodes
[0.072s] -- The C compiler identification is GNU 9.4.0
[0.130s] -- The CXX compiler identification is GNU 9.4.0
[0.134s] -- Check for working C compiler: /usr/bin/cc
[0.202s] -- Check for working C compiler: /usr/bin/cc -- works
[0.202s] -- Detecting C compiler ABI info
[0.271s] -- Detecting C compiler ABI info - done
[0.283s] -- Detecting C compile features
[0.283s] -- Detecting C compile features - done
[0.286s] -- Check for working CXX compiler: /usr/bin/c++
[0.358s] -- Check for working CXX compiler: /usr/bin/c++ -- works
[0.359s] -- Detecting CXX compiler ABI info
[0.437s] -- Detecting CXX compiler ABI info - done
[0.448s] -- Detecting CXX compile features
[0.448s] -- Detecting CXX compile features - done
[0.450s] -- Found ament_cmake: 1.1.6 (/opt/ros/galactic/share/ament_cmake/cmake)
[0.471s] -- Found PythonInterp: /usr/bin/python3 (found suitable version "3.8.10", minimum required is "3") 
[0.472s] -- Using PYTHON_EXECUTABLE: /usr/bin/python3
[0.523s] -- Override CMake install command with custom implementation using symlinks instead of copying resources
[0.575s] -- Found angles: 1.14.0 (/opt/ros/galactic/share/angles/cmake)
[0.607s] -- Found control_msgs: 3.0.0 (/opt/ros/galactic/share/control_msgs/cmake)
[0.681s] -- Using all available rosidl_typesupport_c: rosidl_typesupport_fastrtps_c;rosidl_typesupport_introspection_c
[0.692s] -- Found rosidl_adapter: 2.2.3 (/opt/ros/galactic/share/rosidl_adapter/cmake)
[0.787s] -- Found OpenSSL: /usr/lib/x86_64-linux-gnu/libcrypto.so (found version "1.1.1f")  
[0.817s] -- Found FastRTPS: /opt/ros/galactic/include  
[0.906s] -- Using all available rosidl_typesupport_cpp: rosidl_typesupport_fastrtps_cpp;rosidl_typesupport_introspection_cpp
[1.420s] -- Found sensor_msgs: 2.2.4 (/opt/ros/galactic/share/sensor_msgs/cmake)
[1.529s] -- Found nav_msgs: 2.2.4 (/opt/ros/galactic/share/nav_msgs/cmake)
[1.612s] -- Found irobot_create_msgs: 1.2.4 (/opt/ros/galactic/share/irobot_create_msgs/cmake)
[1.752s] -- Found irobot_create_toolbox: 1.0.3 (/home/paul/create3_ws/install/irobot_create_toolbox/share/irobot_create_toolbox/cmake)
[1.812s] -- Found rmw_implementation_cmake: 3.3.1 (/opt/ros/galactic/share/rmw_implementation_cmake/cmake)
[1.814s] -- Found rmw_cyclonedds_cpp: 0.22.6 (/opt/ros/galactic/share/rmw_cyclonedds_cpp/cmake)
[1.833s] -- Using RMW implementation 'rmw_cyclonedds_cpp' as default
[1.834s] -- Looking for pthread.h
[1.905s] -- Looking for pthread.h - found
[1.905s] -- Performing Test CMAKE_HAVE_LIBC_PTHREAD
[1.987s] -- Performing Test CMAKE_HAVE_LIBC_PTHREAD - Failed
[1.987s] -- Looking for pthread_create in pthreads
[2.045s] -- Looking for pthread_create in pthreads - not found
[2.045s] -- Looking for pthread_create in pthread
[2.115s] -- Looking for pthread_create in pthread - found
[2.116s] -- Found Threads: TRUE  
[2.258s] -- Found rclcpp_action: 9.2.2 (/opt/ros/galactic/share/rclcpp_action/cmake)
[2.363s] -- Found rclcpp_components: 9.2.2 (/opt/ros/galactic/share/rclcpp_components/cmake)
[2.577s] -- Found tf2: 0.17.5 (/opt/ros/galactic/share/tf2/cmake)
[2.586s] -- Found tf2_geometry_msgs: 0.17.5 (/opt/ros/galactic/share/tf2_geometry_msgs/cmake)
[2.643s] -- Found eigen3_cmake_module: 0.1.1 (/opt/ros/galactic/share/eigen3_cmake_module/cmake)
[2.651s] -- Found Eigen3: TRUE (found version "3.3.7") 
[3.078s] -- Found Boost: /usr/lib/x86_64-linux-gnu/cmake/Boost-1.71.0/BoostConfig.cmake (found version "1.71.0")  
[3.158s] -- Found ament_lint_auto: 0.10.7 (/opt/ros/galactic/share/ament_lint_auto/cmake)
[3.230s] -- Added test 'cppcheck' to perform static code analysis on C / C++ code
[3.231s] -- Configured cppcheck include dirs: /home/paul/create3_ws/src/create3_sim/irobot_create_common/irobot_create_nodes/include
[3.231s] -- Configured cppcheck exclude dirs and/or files: 
[3.233s] -- Added test 'cpplint' to check C / C++ code against the Google style
[3.233s] -- Configured cpplint exclude dirs and/or files: 
[3.234s] -- Added test 'lint_cmake' to check CMake code style
[3.236s] -- Added test 'uncrustify' to check C / C++ code style
[3.236s] -- Configured uncrustify additional arguments: 
[3.236s] -- Added test 'xmllint' to check XML markup files
[3.242s] -- Configuring done
[3.435s] -- Generating done
[3.438s] -- Build files have been written to: /home/paul/create3_ws/build/irobot_create_nodes
[3.452s] Invoked command in '/home/paul/create3_ws/build/irobot_create_nodes' returned '0': AMENT_PREFIX_PATH=/home/paul/create3_ws/install/irobot_create_toolbox:${AMENT_PREFIX_PATH} CMAKE_PREFIX_PATH=/home/paul/create3_ws/install/irobot_create_toolbox:/opt/ros/galactic LD_LIBRARY_PATH=/home/paul/create3_ws/install/irobot_create_toolbox/lib:${LD_LIBRARY_PATH} /usr/bin/cmake /home/paul/create3_ws/src/create3_sim/irobot_create_common/irobot_create_nodes -DAMENT_CMAKE_SYMLINK_INSTALL=1 -DCMAKE_INSTALL_PREFIX=/home/paul/create3_ws/install/irobot_create_nodes
[3.453s] Invoking command in '/home/paul/create3_ws/build/irobot_create_nodes': AMENT_PREFIX_PATH=/home/paul/create3_ws/install/irobot_create_toolbox:${AMENT_PREFIX_PATH} CMAKE_PREFIX_PATH=/home/paul/create3_ws/install/irobot_create_toolbox:/opt/ros/galactic LD_LIBRARY_PATH=/home/paul/create3_ws/install/irobot_create_toolbox/lib:${LD_LIBRARY_PATH} /usr/bin/cmake --build /home/paul/create3_ws/build/irobot_create_nodes -- -j12 -l12
[3.498s] [35m[1mScanning dependencies of target mock_publisher[0m
[3.498s] [35m[1mScanning dependencies of target ui_mgr[0m
[3.498s] [35m[1mScanning dependencies of target kidnap_estimator_publisher[0m
[3.499s] [35m[1mScanning dependencies of target mock_publisher_lib[0m
[3.499s] [35m[1mScanning dependencies of target kidnap_estimator_publisher_lib[0m
[3.500s] [35m[1mScanning dependencies of target hazard_publisher_lib[0m
[3.501s] [35m[1mScanning dependencies of target hazards_vector_publisher[0m
[3.501s] [35m[1mScanning dependencies of target wheel_status_publisher_lib[0m
[3.509s] [35m[1mScanning dependencies of target robot_state[0m
[3.509s] [35m[1mScanning dependencies of target motion_control[0m
[3.510s] [35m[1mScanning dependencies of target ir_intensity_publisher_lib[0m
[3.512s] [35m[1mScanning dependencies of target motion_control_lib[0m
[5.031s] [  2%] [32mBuilding CXX object CMakeFiles/robot_state.dir/rclcpp_components/node_main_robot_state.cpp.o[0m
[5.032s] [  5%] [32mBuilding CXX object CMakeFiles/ui_mgr.dir/rclcpp_components/node_main_ui_mgr.cpp.o[0m
[5.049s] [  8%] [32mBuilding CXX object CMakeFiles/hazard_publisher_lib.dir/src/hazards_vector_publisher.cpp.o[0m
[5.052s] [ 10%] [32mBuilding CXX object CMakeFiles/mock_publisher.dir/rclcpp_components/node_main_mock_publisher.cpp.o[0m
[5.059s] [ 13%] [32mBuilding CXX object CMakeFiles/wheel_status_publisher_lib.dir/src/wheels_publisher.cpp.o[0m
[5.061s] [ 16%] [32mBuilding CXX object CMakeFiles/kidnap_estimator_publisher_lib.dir/src/kidnap_estimator_publisher.cpp.o[0m
[5.081s] [ 18%] [32mBuilding CXX object CMakeFiles/kidnap_estimator_publisher.dir/rclcpp_components/node_main_kidnap_estimator_publisher.cpp.o[0m
[5.082s] [ 21%] [32mBuilding CXX object CMakeFiles/ir_intensity_publisher_lib.dir/src/ir_intensity_vector_publisher.cpp.o[0m
[5.094s] [ 24%] [32mBuilding CXX object CMakeFiles/mock_publisher_lib.dir/src/mock_publisher.cpp.o[0m
[5.108s] [ 27%] [32mBuilding CXX object CMakeFiles/motion_control.dir/rclcpp_components/node_main_motion_control.cpp.o[0m
[5.118s] [ 29%] [32mBuilding CXX object CMakeFiles/hazards_vector_publisher.dir/rclcpp_components/node_main_hazards_vector_publisher.cpp.o[0m
[5.815s] [ 32%] [32mBuilding CXX object CMakeFiles/motion_control_lib.dir/src/motion_control_node.cpp.o[0m
[139.486s] [ 48%] [32m[1mLinking CXX executable hazards_vector_publisher[0m
[147.259s] [ 48%] [32m[1mLinking CXX executable ui_mgr[0m
[147.259s] [ 48%] [32m[1mLinking CXX shared library libmock_publisher_lib.so[0m
[147.260s] [ 48%] [32m[1mLinking CXX executable mock_publisher[0m
[147.260s] [ 48%] [32m[1mLinking CXX executable kidnap_estimator_publisher[0m
[147.260s] [ 51%] [32m[1mLinking CXX executable motion_control[0m
[147.260s] [ 51%] [32m[1mLinking CXX shared library libwheel_status_publisher_lib.so[0m
[147.260s] [ 54%] [32m[1mLinking CXX executable robot_state[0m
[159.942s] [ 56%] [32m[1mLinking CXX shared library libir_intensity_publisher_lib.so[0m
[165.872s] [ 59%] [32m[1mLinking CXX shared library libkidnap_estimator_publisher_lib.so[0m
[182.660s] [ 59%] Built target robot_state
[182.885s] [ 59%] Built target ui_mgr
[183.247s] [ 59%] Built target mock_publisher
[183.247s] [ 59%] Built target kidnap_estimator_publisher
[184.888s] [ 59%] Built target hazards_vector_publisher
[185.040s] [ 59%] Built target motion_control
[185.889s] [ 59%] Built target wheel_status_publisher_lib
[185.890s] [ 59%] Built target ir_intensity_publisher_lib
[185.890s] [ 59%] Built target kidnap_estimator_publisher_lib
[185.890s] [ 59%] Built target mock_publisher_lib
[205.853s] [ 62%] [32mBuilding CXX object CMakeFiles/motion_control_lib.dir/src/motion_control/wall_follow_states.cpp.o[0m
[241.603s] [ 64%] [32m[1mLinking CXX shared library libhazard_publisher_lib.so[0m
[242.057s] [ 64%] Built target hazard_publisher_lib
[277.143s] [ 67%] [32mBuilding CXX object CMakeFiles/motion_control_lib.dir/src/motion_control/wall_follow_behavior.cpp.o[0m
[288.398s] [ 70%] [32mBuilding CXX object CMakeFiles/motion_control_lib.dir/src/motion_control/reflex_behavior.cpp.o[0m
[292.111s] [ 72%] [32mBuilding CXX object CMakeFiles/motion_control_lib.dir/src/motion_control/drive_goal_behaviors.cpp.o[0m
[298.680s] [ 75%] [32mBuilding CXX object CMakeFiles/motion_control_lib.dir/src/motion_control/docking_behavior.cpp.o[0m
[308.723s] [ 78%] [32m[1mLinking CXX shared library libmotion_control_lib.so[0m
[311.016s] [ 78%] Built target motion_control_lib
[311.398s] [35m[1mScanning dependencies of target ui_mgr_lib[0m
[313.612s] [ 81%] [32mBuilding CXX object CMakeFiles/ui_mgr_lib.dir/src/ui_mgr.cpp.o[0m
[324.153s] [ 83%] [32m[1mLinking CXX shared library libui_mgr_lib.so[0m
[324.814s] [ 83%] Built target ui_mgr_lib
[325.734s] [35m[1mScanning dependencies of target wheel_status_publisher[0m
[325.734s] [35m[1mScanning dependencies of target ir_intensity_vector_publisher[0m
[325.734s] [35m[1mScanning dependencies of target robot_state_lib[0m
[325.902s] [ 86%] [32mBuilding CXX object CMakeFiles/wheel_status_publisher.dir/rclcpp_components/node_main_wheel_status_publisher.cpp.o[0m
[325.912s] [ 89%] [32mBuilding CXX object CMakeFiles/ir_intensity_vector_publisher.dir/rclcpp_components/node_main_ir_intensity_vector_publisher.cpp.o[0m
[326.376s] [ 91%] [32mBuilding CXX object CMakeFiles/robot_state_lib.dir/src/robot_state.cpp.o[0m
[328.310s] [ 94%] [32m[1mLinking CXX executable wheel_status_publisher[0m
[328.326s] [ 97%] [32m[1mLinking CXX executable ir_intensity_vector_publisher[0m
[328.465s] [ 97%] Built target wheel_status_publisher
[328.481s] [ 97%] Built target ir_intensity_vector_publisher
[338.033s] [100%] [32m[1mLinking CXX shared library librobot_state_lib.so[0m
[339.558s] [100%] Built target robot_state_lib
[340.422s] Invoked command in '/home/paul/create3_ws/build/irobot_create_nodes' returned '0': AMENT_PREFIX_PATH=/home/paul/create3_ws/install/irobot_create_toolbox:${AMENT_PREFIX_PATH} CMAKE_PREFIX_PATH=/home/paul/create3_ws/install/irobot_create_toolbox:/opt/ros/galactic LD_LIBRARY_PATH=/home/paul/create3_ws/install/irobot_create_toolbox/lib:${LD_LIBRARY_PATH} /usr/bin/cmake --build /home/paul/create3_ws/build/irobot_create_nodes -- -j12 -l12
[340.656s] Invoking command in '/home/paul/create3_ws/build/irobot_create_nodes': AMENT_PREFIX_PATH=/home/paul/create3_ws/install/irobot_create_toolbox:${AMENT_PREFIX_PATH} CMAKE_PREFIX_PATH=/home/paul/create3_ws/install/irobot_create_toolbox:/opt/ros/galactic LD_LIBRARY_PATH=/home/paul/create3_ws/install/irobot_create_toolbox/lib:${LD_LIBRARY_PATH} /usr/bin/cmake --install /home/paul/create3_ws/build/irobot_create_nodes
[340.670s] -- Install configuration: ""
[340.702s] -- Execute custom install script
[340.709s] -- Symlinking: /home/paul/create3_ws/install/irobot_create_nodes/lib/irobot_create_nodes/hazards_vector_publisher
[340.725s] -- Symlinking: /home/paul/create3_ws/install/irobot_create_nodes/lib/irobot_create_nodes/ir_intensity_vector_publisher
[340.741s] -- Symlinking: /home/paul/create3_ws/install/irobot_create_nodes/lib/irobot_create_nodes/motion_control
[340.757s] -- Symlinking: /home/paul/create3_ws/install/irobot_create_nodes/lib/irobot_create_nodes/wheel_status_publisher
[340.774s] -- Symlinking: /home/paul/create3_ws/install/irobot_create_nodes/lib/irobot_create_nodes/robot_state
[340.790s] -- Symlinking: /home/paul/create3_ws/install/irobot_create_nodes/lib/irobot_create_nodes/ui_mgr
[340.807s] -- Symlinking: /home/paul/create3_ws/install/irobot_create_nodes/lib/irobot_create_nodes/mock_publisher
[340.823s] -- Symlinking: /home/paul/create3_ws/install/irobot_create_nodes/lib/irobot_create_nodes/kidnap_estimator_publisher
[340.840s] -- Symlinking: /home/paul/create3_ws/install/irobot_create_nodes/lib/libhazard_publisher_lib.so
[340.856s] -- Symlinking: /home/paul/create3_ws/install/irobot_create_nodes/lib/libir_intensity_publisher_lib.so
[340.872s] -- Symlinking: /home/paul/create3_ws/install/irobot_create_nodes/lib/libmotion_control_lib.so
[340.889s] -- Symlinking: /home/paul/create3_ws/install/irobot_create_nodes/lib/libwheel_status_publisher_lib.so
[340.905s] -- Symlinking: /home/paul/create3_ws/install/irobot_create_nodes/lib/librobot_state_lib.so
[340.921s] -- Symlinking: /home/paul/create3_ws/install/irobot_create_nodes/lib/libui_mgr_lib.so
[340.935s] -- Symlinking: /home/paul/create3_ws/install/irobot_create_nodes/lib/libmock_publisher_lib.so
[340.951s] -- Symlinking: /home/paul/create3_ws/install/irobot_create_nodes/lib/libkidnap_estimator_publisher_lib.so
[340.967s] -- Symlinking: /home/paul/create3_ws/install/irobot_create_nodes/include/irobot_create_nodes/hazards_vector_publisher.hpp
[340.983s] -- Symlinking: /home/paul/create3_ws/install/irobot_create_nodes/include/irobot_create_nodes/ir_intensity_vector_publisher.hpp
[341.000s] -- Symlinking: /home/paul/create3_ws/install/irobot_create_nodes/include/irobot_create_nodes/kidnap_estimator_publisher.hpp
[341.016s] -- Symlinking: /home/paul/create3_ws/install/irobot_create_nodes/include/irobot_create_nodes/mock_publisher.hpp
[341.031s] -- Symlinking: /home/paul/create3_ws/install/irobot_create_nodes/include/irobot_create_nodes/motion_control/behaviors_scheduler.hpp
[341.046s] -- Symlinking: /home/paul/create3_ws/install/irobot_create_nodes/include/irobot_create_nodes/motion_control/docking_behavior.hpp
[341.062s] -- Symlinking: /home/paul/create3_ws/install/irobot_create_nodes/include/irobot_create_nodes/motion_control/drive_goal_behaviors.hpp
[341.078s] -- Symlinking: /home/paul/create3_ws/install/irobot_create_nodes/include/irobot_create_nodes/motion_control/reflex_behavior.hpp
[341.095s] -- Symlinking: /home/paul/create3_ws/install/irobot_create_nodes/include/irobot_create_nodes/motion_control/simple_goal_controller.hpp
[341.111s] -- Symlinking: /home/paul/create3_ws/install/irobot_create_nodes/include/irobot_create_nodes/motion_control/wall_follow_behavior.hpp
[341.127s] -- Symlinking: /home/paul/create3_ws/install/irobot_create_nodes/include/irobot_create_nodes/motion_control/wall_follow_states.hpp
[341.142s] -- Symlinking: /home/paul/create3_ws/install/irobot_create_nodes/include/irobot_create_nodes/motion_control_node.hpp
[341.159s] -- Symlinking: /home/paul/create3_ws/install/irobot_create_nodes/include/irobot_create_nodes/robot_state.hpp
[341.175s] -- Symlinking: /home/paul/create3_ws/install/irobot_create_nodes/include/irobot_create_nodes/ui_mgr.hpp
[341.192s] -- Symlinking: /home/paul/create3_ws/install/irobot_create_nodes/include/irobot_create_nodes/wheels_publisher.hpp
[341.208s] -- Symlinking: /home/paul/create3_ws/install/irobot_create_nodes/share/irobot_create_nodes/environment/library_path.sh
[342.325s] -- Symlinking: /home/paul/create3_ws/install/irobot_create_nodes/share/irobot_create_nodes/environment/library_path.dsv
[347.028s] -- Symlinking: /home/paul/create3_ws/install/irobot_create_nodes/share/ament_index/resource_index/package_run_dependencies/irobot_create_nodes
[347.105s] -- Symlinking: /home/paul/create3_ws/install/irobot_create_nodes/share/ament_index/resource_index/parent_prefix_path/irobot_create_nodes
[347.131s] -- Symlinking: /home/paul/create3_ws/install/irobot_create_nodes/share/irobot_create_nodes/environment/ament_prefix_path.sh
[347.157s] -- Symlinking: /home/paul/create3_ws/install/irobot_create_nodes/share/irobot_create_nodes/environment/ament_prefix_path.dsv
[347.183s] -- Symlinking: /home/paul/create3_ws/install/irobot_create_nodes/share/irobot_create_nodes/environment/path.sh
[347.205s] -- Symlinking: /home/paul/create3_ws/install/irobot_create_nodes/share/irobot_create_nodes/environment/path.dsv
[347.230s] -- Symlinking: /home/paul/create3_ws/install/irobot_create_nodes/share/irobot_create_nodes/local_setup.bash
[347.255s] -- Symlinking: /home/paul/create3_ws/install/irobot_create_nodes/share/irobot_create_nodes/local_setup.sh
[347.279s] -- Symlinking: /home/paul/create3_ws/install/irobot_create_nodes/share/irobot_create_nodes/local_setup.zsh
[347.307s] -- Symlinking: /home/paul/create3_ws/install/irobot_create_nodes/share/irobot_create_nodes/local_setup.dsv
[347.334s] -- Symlinking: /home/paul/create3_ws/install/irobot_create_nodes/share/irobot_create_nodes/package.dsv
[347.369s] -- Symlinking: /home/paul/create3_ws/install/irobot_create_nodes/share/ament_index/resource_index/packages/irobot_create_nodes
[347.402s] -- Symlinking: /home/paul/create3_ws/install/irobot_create_nodes/share/ament_index/resource_index/rclcpp_components/irobot_create_nodes
[347.429s] -- Symlinking: /home/paul/create3_ws/install/irobot_create_nodes/share/irobot_create_nodes/cmake/ament_cmake_export_include_directories-extras.cmake
[347.457s] -- Symlinking: /home/paul/create3_ws/install/irobot_create_nodes/share/irobot_create_nodes/cmake/ament_cmake_export_libraries-extras.cmake
[347.484s] -- Symlinking: /home/paul/create3_ws/install/irobot_create_nodes/share/irobot_create_nodes/cmake/ament_cmake_export_dependencies-extras.cmake
[347.522s] -- Symlinking: /home/paul/create3_ws/install/irobot_create_nodes/share/irobot_create_nodes/cmake/irobot_create_nodesConfig.cmake
[347.549s] -- Symlinking: /home/paul/create3_ws/install/irobot_create_nodes/share/irobot_create_nodes/cmake/irobot_create_nodesConfig-version.cmake
[347.577s] -- Symlinking: /home/paul/create3_ws/install/irobot_create_nodes/share/irobot_create_nodes/package.xml
[347.617s] Invoked command in '/home/paul/create3_ws/build/irobot_create_nodes' returned '0': AMENT_PREFIX_PATH=/home/paul/create3_ws/install/irobot_create_toolbox:${AMENT_PREFIX_PATH} CMAKE_PREFIX_PATH=/home/paul/create3_ws/install/irobot_create_toolbox:/opt/ros/galactic LD_LIBRARY_PATH=/home/paul/create3_ws/install/irobot_create_toolbox/lib:${LD_LIBRARY_PATH} /usr/bin/cmake --install /home/paul/create3_ws/build/irobot_create_nodes
