[0.383s] Invoking command in '/home/paul/create3_ws/build/irobot_create_common_bringup': AMENT_PREFIX_PATH=/home/paul/create3_ws/install/irobot_create_description:/home/paul/create3_ws/install/irobot_create_control:${AMENT_PREFIX_PATH} CMAKE_PREFIX_PATH=/home/paul/create3_ws/install/irobot_create_description:/home/paul/create3_ws/install/irobot_create_control:/opt/ros/galactic /usr/bin/cmake --build /home/paul/create3_ws/build/irobot_create_common_bringup -- -j12 -l12
[0.715s] Invoked command in '/home/paul/create3_ws/build/irobot_create_common_bringup' returned '0': AMENT_PREFIX_PATH=/home/paul/create3_ws/install/irobot_create_description:/home/paul/create3_ws/install/irobot_create_control:${AMENT_PREFIX_PATH} CMAKE_PREFIX_PATH=/home/paul/create3_ws/install/irobot_create_description:/home/paul/create3_ws/install/irobot_create_control:/opt/ros/galactic /usr/bin/cmake --build /home/paul/create3_ws/build/irobot_create_common_bringup -- -j12 -l12
[1.320s] Invoking command in '/home/paul/create3_ws/build/irobot_create_common_bringup': AMENT_PREFIX_PATH=/home/paul/create3_ws/install/irobot_create_description:/home/paul/create3_ws/install/irobot_create_control:${AMENT_PREFIX_PATH} CMAKE_PREFIX_PATH=/home/paul/create3_ws/install/irobot_create_description:/home/paul/create3_ws/install/irobot_create_control:/opt/ros/galactic /usr/bin/cmake --install /home/paul/create3_ws/build/irobot_create_common_bringup
[1.328s] -- Install configuration: ""
[1.390s] -- Execute custom install script
[1.392s] -- Up-to-date symlink: /home/paul/create3_ws/install/irobot_create_common_bringup/share/irobot_create_common_bringup/config/hazard_vector_params.yaml
[1.393s] -- Up-to-date symlink: /home/paul/create3_ws/install/irobot_create_common_bringup/share/irobot_create_common_bringup/config/ir_intensity_vector_params.yaml
[1.394s] -- Up-to-date symlink: /home/paul/create3_ws/install/irobot_create_common_bringup/share/irobot_create_common_bringup/config/kidnap_estimator_params.yaml
[1.394s] -- Up-to-date symlink: /home/paul/create3_ws/install/irobot_create_common_bringup/share/irobot_create_common_bringup/config/mock_params.yaml
[1.395s] -- Up-to-date symlink: /home/paul/create3_ws/install/irobot_create_common_bringup/share/irobot_create_common_bringup/config/robot_state_params.yaml
[1.396s] -- Up-to-date symlink: /home/paul/create3_ws/install/irobot_create_common_bringup/share/irobot_create_common_bringup/config/ui_mgr_params.yaml
[1.397s] -- Up-to-date symlink: /home/paul/create3_ws/install/irobot_create_common_bringup/share/irobot_create_common_bringup/config/wheel_status_params.yaml
[1.397s] -- Up-to-date symlink: /home/paul/create3_ws/install/irobot_create_common_bringup/share/irobot_create_common_bringup/launch/create3_nodes.launch.py
[1.397s] -- Up-to-date symlink: /home/paul/create3_ws/install/irobot_create_common_bringup/share/irobot_create_common_bringup/launch/dock_description.launch.py
[1.397s] -- Up-to-date symlink: /home/paul/create3_ws/install/irobot_create_common_bringup/share/irobot_create_common_bringup/launch/robot_description.launch.py
[1.397s] -- Up-to-date symlink: /home/paul/create3_ws/install/irobot_create_common_bringup/share/irobot_create_common_bringup/launch/rviz2.launch.py
[1.398s] -- Up-to-date symlink: /home/paul/create3_ws/install/irobot_create_common_bringup/share/irobot_create_common_bringup/rviz/irobot_create_view.rviz
[1.398s] -- Up-to-date symlink: /home/paul/create3_ws/install/irobot_create_common_bringup/share/irobot_create_common_bringup/rviz/irobot_logo.jpg
[1.398s] -- Up-to-date symlink: /home/paul/create3_ws/install/irobot_create_common_bringup/share/ament_index/resource_index/package_run_dependencies/irobot_create_common_bringup
[1.399s] -- Up-to-date symlink: /home/paul/create3_ws/install/irobot_create_common_bringup/share/ament_index/resource_index/parent_prefix_path/irobot_create_common_bringup
[1.399s] -- Up-to-date symlink: /home/paul/create3_ws/install/irobot_create_common_bringup/share/irobot_create_common_bringup/environment/ament_prefix_path.sh
[1.399s] -- Up-to-date symlink: /home/paul/create3_ws/install/irobot_create_common_bringup/share/irobot_create_common_bringup/environment/ament_prefix_path.dsv
[1.399s] -- Up-to-date symlink: /home/paul/create3_ws/install/irobot_create_common_bringup/share/irobot_create_common_bringup/environment/path.sh
[1.399s] -- Up-to-date symlink: /home/paul/create3_ws/install/irobot_create_common_bringup/share/irobot_create_common_bringup/environment/path.dsv
[1.400s] -- Up-to-date symlink: /home/paul/create3_ws/install/irobot_create_common_bringup/share/irobot_create_common_bringup/local_setup.bash
[1.400s] -- Up-to-date symlink: /home/paul/create3_ws/install/irobot_create_common_bringup/share/irobot_create_common_bringup/local_setup.sh
[1.400s] -- Up-to-date symlink: /home/paul/create3_ws/install/irobot_create_common_bringup/share/irobot_create_common_bringup/local_setup.zsh
[1.400s] -- Up-to-date symlink: /home/paul/create3_ws/install/irobot_create_common_bringup/share/irobot_create_common_bringup/local_setup.dsv
[1.401s] -- Symlinking: /home/paul/create3_ws/install/irobot_create_common_bringup/share/irobot_create_common_bringup/package.dsv
[1.411s] -- Up-to-date symlink: /home/paul/create3_ws/install/irobot_create_common_bringup/share/ament_index/resource_index/packages/irobot_create_common_bringup
[1.411s] -- Up-to-date symlink: /home/paul/create3_ws/install/irobot_create_common_bringup/share/irobot_create_common_bringup/cmake/irobot_create_common_bringupConfig.cmake
[1.411s] -- Up-to-date symlink: /home/paul/create3_ws/install/irobot_create_common_bringup/share/irobot_create_common_bringup/cmake/irobot_create_common_bringupConfig-version.cmake
[1.411s] -- Up-to-date symlink: /home/paul/create3_ws/install/irobot_create_common_bringup/share/irobot_create_common_bringup/package.xml
[1.425s] Invoked command in '/home/paul/create3_ws/build/irobot_create_common_bringup' returned '0': AMENT_PREFIX_PATH=/home/paul/create3_ws/install/irobot_create_description:/home/paul/create3_ws/install/irobot_create_control:${AMENT_PREFIX_PATH} CMAKE_PREFIX_PATH=/home/paul/create3_ws/install/irobot_create_description:/home/paul/create3_ws/install/irobot_create_control:/opt/ros/galactic /usr/bin/cmake --install /home/paul/create3_ws/build/irobot_create_common_bringup
