[0.049s] Invoking command in '/home/paul/create3_ws/build/irobot_create_gazebo_plugins': CMAKE_PREFIX_PATH=/home/paul/create3_ws/install/irobot_create_toolbox:/home/paul/create3_ws/install/irobot_create_nodes:/home/paul/create3_ws/install/irobot_create_ignition_sim:/home/paul/create3_ws/install/irobot_create_ignition_bringup:/home/paul/create3_ws/install/irobot_create_ignition_toolbox:/home/paul/create3_ws/install/irobot_create_gazebo_sim:/home/paul/create3_ws/install/irobot_create_gazebo_bringup:/home/paul/create3_ws/install/irobot_create_gazebo_plugins:/home/paul/create3_ws/install/irobot_create_ignition_plugins:/home/paul/create3_ws/install/irobot_create_common_bringup:/home/paul/create3_ws/install/irobot_create_description:/home/paul/create3_ws/install/irobot_create_control:/opt/ros/galactic LD_LIBRARY_PATH=/home/paul/create3_ws/install/irobot_create_toolbox/lib:/home/paul/create3_ws/install/irobot_create_nodes/lib:/home/paul/create3_ws/install/irobot_create_ignition_toolbox/lib:/home/paul/create3_ws/install/irobot_create_gazebo_plugins/lib:/usr/lib/x86_64-linux-gnu/gazebo-11/plugins:/opt/ros/galactic/opt/yaml_cpp_vendor/lib:/opt/ros/galactic/opt/rviz_ogre_vendor/lib:/opt/ros/galactic/lib/x86_64-linux-gnu:/opt/ros/galactic/lib /usr/bin/cmake --build /home/paul/create3_ws/build/irobot_create_gazebo_plugins -- -j12 -l12
[0.139s] [ 10%] Built target gazebo_ros_create_helpers
[0.241s] [ 20%] Built target gazebo_ros_create_docking_status
[0.241s] [ 30%] Built target docking_manager
[0.261s] [ 40%] Built target gazebo_ros_create_cliff_sensor
[0.263s] [ 50%] Built target gazebo_ros_create_ir_intensity_sensor
[0.288s] [ 60%] Built target gazebo_ros_create_optical_mouse
[0.297s] [ 70%] Built target gazebo_ros_create_bumper
[0.301s] [ 80%] Built target gazebo_ros_create_imu
[0.319s] [ 90%] Built target gazebo_ros_create_wheel_drop
[0.363s] [100%] Built target gazebo_ros_create_ir_opcode
[0.382s] Invoked command in '/home/paul/create3_ws/build/irobot_create_gazebo_plugins' returned '0': CMAKE_PREFIX_PATH=/home/paul/create3_ws/install/irobot_create_toolbox:/home/paul/create3_ws/install/irobot_create_nodes:/home/paul/create3_ws/install/irobot_create_ignition_sim:/home/paul/create3_ws/install/irobot_create_ignition_bringup:/home/paul/create3_ws/install/irobot_create_ignition_toolbox:/home/paul/create3_ws/install/irobot_create_gazebo_sim:/home/paul/create3_ws/install/irobot_create_gazebo_bringup:/home/paul/create3_ws/install/irobot_create_gazebo_plugins:/home/paul/create3_ws/install/irobot_create_ignition_plugins:/home/paul/create3_ws/install/irobot_create_common_bringup:/home/paul/create3_ws/install/irobot_create_description:/home/paul/create3_ws/install/irobot_create_control:/opt/ros/galactic LD_LIBRARY_PATH=/home/paul/create3_ws/install/irobot_create_toolbox/lib:/home/paul/create3_ws/install/irobot_create_nodes/lib:/home/paul/create3_ws/install/irobot_create_ignition_toolbox/lib:/home/paul/create3_ws/install/irobot_create_gazebo_plugins/lib:/usr/lib/x86_64-linux-gnu/gazebo-11/plugins:/opt/ros/galactic/opt/yaml_cpp_vendor/lib:/opt/ros/galactic/opt/rviz_ogre_vendor/lib:/opt/ros/galactic/lib/x86_64-linux-gnu:/opt/ros/galactic/lib /usr/bin/cmake --build /home/paul/create3_ws/build/irobot_create_gazebo_plugins -- -j12 -l12
[0.434s] Invoking command in '/home/paul/create3_ws/build/irobot_create_gazebo_plugins': CMAKE_PREFIX_PATH=/home/paul/create3_ws/install/irobot_create_toolbox:/home/paul/create3_ws/install/irobot_create_nodes:/home/paul/create3_ws/install/irobot_create_ignition_sim:/home/paul/create3_ws/install/irobot_create_ignition_bringup:/home/paul/create3_ws/install/irobot_create_ignition_toolbox:/home/paul/create3_ws/install/irobot_create_gazebo_sim:/home/paul/create3_ws/install/irobot_create_gazebo_bringup:/home/paul/create3_ws/install/irobot_create_gazebo_plugins:/home/paul/create3_ws/install/irobot_create_ignition_plugins:/home/paul/create3_ws/install/irobot_create_common_bringup:/home/paul/create3_ws/install/irobot_create_description:/home/paul/create3_ws/install/irobot_create_control:/opt/ros/galactic LD_LIBRARY_PATH=/home/paul/create3_ws/install/irobot_create_toolbox/lib:/home/paul/create3_ws/install/irobot_create_nodes/lib:/home/paul/create3_ws/install/irobot_create_ignition_toolbox/lib:/home/paul/create3_ws/install/irobot_create_gazebo_plugins/lib:/usr/lib/x86_64-linux-gnu/gazebo-11/plugins:/opt/ros/galactic/opt/yaml_cpp_vendor/lib:/opt/ros/galactic/opt/rviz_ogre_vendor/lib:/opt/ros/galactic/lib/x86_64-linux-gnu:/opt/ros/galactic/lib /usr/bin/cmake --install /home/paul/create3_ws/build/irobot_create_gazebo_plugins
[0.444s] -- Install configuration: ""
[0.444s] -- Execute custom install script
[0.444s] -- Up-to-date symlink: /home/paul/create3_ws/install/irobot_create_gazebo_plugins/share/irobot_create_gazebo_plugins/environment/library_path.sh
[0.445s] -- Up-to-date symlink: /home/paul/create3_ws/install/irobot_create_gazebo_plugins/share/irobot_create_gazebo_plugins/environment/library_path.dsv
[0.445s] -- Up-to-date symlink: /home/paul/create3_ws/install/irobot_create_gazebo_plugins/include/irobot_create_gazebo_plugins/docking_manager.hpp
[0.445s] -- Up-to-date symlink: /home/paul/create3_ws/install/irobot_create_gazebo_plugins/include/irobot_create_gazebo_plugins/gazebo_ros_bumper.hpp
[0.446s] -- Up-to-date symlink: /home/paul/create3_ws/install/irobot_create_gazebo_plugins/include/irobot_create_gazebo_plugins/gazebo_ros_cliff_sensor.hpp
[0.446s] -- Up-to-date symlink: /home/paul/create3_ws/install/irobot_create_gazebo_plugins/include/irobot_create_gazebo_plugins/gazebo_ros_docking_status.hpp
[0.446s] -- Up-to-date symlink: /home/paul/create3_ws/install/irobot_create_gazebo_plugins/include/irobot_create_gazebo_plugins/gazebo_ros_helpers.hpp
[0.447s] -- Up-to-date symlink: /home/paul/create3_ws/install/irobot_create_gazebo_plugins/include/irobot_create_gazebo_plugins/gazebo_ros_imu.hpp
[0.447s] -- Up-to-date symlink: /home/paul/create3_ws/install/irobot_create_gazebo_plugins/include/irobot_create_gazebo_plugins/gazebo_ros_ir_intensity_sensor.hpp
[0.447s] -- Up-to-date symlink: /home/paul/create3_ws/install/irobot_create_gazebo_plugins/include/irobot_create_gazebo_plugins/gazebo_ros_ir_opcode.hpp
[0.447s] -- Up-to-date symlink: /home/paul/create3_ws/install/irobot_create_gazebo_plugins/include/irobot_create_gazebo_plugins/gazebo_ros_optical_mouse.hpp
[0.447s] -- Up-to-date symlink: /home/paul/create3_ws/install/irobot_create_gazebo_plugins/include/irobot_create_gazebo_plugins/gazebo_ros_wheel_drop.hpp
[0.448s] -- Up-to-date symlink: /home/paul/create3_ws/install/irobot_create_gazebo_plugins/lib/libgazebo_ros_create_bumper.so
[0.448s] -- Up-to-date symlink: /home/paul/create3_ws/install/irobot_create_gazebo_plugins/lib/libgazebo_ros_create_cliff_sensor.so
[0.448s] -- Up-to-date symlink: /home/paul/create3_ws/install/irobot_create_gazebo_plugins/lib/libgazebo_ros_create_docking_status.so
[0.448s] -- Up-to-date symlink: /home/paul/create3_ws/install/irobot_create_gazebo_plugins/lib/libgazebo_ros_create_helpers.so
[0.449s] -- Up-to-date symlink: /home/paul/create3_ws/install/irobot_create_gazebo_plugins/lib/libgazebo_ros_create_imu.so
[0.449s] -- Up-to-date symlink: /home/paul/create3_ws/install/irobot_create_gazebo_plugins/lib/libgazebo_ros_create_ir_intensity_sensor.so
[0.449s] -- Up-to-date symlink: /home/paul/create3_ws/install/irobot_create_gazebo_plugins/lib/libgazebo_ros_create_optical_mouse.so
[0.449s] -- Up-to-date symlink: /home/paul/create3_ws/install/irobot_create_gazebo_plugins/lib/libgazebo_ros_create_ir_opcode.so
[0.450s] -- Up-to-date symlink: /home/paul/create3_ws/install/irobot_create_gazebo_plugins/lib/libdocking_manager.so
[0.450s] -- Up-to-date symlink: /home/paul/create3_ws/install/irobot_create_gazebo_plugins/lib/libgazebo_ros_create_wheel_drop.so
[0.450s] -- Up-to-date symlink: /home/paul/create3_ws/install/irobot_create_gazebo_plugins/share/ament_index/resource_index/package_run_dependencies/irobot_create_gazebo_plugins
[0.450s] -- Up-to-date symlink: /home/paul/create3_ws/install/irobot_create_gazebo_plugins/share/ament_index/resource_index/parent_prefix_path/irobot_create_gazebo_plugins
[0.451s] -- Up-to-date symlink: /home/paul/create3_ws/install/irobot_create_gazebo_plugins/share/irobot_create_gazebo_plugins/environment/ament_prefix_path.sh
[0.451s] -- Up-to-date symlink: /home/paul/create3_ws/install/irobot_create_gazebo_plugins/share/irobot_create_gazebo_plugins/environment/ament_prefix_path.dsv
[0.451s] -- Up-to-date symlink: /home/paul/create3_ws/install/irobot_create_gazebo_plugins/share/irobot_create_gazebo_plugins/environment/path.sh
[0.451s] -- Up-to-date symlink: /home/paul/create3_ws/install/irobot_create_gazebo_plugins/share/irobot_create_gazebo_plugins/environment/path.dsv
[0.452s] -- Up-to-date symlink: /home/paul/create3_ws/install/irobot_create_gazebo_plugins/share/irobot_create_gazebo_plugins/local_setup.bash
[0.452s] -- Up-to-date symlink: /home/paul/create3_ws/install/irobot_create_gazebo_plugins/share/irobot_create_gazebo_plugins/local_setup.sh
[0.452s] -- Up-to-date symlink: /home/paul/create3_ws/install/irobot_create_gazebo_plugins/share/irobot_create_gazebo_plugins/local_setup.zsh
[0.452s] -- Up-to-date symlink: /home/paul/create3_ws/install/irobot_create_gazebo_plugins/share/irobot_create_gazebo_plugins/local_setup.dsv
[0.453s] -- Symlinking: /home/paul/create3_ws/install/irobot_create_gazebo_plugins/share/irobot_create_gazebo_plugins/package.dsv
[0.464s] -- Up-to-date symlink: /home/paul/create3_ws/install/irobot_create_gazebo_plugins/share/ament_index/resource_index/packages/irobot_create_gazebo_plugins
[0.464s] -- Up-to-date symlink: /home/paul/create3_ws/install/irobot_create_gazebo_plugins/share/irobot_create_gazebo_plugins/cmake/ament_cmake_export_libraries-extras.cmake
[0.464s] -- Up-to-date symlink: /home/paul/create3_ws/install/irobot_create_gazebo_plugins/share/irobot_create_gazebo_plugins/cmake/ament_cmake_export_include_directories-extras.cmake
[0.464s] -- Up-to-date symlink: /home/paul/create3_ws/install/irobot_create_gazebo_plugins/share/irobot_create_gazebo_plugins/cmake/ament_cmake_export_dependencies-extras.cmake
[0.465s] -- Up-to-date symlink: /home/paul/create3_ws/install/irobot_create_gazebo_plugins/share/irobot_create_gazebo_plugins/cmake/irobot_create_gazebo_pluginsConfig.cmake
[0.465s] -- Up-to-date symlink: /home/paul/create3_ws/install/irobot_create_gazebo_plugins/share/irobot_create_gazebo_plugins/cmake/irobot_create_gazebo_pluginsConfig-version.cmake
[0.465s] -- Up-to-date symlink: /home/paul/create3_ws/install/irobot_create_gazebo_plugins/share/irobot_create_gazebo_plugins/package.xml
[0.488s] Invoked command in '/home/paul/create3_ws/build/irobot_create_gazebo_plugins' returned '0': CMAKE_PREFIX_PATH=/home/paul/create3_ws/install/irobot_create_toolbox:/home/paul/create3_ws/install/irobot_create_nodes:/home/paul/create3_ws/install/irobot_create_ignition_sim:/home/paul/create3_ws/install/irobot_create_ignition_bringup:/home/paul/create3_ws/install/irobot_create_ignition_toolbox:/home/paul/create3_ws/install/irobot_create_gazebo_sim:/home/paul/create3_ws/install/irobot_create_gazebo_bringup:/home/paul/create3_ws/install/irobot_create_gazebo_plugins:/home/paul/create3_ws/install/irobot_create_ignition_plugins:/home/paul/create3_ws/install/irobot_create_common_bringup:/home/paul/create3_ws/install/irobot_create_description:/home/paul/create3_ws/install/irobot_create_control:/opt/ros/galactic LD_LIBRARY_PATH=/home/paul/create3_ws/install/irobot_create_toolbox/lib:/home/paul/create3_ws/install/irobot_create_nodes/lib:/home/paul/create3_ws/install/irobot_create_ignition_toolbox/lib:/home/paul/create3_ws/install/irobot_create_gazebo_plugins/lib:/usr/lib/x86_64-linux-gnu/gazebo-11/plugins:/opt/ros/galactic/opt/yaml_cpp_vendor/lib:/opt/ros/galactic/opt/rviz_ogre_vendor/lib:/opt/ros/galactic/lib/x86_64-linux-gnu:/opt/ros/galactic/lib /usr/bin/cmake --install /home/paul/create3_ws/build/irobot_create_gazebo_plugins
