[0.168s] Invoking command in '/home/paul/create3_ws/build/irobot_create_toolbox': CMAKE_PREFIX_PATH=/opt/ros/galactic /usr/bin/cmake --build /home/paul/create3_ws/build/irobot_create_toolbox -- -j12 -l12
[1.519s] [100%] Built target irobot_create_toolbox
[1.545s] Invoked command in '/home/paul/create3_ws/build/irobot_create_toolbox' returned '0': CMAKE_PREFIX_PATH=/opt/ros/galactic /usr/bin/cmake --build /home/paul/create3_ws/build/irobot_create_toolbox -- -j12 -l12
[1.586s] Invoking command in '/home/paul/create3_ws/build/irobot_create_toolbox': CMAKE_PREFIX_PATH=/opt/ros/galactic /usr/bin/cmake --install /home/paul/create3_ws/build/irobot_create_toolbox
[1.598s] -- Install configuration: ""
[1.620s] -- Execute custom install script
[1.625s] -- Up-to-date symlink: /home/paul/create3_ws/install/irobot_create_toolbox/lib/libirobot_create_toolbox.so
[1.628s] -- Up-to-date symlink: /home/paul/create3_ws/install/irobot_create_toolbox/include/irobot_create_toolbox/math.hpp
[1.629s] -- Up-to-date symlink: /home/paul/create3_ws/install/irobot_create_toolbox/include/irobot_create_toolbox/polar_coordinates.hpp
[1.630s] -- Up-to-date symlink: /home/paul/create3_ws/install/irobot_create_toolbox/include/irobot_create_toolbox/sensors/bumpers.hpp
[1.631s] -- Up-to-date symlink: /home/paul/create3_ws/install/irobot_create_toolbox/share/irobot_create_toolbox/environment/library_path.sh
[1.633s] -- Up-to-date symlink: /home/paul/create3_ws/install/irobot_create_toolbox/share/irobot_create_toolbox/environment/library_path.dsv
[1.634s] -- Up-to-date symlink: /home/paul/create3_ws/install/irobot_create_toolbox/share/ament_index/resource_index/package_run_dependencies/irobot_create_toolbox
[1.636s] -- Up-to-date symlink: /home/paul/create3_ws/install/irobot_create_toolbox/share/ament_index/resource_index/parent_prefix_path/irobot_create_toolbox
[1.638s] -- Up-to-date symlink: /home/paul/create3_ws/install/irobot_create_toolbox/share/irobot_create_toolbox/environment/ament_prefix_path.sh
[1.639s] -- Up-to-date symlink: /home/paul/create3_ws/install/irobot_create_toolbox/share/irobot_create_toolbox/environment/ament_prefix_path.dsv
[1.641s] -- Up-to-date symlink: /home/paul/create3_ws/install/irobot_create_toolbox/share/irobot_create_toolbox/environment/path.sh
[1.642s] -- Up-to-date symlink: /home/paul/create3_ws/install/irobot_create_toolbox/share/irobot_create_toolbox/environment/path.dsv
[1.644s] -- Up-to-date symlink: /home/paul/create3_ws/install/irobot_create_toolbox/share/irobot_create_toolbox/local_setup.bash
[1.645s] -- Up-to-date symlink: /home/paul/create3_ws/install/irobot_create_toolbox/share/irobot_create_toolbox/local_setup.sh
[1.646s] -- Up-to-date symlink: /home/paul/create3_ws/install/irobot_create_toolbox/share/irobot_create_toolbox/local_setup.zsh
[1.648s] -- Up-to-date symlink: /home/paul/create3_ws/install/irobot_create_toolbox/share/irobot_create_toolbox/local_setup.dsv
[1.648s] -- Symlinking: /home/paul/create3_ws/install/irobot_create_toolbox/share/irobot_create_toolbox/package.dsv
[1.665s] -- Up-to-date symlink: /home/paul/create3_ws/install/irobot_create_toolbox/share/ament_index/resource_index/packages/irobot_create_toolbox
[1.666s] -- Up-to-date symlink: /home/paul/create3_ws/install/irobot_create_toolbox/share/irobot_create_toolbox/cmake/ament_cmake_export_include_directories-extras.cmake
[1.666s] -- Up-to-date symlink: /home/paul/create3_ws/install/irobot_create_toolbox/share/irobot_create_toolbox/cmake/ament_cmake_export_libraries-extras.cmake
[1.667s] -- Up-to-date symlink: /home/paul/create3_ws/install/irobot_create_toolbox/share/irobot_create_toolbox/cmake/ament_cmake_export_dependencies-extras.cmake
[1.667s] -- Up-to-date symlink: /home/paul/create3_ws/install/irobot_create_toolbox/share/irobot_create_toolbox/cmake/irobot_create_toolboxConfig.cmake
[1.668s] -- Up-to-date symlink: /home/paul/create3_ws/install/irobot_create_toolbox/share/irobot_create_toolbox/cmake/irobot_create_toolboxConfig-version.cmake
[1.668s] -- Up-to-date symlink: /home/paul/create3_ws/install/irobot_create_toolbox/share/irobot_create_toolbox/package.xml
[1.674s] Invoked command in '/home/paul/create3_ws/build/irobot_create_toolbox' returned '0': CMAKE_PREFIX_PATH=/opt/ros/galactic /usr/bin/cmake --install /home/paul/create3_ws/build/irobot_create_toolbox
