[0.060s] Invoking command in '/home/paul/create3_ws/build/irobot_create_nodes': CMAKE_PREFIX_PATH=/home/paul/create3_ws/install/irobot_create_toolbox:/opt/ros/galactic:/home/paul/create3_ws/install/svg_drive_goals:/home/paul/create3_ws/install/irobot_create_nodes:/home/paul/create3_ws/install/irobot_create_ignition_sim:/home/paul/create3_ws/install/irobot_create_ignition_bringup:/home/paul/create3_ws/install/irobot_create_ignition_toolbox:/home/paul/create3_ws/install/irobot_create_gazebo_sim:/home/paul/create3_ws/install/irobot_create_gazebo_bringup:/home/paul/create3_ws/install/irobot_create_gazebo_plugins:/home/paul/create3_ws/install/irobot_create_ignition_plugins:/home/paul/create3_ws/install/irobot_create_common_bringup:/home/paul/create3_ws/install/irobot_create_description:/home/paul/create3_ws/install/irobot_create_control LD_LIBRARY_PATH=/home/paul/create3_ws/install/irobot_create_toolbox/lib:/home/paul/create3_ws/install/irobot_create_nodes/lib:/home/paul/create3_ws/install/irobot_create_ignition_toolbox/lib:/home/paul/create3_ws/install/irobot_create_gazebo_plugins/lib:/usr/lib/x86_64-linux-gnu/gazebo-11/plugins:/opt/ros/galactic/opt/yaml_cpp_vendor/lib:/opt/ros/galactic/opt/rviz_ogre_vendor/lib:/opt/ros/galactic/lib/x86_64-linux-gnu:/opt/ros/galactic/lib /usr/bin/cmake --build /home/paul/create3_ws/build/irobot_create_nodes -- -j12 -l12
[0.220s] [  5%] Built target kidnap_estimator_publisher
[0.220s] [ 10%] Built target mock_publisher
[0.224s] [ 16%] Built target kidnap_estimator_publisher_lib
[0.225s] [ 21%] Built target mock_publisher_lib
[0.234s] [ 37%] Built target wheel_status_publisher_lib
[0.234s] [ 37%] Built target ir_intensity_publisher_lib
[0.235s] [ 37%] Built target ui_mgr
[0.236s] [ 43%] Built target hazard_publisher_lib
[0.250s] [ 48%] Built target hazards_vector_publisher
[0.307s] [ 64%] Built target robot_state
[0.307s] [ 64%] Built target wheel_status_publisher
[0.307s] [ 64%] Built target ir_intensity_vector_publisher
[0.307s] [ 70%] Built target motion_control
[0.316s] [ 75%] Built target ui_mgr_lib
[0.317s] [ 81%] Built target robot_state_lib
[0.321s] [100%] Built target motion_control_lib
[0.341s] Invoked command in '/home/paul/create3_ws/build/irobot_create_nodes' returned '0': CMAKE_PREFIX_PATH=/home/paul/create3_ws/install/irobot_create_toolbox:/opt/ros/galactic:/home/paul/create3_ws/install/svg_drive_goals:/home/paul/create3_ws/install/irobot_create_nodes:/home/paul/create3_ws/install/irobot_create_ignition_sim:/home/paul/create3_ws/install/irobot_create_ignition_bringup:/home/paul/create3_ws/install/irobot_create_ignition_toolbox:/home/paul/create3_ws/install/irobot_create_gazebo_sim:/home/paul/create3_ws/install/irobot_create_gazebo_bringup:/home/paul/create3_ws/install/irobot_create_gazebo_plugins:/home/paul/create3_ws/install/irobot_create_ignition_plugins:/home/paul/create3_ws/install/irobot_create_common_bringup:/home/paul/create3_ws/install/irobot_create_description:/home/paul/create3_ws/install/irobot_create_control LD_LIBRARY_PATH=/home/paul/create3_ws/install/irobot_create_toolbox/lib:/home/paul/create3_ws/install/irobot_create_nodes/lib:/home/paul/create3_ws/install/irobot_create_ignition_toolbox/lib:/home/paul/create3_ws/install/irobot_create_gazebo_plugins/lib:/usr/lib/x86_64-linux-gnu/gazebo-11/plugins:/opt/ros/galactic/opt/yaml_cpp_vendor/lib:/opt/ros/galactic/opt/rviz_ogre_vendor/lib:/opt/ros/galactic/lib/x86_64-linux-gnu:/opt/ros/galactic/lib /usr/bin/cmake --build /home/paul/create3_ws/build/irobot_create_nodes -- -j12 -l12
[0.416s] Invoking command in '/home/paul/create3_ws/build/irobot_create_nodes': CMAKE_PREFIX_PATH=/home/paul/create3_ws/install/irobot_create_toolbox:/opt/ros/galactic:/home/paul/create3_ws/install/svg_drive_goals:/home/paul/create3_ws/install/irobot_create_nodes:/home/paul/create3_ws/install/irobot_create_ignition_sim:/home/paul/create3_ws/install/irobot_create_ignition_bringup:/home/paul/create3_ws/install/irobot_create_ignition_toolbox:/home/paul/create3_ws/install/irobot_create_gazebo_sim:/home/paul/create3_ws/install/irobot_create_gazebo_bringup:/home/paul/create3_ws/install/irobot_create_gazebo_plugins:/home/paul/create3_ws/install/irobot_create_ignition_plugins:/home/paul/create3_ws/install/irobot_create_common_bringup:/home/paul/create3_ws/install/irobot_create_description:/home/paul/create3_ws/install/irobot_create_control LD_LIBRARY_PATH=/home/paul/create3_ws/install/irobot_create_toolbox/lib:/home/paul/create3_ws/install/irobot_create_nodes/lib:/home/paul/create3_ws/install/irobot_create_ignition_toolbox/lib:/home/paul/create3_ws/install/irobot_create_gazebo_plugins/lib:/usr/lib/x86_64-linux-gnu/gazebo-11/plugins:/opt/ros/galactic/opt/yaml_cpp_vendor/lib:/opt/ros/galactic/opt/rviz_ogre_vendor/lib:/opt/ros/galactic/lib/x86_64-linux-gnu:/opt/ros/galactic/lib /usr/bin/cmake --install /home/paul/create3_ws/build/irobot_create_nodes
[0.428s] -- Install configuration: ""
[0.428s] -- Execute custom install script
[0.429s] -- Up-to-date symlink: /home/paul/create3_ws/install/irobot_create_nodes/lib/irobot_create_nodes/hazards_vector_publisher
[0.430s] -- Up-to-date symlink: /home/paul/create3_ws/install/irobot_create_nodes/lib/irobot_create_nodes/ir_intensity_vector_publisher
[0.431s] -- Up-to-date symlink: /home/paul/create3_ws/install/irobot_create_nodes/lib/irobot_create_nodes/motion_control
[0.431s] -- Up-to-date symlink: /home/paul/create3_ws/install/irobot_create_nodes/lib/irobot_create_nodes/wheel_status_publisher
[0.431s] -- Up-to-date symlink: /home/paul/create3_ws/install/irobot_create_nodes/lib/irobot_create_nodes/robot_state
[0.432s] -- Up-to-date symlink: /home/paul/create3_ws/install/irobot_create_nodes/lib/irobot_create_nodes/ui_mgr
[0.433s] -- Up-to-date symlink: /home/paul/create3_ws/install/irobot_create_nodes/lib/irobot_create_nodes/mock_publisher
[0.433s] -- Up-to-date symlink: /home/paul/create3_ws/install/irobot_create_nodes/lib/irobot_create_nodes/kidnap_estimator_publisher
[0.434s] -- Up-to-date symlink: /home/paul/create3_ws/install/irobot_create_nodes/lib/libhazard_publisher_lib.so
[0.434s] -- Up-to-date symlink: /home/paul/create3_ws/install/irobot_create_nodes/lib/libir_intensity_publisher_lib.so
[0.434s] -- Up-to-date symlink: /home/paul/create3_ws/install/irobot_create_nodes/lib/libmotion_control_lib.so
[0.435s] -- Up-to-date symlink: /home/paul/create3_ws/install/irobot_create_nodes/lib/libwheel_status_publisher_lib.so
[0.435s] -- Up-to-date symlink: /home/paul/create3_ws/install/irobot_create_nodes/lib/librobot_state_lib.so
[0.435s] -- Up-to-date symlink: /home/paul/create3_ws/install/irobot_create_nodes/lib/libui_mgr_lib.so
[0.435s] -- Up-to-date symlink: /home/paul/create3_ws/install/irobot_create_nodes/lib/libmock_publisher_lib.so
[0.435s] -- Up-to-date symlink: /home/paul/create3_ws/install/irobot_create_nodes/lib/libkidnap_estimator_publisher_lib.so
[0.436s] -- Up-to-date symlink: /home/paul/create3_ws/install/irobot_create_nodes/include/irobot_create_nodes/hazards_vector_publisher.hpp
[0.436s] -- Up-to-date symlink: /home/paul/create3_ws/install/irobot_create_nodes/include/irobot_create_nodes/ir_intensity_vector_publisher.hpp
[0.437s] -- Up-to-date symlink: /home/paul/create3_ws/install/irobot_create_nodes/include/irobot_create_nodes/kidnap_estimator_publisher.hpp
[0.437s] -- Up-to-date symlink: /home/paul/create3_ws/install/irobot_create_nodes/include/irobot_create_nodes/mock_publisher.hpp
[0.437s] -- Up-to-date symlink: /home/paul/create3_ws/install/irobot_create_nodes/include/irobot_create_nodes/motion_control/behaviors_scheduler.hpp
[0.437s] -- Up-to-date symlink: /home/paul/create3_ws/install/irobot_create_nodes/include/irobot_create_nodes/motion_control/docking_behavior.hpp
[0.438s] -- Up-to-date symlink: /home/paul/create3_ws/install/irobot_create_nodes/include/irobot_create_nodes/motion_control/drive_goal_behaviors.hpp
[0.438s] -- Up-to-date symlink: /home/paul/create3_ws/install/irobot_create_nodes/include/irobot_create_nodes/motion_control/reflex_behavior.hpp
[0.443s] -- Up-to-date symlink: /home/paul/create3_ws/install/irobot_create_nodes/include/irobot_create_nodes/motion_control/simple_goal_controller.hpp
[0.443s] -- Up-to-date symlink: /home/paul/create3_ws/install/irobot_create_nodes/include/irobot_create_nodes/motion_control/wall_follow_behavior.hpp
[0.444s] -- Up-to-date symlink: /home/paul/create3_ws/install/irobot_create_nodes/include/irobot_create_nodes/motion_control/wall_follow_states.hpp
[0.444s] -- Up-to-date symlink: /home/paul/create3_ws/install/irobot_create_nodes/include/irobot_create_nodes/motion_control_node.hpp
[0.444s] -- Up-to-date symlink: /home/paul/create3_ws/install/irobot_create_nodes/include/irobot_create_nodes/robot_state.hpp
[0.444s] -- Up-to-date symlink: /home/paul/create3_ws/install/irobot_create_nodes/include/irobot_create_nodes/ui_mgr.hpp
[0.444s] -- Up-to-date symlink: /home/paul/create3_ws/install/irobot_create_nodes/include/irobot_create_nodes/wheels_publisher.hpp
[0.444s] -- Up-to-date symlink: /home/paul/create3_ws/install/irobot_create_nodes/share/irobot_create_nodes/environment/library_path.sh
[0.444s] -- Up-to-date symlink: /home/paul/create3_ws/install/irobot_create_nodes/share/irobot_create_nodes/environment/library_path.dsv
[0.444s] -- Up-to-date symlink: /home/paul/create3_ws/install/irobot_create_nodes/share/ament_index/resource_index/package_run_dependencies/irobot_create_nodes
[0.445s] -- Up-to-date symlink: /home/paul/create3_ws/install/irobot_create_nodes/share/ament_index/resource_index/parent_prefix_path/irobot_create_nodes
[0.446s] -- Up-to-date symlink: /home/paul/create3_ws/install/irobot_create_nodes/share/irobot_create_nodes/environment/ament_prefix_path.sh
[0.446s] -- Up-to-date symlink: /home/paul/create3_ws/install/irobot_create_nodes/share/irobot_create_nodes/environment/ament_prefix_path.dsv
[0.446s] -- Up-to-date symlink: /home/paul/create3_ws/install/irobot_create_nodes/share/irobot_create_nodes/environment/path.sh
[0.446s] -- Up-to-date symlink: /home/paul/create3_ws/install/irobot_create_nodes/share/irobot_create_nodes/environment/path.dsv
[0.446s] -- Up-to-date symlink: /home/paul/create3_ws/install/irobot_create_nodes/share/irobot_create_nodes/local_setup.bash
[0.447s] -- Up-to-date symlink: /home/paul/create3_ws/install/irobot_create_nodes/share/irobot_create_nodes/local_setup.sh
[0.447s] -- Up-to-date symlink: /home/paul/create3_ws/install/irobot_create_nodes/share/irobot_create_nodes/local_setup.zsh
[0.447s] -- Up-to-date symlink: /home/paul/create3_ws/install/irobot_create_nodes/share/irobot_create_nodes/local_setup.dsv
[0.449s] -- Symlinking: /home/paul/create3_ws/install/irobot_create_nodes/share/irobot_create_nodes/package.dsv
[0.459s] -- Up-to-date symlink: /home/paul/create3_ws/install/irobot_create_nodes/share/ament_index/resource_index/packages/irobot_create_nodes
[0.460s] -- Up-to-date symlink: /home/paul/create3_ws/install/irobot_create_nodes/share/ament_index/resource_index/rclcpp_components/irobot_create_nodes
[0.460s] -- Up-to-date symlink: /home/paul/create3_ws/install/irobot_create_nodes/share/irobot_create_nodes/cmake/ament_cmake_export_include_directories-extras.cmake
[0.461s] -- Up-to-date symlink: /home/paul/create3_ws/install/irobot_create_nodes/share/irobot_create_nodes/cmake/ament_cmake_export_libraries-extras.cmake
[0.461s] -- Up-to-date symlink: /home/paul/create3_ws/install/irobot_create_nodes/share/irobot_create_nodes/cmake/ament_cmake_export_dependencies-extras.cmake
[0.461s] -- Up-to-date symlink: /home/paul/create3_ws/install/irobot_create_nodes/share/irobot_create_nodes/cmake/irobot_create_nodesConfig.cmake
[0.461s] -- Up-to-date symlink: /home/paul/create3_ws/install/irobot_create_nodes/share/irobot_create_nodes/cmake/irobot_create_nodesConfig-version.cmake
[0.462s] -- Up-to-date symlink: /home/paul/create3_ws/install/irobot_create_nodes/share/irobot_create_nodes/package.xml
[0.495s] Invoked command in '/home/paul/create3_ws/build/irobot_create_nodes' returned '0': CMAKE_PREFIX_PATH=/home/paul/create3_ws/install/irobot_create_toolbox:/opt/ros/galactic:/home/paul/create3_ws/install/svg_drive_goals:/home/paul/create3_ws/install/irobot_create_nodes:/home/paul/create3_ws/install/irobot_create_ignition_sim:/home/paul/create3_ws/install/irobot_create_ignition_bringup:/home/paul/create3_ws/install/irobot_create_ignition_toolbox:/home/paul/create3_ws/install/irobot_create_gazebo_sim:/home/paul/create3_ws/install/irobot_create_gazebo_bringup:/home/paul/create3_ws/install/irobot_create_gazebo_plugins:/home/paul/create3_ws/install/irobot_create_ignition_plugins:/home/paul/create3_ws/install/irobot_create_common_bringup:/home/paul/create3_ws/install/irobot_create_description:/home/paul/create3_ws/install/irobot_create_control LD_LIBRARY_PATH=/home/paul/create3_ws/install/irobot_create_toolbox/lib:/home/paul/create3_ws/install/irobot_create_nodes/lib:/home/paul/create3_ws/install/irobot_create_ignition_toolbox/lib:/home/paul/create3_ws/install/irobot_create_gazebo_plugins/lib:/usr/lib/x86_64-linux-gnu/gazebo-11/plugins:/opt/ros/galactic/opt/yaml_cpp_vendor/lib:/opt/ros/galactic/opt/rviz_ogre_vendor/lib:/opt/ros/galactic/lib/x86_64-linux-gnu:/opt/ros/galactic/lib /usr/bin/cmake --install /home/paul/create3_ws/build/irobot_create_nodes
