-- Found ament_cmake: 1.1.6 (/opt/ros/galactic/share/ament_cmake/cmake)
-- Using PYTHON_EXECUTABLE: /usr/bin/python3
-- Found rclcpp: 9.2.2 (/opt/ros/galactic/share/rclcpp/cmake)
-- Using all available rosidl_typesupport_c: rosidl_typesupport_fastrtps_c;rosidl_typesupport_introspection_c
-- Found rosidl_adapter: 2.2.3 (/opt/ros/galactic/share/rosidl_adapter/cmake)
-- Using all available rosidl_typesupport_cpp: rosidl_typesupport_fastrtps_cpp;rosidl_typesupport_introspection_cpp
-- Found rmw_implementation_cmake: 3.3.1 (/opt/ros/galactic/share/rmw_implementation_cmake/cmake)
-- Found rmw_cyclonedds_cpp: 0.22.6 (/opt/ros/galactic/share/rmw_cyclonedds_cpp/cmake)
-- Using RMW implementation 'rmw_cyclonedds_cpp' as default
-- Found irobot_create_msgs: 1.2.4 (/opt/ros/galactic/share/irobot_create_msgs/cmake)
-- Configuring done
-- Generating done
-- Build files have been written to: /home/paul/create3_ws/build/svg_drive_goals
[35m[1mScanning dependencies of target svg_drive_goals[0m
[ 50%] [32mBuilding CXX object CMakeFiles/svg_drive_goals.dir/src/svg_path_converter.cpp.o[0m
[100%] [32m[1mLinking CXX executable svg_drive_goals[0m
[100%] Built target svg_drive_goals
-- Install configuration: ""
-- Installing: /home/paul/create3_ws/install/svg_drive_goals/lib/svg_drive_goals/svg_drive_goals
-- Set runtime path of "/home/paul/create3_ws/install/svg_drive_goals/lib/svg_drive_goals/svg_drive_goals" to ""
-- Installing: /home/paul/create3_ws/install/svg_drive_goals/share/ament_index/resource_index/package_run_dependencies/svg_drive_goals
-- Installing: /home/paul/create3_ws/install/svg_drive_goals/share/ament_index/resource_index/parent_prefix_path/svg_drive_goals
-- Installing: /home/paul/create3_ws/install/svg_drive_goals/share/svg_drive_goals/environment/ament_prefix_path.sh
-- Installing: /home/paul/create3_ws/install/svg_drive_goals/share/svg_drive_goals/environment/ament_prefix_path.dsv
-- Installing: /home/paul/create3_ws/install/svg_drive_goals/share/svg_drive_goals/environment/path.sh
-- Installing: /home/paul/create3_ws/install/svg_drive_goals/share/svg_drive_goals/environment/path.dsv
-- Installing: /home/paul/create3_ws/install/svg_drive_goals/share/svg_drive_goals/local_setup.bash
-- Installing: /home/paul/create3_ws/install/svg_drive_goals/share/svg_drive_goals/local_setup.sh
-- Installing: /home/paul/create3_ws/install/svg_drive_goals/share/svg_drive_goals/local_setup.zsh
-- Installing: /home/paul/create3_ws/install/svg_drive_goals/share/svg_drive_goals/local_setup.dsv
-- Installing: /home/paul/create3_ws/install/svg_drive_goals/share/svg_drive_goals/package.dsv
-- Installing: /home/paul/create3_ws/install/svg_drive_goals/share/ament_index/resource_index/packages/svg_drive_goals
-- Installing: /home/paul/create3_ws/install/svg_drive_goals/share/svg_drive_goals/cmake/svg_drive_goalsConfig.cmake
-- Installing: /home/paul/create3_ws/install/svg_drive_goals/share/svg_drive_goals/cmake/svg_drive_goalsConfig-version.cmake
-- Installing: /home/paul/create3_ws/install/svg_drive_goals/share/svg_drive_goals/package.xml
