[1.368s] Invoking command in '/home/paul/create3_ws/build/irobot_create_ignition_toolbox': CMAKE_PREFIX_PATH=/home/paul/create3_ws/install/irobot_create_toolbox:/home/paul/create3_ws/install/irobot_create_nodes:/home/paul/create3_ws/install/irobot_create_ignition_sim:/home/paul/create3_ws/install/irobot_create_ignition_bringup:/home/paul/create3_ws/install/irobot_create_ignition_toolbox:/home/paul/create3_ws/install/irobot_create_gazebo_sim:/home/paul/create3_ws/install/irobot_create_gazebo_bringup:/home/paul/create3_ws/install/irobot_create_gazebo_plugins:/home/paul/create3_ws/install/irobot_create_ignition_plugins:/home/paul/create3_ws/install/irobot_create_common_bringup:/home/paul/create3_ws/install/irobot_create_description:/home/paul/create3_ws/install/irobot_create_control:/opt/ros/galactic LD_LIBRARY_PATH=/home/paul/create3_ws/install/irobot_create_toolbox/lib:/home/paul/create3_ws/install/irobot_create_nodes/lib:/home/paul/create3_ws/install/irobot_create_ignition_toolbox/lib:/home/paul/create3_ws/install/irobot_create_gazebo_plugins/lib:/usr/lib/x86_64-linux-gnu/gazebo-11/plugins:/opt/ros/galactic/opt/yaml_cpp_vendor/lib:/opt/ros/galactic/opt/rviz_ogre_vendor/lib:/opt/ros/galactic/lib/x86_64-linux-gnu:/opt/ros/galactic/lib /usr/bin/cmake --build /home/paul/create3_ws/build/irobot_create_ignition_toolbox -- -j12 -l12
[2.073s] [ 11%] Built target irobot_create_ignition_interface_buttons_lib
[2.073s] [ 22%] Built target irobot_create_ignition_pose_republisher_lib
[2.073s] [ 66%] Built target irobot_create_ignition_sensors_lib
[2.073s] [ 77%] Built target interface_buttons_node
[2.073s] [ 88%] Built target pose_republisher_node
[2.073s] [100%] Built target sensors_node
[2.457s] Invoked command in '/home/paul/create3_ws/build/irobot_create_ignition_toolbox' returned '0': CMAKE_PREFIX_PATH=/home/paul/create3_ws/install/irobot_create_toolbox:/home/paul/create3_ws/install/irobot_create_nodes:/home/paul/create3_ws/install/irobot_create_ignition_sim:/home/paul/create3_ws/install/irobot_create_ignition_bringup:/home/paul/create3_ws/install/irobot_create_ignition_toolbox:/home/paul/create3_ws/install/irobot_create_gazebo_sim:/home/paul/create3_ws/install/irobot_create_gazebo_bringup:/home/paul/create3_ws/install/irobot_create_gazebo_plugins:/home/paul/create3_ws/install/irobot_create_ignition_plugins:/home/paul/create3_ws/install/irobot_create_common_bringup:/home/paul/create3_ws/install/irobot_create_description:/home/paul/create3_ws/install/irobot_create_control:/opt/ros/galactic LD_LIBRARY_PATH=/home/paul/create3_ws/install/irobot_create_toolbox/lib:/home/paul/create3_ws/install/irobot_create_nodes/lib:/home/paul/create3_ws/install/irobot_create_ignition_toolbox/lib:/home/paul/create3_ws/install/irobot_create_gazebo_plugins/lib:/usr/lib/x86_64-linux-gnu/gazebo-11/plugins:/opt/ros/galactic/opt/yaml_cpp_vendor/lib:/opt/ros/galactic/opt/rviz_ogre_vendor/lib:/opt/ros/galactic/lib/x86_64-linux-gnu:/opt/ros/galactic/lib /usr/bin/cmake --build /home/paul/create3_ws/build/irobot_create_ignition_toolbox -- -j12 -l12
[2.536s] Invoking command in '/home/paul/create3_ws/build/irobot_create_ignition_toolbox': CMAKE_PREFIX_PATH=/home/paul/create3_ws/install/irobot_create_toolbox:/home/paul/create3_ws/install/irobot_create_nodes:/home/paul/create3_ws/install/irobot_create_ignition_sim:/home/paul/create3_ws/install/irobot_create_ignition_bringup:/home/paul/create3_ws/install/irobot_create_ignition_toolbox:/home/paul/create3_ws/install/irobot_create_gazebo_sim:/home/paul/create3_ws/install/irobot_create_gazebo_bringup:/home/paul/create3_ws/install/irobot_create_gazebo_plugins:/home/paul/create3_ws/install/irobot_create_ignition_plugins:/home/paul/create3_ws/install/irobot_create_common_bringup:/home/paul/create3_ws/install/irobot_create_description:/home/paul/create3_ws/install/irobot_create_control:/opt/ros/galactic LD_LIBRARY_PATH=/home/paul/create3_ws/install/irobot_create_toolbox/lib:/home/paul/create3_ws/install/irobot_create_nodes/lib:/home/paul/create3_ws/install/irobot_create_ignition_toolbox/lib:/home/paul/create3_ws/install/irobot_create_gazebo_plugins/lib:/usr/lib/x86_64-linux-gnu/gazebo-11/plugins:/opt/ros/galactic/opt/yaml_cpp_vendor/lib:/opt/ros/galactic/opt/rviz_ogre_vendor/lib:/opt/ros/galactic/lib/x86_64-linux-gnu:/opt/ros/galactic/lib /usr/bin/cmake --install /home/paul/create3_ws/build/irobot_create_ignition_toolbox
[2.549s] -- Install configuration: ""
[2.549s] -- Execute custom install script
[2.550s] -- Up-to-date symlink: /home/paul/create3_ws/install/irobot_create_ignition_toolbox/lib/libirobot_create_ignition_pose_republisher_lib.so
[2.550s] -- Up-to-date symlink: /home/paul/create3_ws/install/irobot_create_ignition_toolbox/lib/libirobot_create_ignition_sensors_lib.so
[2.550s] -- Up-to-date symlink: /home/paul/create3_ws/install/irobot_create_ignition_toolbox/lib/libirobot_create_ignition_interface_buttons_lib.so
[2.551s] -- Up-to-date symlink: /home/paul/create3_ws/install/irobot_create_ignition_toolbox/lib/irobot_create_ignition_toolbox/pose_republisher_node
[2.551s] -- Up-to-date symlink: /home/paul/create3_ws/install/irobot_create_ignition_toolbox/lib/irobot_create_ignition_toolbox/sensors_node
[2.551s] -- Up-to-date symlink: /home/paul/create3_ws/install/irobot_create_ignition_toolbox/lib/irobot_create_ignition_toolbox/interface_buttons_node
[2.551s] -- Up-to-date symlink: /home/paul/create3_ws/install/irobot_create_ignition_toolbox/include/irobot_create_ignition_toolbox/interface_buttons/interface_buttons_node.hpp
[2.551s] -- Up-to-date symlink: /home/paul/create3_ws/install/irobot_create_ignition_toolbox/include/irobot_create_ignition_toolbox/pose_republisher/pose_republisher.hpp
[2.551s] -- Up-to-date symlink: /home/paul/create3_ws/install/irobot_create_ignition_toolbox/include/irobot_create_ignition_toolbox/sensors/bumper.hpp
[2.551s] -- Up-to-date symlink: /home/paul/create3_ws/install/irobot_create_ignition_toolbox/include/irobot_create_ignition_toolbox/sensors/cliff.hpp
[2.552s] -- Up-to-date symlink: /home/paul/create3_ws/install/irobot_create_ignition_toolbox/include/irobot_create_ignition_toolbox/sensors/ir_intensity.hpp
[2.552s] -- Up-to-date symlink: /home/paul/create3_ws/install/irobot_create_ignition_toolbox/include/irobot_create_ignition_toolbox/sensors/ir_opcode.hpp
[2.552s] -- Up-to-date symlink: /home/paul/create3_ws/install/irobot_create_ignition_toolbox/include/irobot_create_ignition_toolbox/sensors/mouse.hpp
[2.552s] -- Up-to-date symlink: /home/paul/create3_ws/install/irobot_create_ignition_toolbox/include/irobot_create_ignition_toolbox/sensors/sensors_node.hpp
[2.552s] -- Up-to-date symlink: /home/paul/create3_ws/install/irobot_create_ignition_toolbox/include/irobot_create_ignition_toolbox/sensors/wheel_drop.hpp
[2.552s] -- Up-to-date symlink: /home/paul/create3_ws/install/irobot_create_ignition_toolbox/include/irobot_create_ignition_toolbox/utils.hpp
[2.552s] -- Up-to-date symlink: /home/paul/create3_ws/install/irobot_create_ignition_toolbox/share/irobot_create_ignition_toolbox/environment/library_path.sh
[2.552s] -- Up-to-date symlink: /home/paul/create3_ws/install/irobot_create_ignition_toolbox/share/irobot_create_ignition_toolbox/environment/library_path.dsv
[2.552s] -- Up-to-date symlink: /home/paul/create3_ws/install/irobot_create_ignition_toolbox/share/ament_index/resource_index/package_run_dependencies/irobot_create_ignition_toolbox
[2.553s] -- Up-to-date symlink: /home/paul/create3_ws/install/irobot_create_ignition_toolbox/share/ament_index/resource_index/parent_prefix_path/irobot_create_ignition_toolbox
[2.553s] -- Up-to-date symlink: /home/paul/create3_ws/install/irobot_create_ignition_toolbox/share/irobot_create_ignition_toolbox/environment/ament_prefix_path.sh
[2.553s] -- Up-to-date symlink: /home/paul/create3_ws/install/irobot_create_ignition_toolbox/share/irobot_create_ignition_toolbox/environment/ament_prefix_path.dsv
[2.553s] -- Up-to-date symlink: /home/paul/create3_ws/install/irobot_create_ignition_toolbox/share/irobot_create_ignition_toolbox/environment/path.sh
[2.556s] -- Up-to-date symlink: /home/paul/create3_ws/install/irobot_create_ignition_toolbox/share/irobot_create_ignition_toolbox/environment/path.dsv
[2.557s] -- Up-to-date symlink: /home/paul/create3_ws/install/irobot_create_ignition_toolbox/share/irobot_create_ignition_toolbox/local_setup.bash
[2.557s] -- Up-to-date symlink: /home/paul/create3_ws/install/irobot_create_ignition_toolbox/share/irobot_create_ignition_toolbox/local_setup.sh
[2.557s] -- Up-to-date symlink: /home/paul/create3_ws/install/irobot_create_ignition_toolbox/share/irobot_create_ignition_toolbox/local_setup.zsh
[2.557s] -- Up-to-date symlink: /home/paul/create3_ws/install/irobot_create_ignition_toolbox/share/irobot_create_ignition_toolbox/local_setup.dsv
[2.557s] -- Symlinking: /home/paul/create3_ws/install/irobot_create_ignition_toolbox/share/irobot_create_ignition_toolbox/package.dsv
[2.564s] -- Up-to-date symlink: /home/paul/create3_ws/install/irobot_create_ignition_toolbox/share/ament_index/resource_index/packages/irobot_create_ignition_toolbox
[2.565s] -- Up-to-date symlink: /home/paul/create3_ws/install/irobot_create_ignition_toolbox/share/irobot_create_ignition_toolbox/cmake/ament_cmake_export_include_directories-extras.cmake
[2.565s] -- Up-to-date symlink: /home/paul/create3_ws/install/irobot_create_ignition_toolbox/share/irobot_create_ignition_toolbox/cmake/ament_cmake_export_libraries-extras.cmake
[2.565s] -- Up-to-date symlink: /home/paul/create3_ws/install/irobot_create_ignition_toolbox/share/irobot_create_ignition_toolbox/cmake/ament_cmake_export_dependencies-extras.cmake
[2.566s] -- Up-to-date symlink: /home/paul/create3_ws/install/irobot_create_ignition_toolbox/share/irobot_create_ignition_toolbox/cmake/irobot_create_ignition_toolboxConfig.cmake
[2.566s] -- Up-to-date symlink: /home/paul/create3_ws/install/irobot_create_ignition_toolbox/share/irobot_create_ignition_toolbox/cmake/irobot_create_ignition_toolboxConfig-version.cmake
[2.566s] -- Up-to-date symlink: /home/paul/create3_ws/install/irobot_create_ignition_toolbox/share/irobot_create_ignition_toolbox/package.xml
[3.039s] Invoked command in '/home/paul/create3_ws/build/irobot_create_ignition_toolbox' returned '0': CMAKE_PREFIX_PATH=/home/paul/create3_ws/install/irobot_create_toolbox:/home/paul/create3_ws/install/irobot_create_nodes:/home/paul/create3_ws/install/irobot_create_ignition_sim:/home/paul/create3_ws/install/irobot_create_ignition_bringup:/home/paul/create3_ws/install/irobot_create_ignition_toolbox:/home/paul/create3_ws/install/irobot_create_gazebo_sim:/home/paul/create3_ws/install/irobot_create_gazebo_bringup:/home/paul/create3_ws/install/irobot_create_gazebo_plugins:/home/paul/create3_ws/install/irobot_create_ignition_plugins:/home/paul/create3_ws/install/irobot_create_common_bringup:/home/paul/create3_ws/install/irobot_create_description:/home/paul/create3_ws/install/irobot_create_control:/opt/ros/galactic LD_LIBRARY_PATH=/home/paul/create3_ws/install/irobot_create_toolbox/lib:/home/paul/create3_ws/install/irobot_create_nodes/lib:/home/paul/create3_ws/install/irobot_create_ignition_toolbox/lib:/home/paul/create3_ws/install/irobot_create_gazebo_plugins/lib:/usr/lib/x86_64-linux-gnu/gazebo-11/plugins:/opt/ros/galactic/opt/yaml_cpp_vendor/lib:/opt/ros/galactic/opt/rviz_ogre_vendor/lib:/opt/ros/galactic/lib/x86_64-linux-gnu:/opt/ros/galactic/lib /usr/bin/cmake --install /home/paul/create3_ws/build/irobot_create_ignition_toolbox
