[0.026s] Invoking command in '/home/paul/create3_ws/build/irobot_create_description': CMAKE_PREFIX_PATH=/opt/ros/galactic /usr/bin/cmake /home/paul/create3_ws/src/create3_sim/irobot_create_common/irobot_create_description -DAMENT_CMAKE_SYMLINK_INSTALL=1 -DCMAKE_INSTALL_PREFIX=/home/paul/create3_ws/install/irobot_create_description
[0.134s] -- Found ament_cmake: 1.1.6 (/opt/ros/galactic/share/ament_cmake/cmake)
[0.221s] -- Found PythonInterp: /usr/bin/python3 (found suitable version "3.8.10", minimum required is "3") 
[0.221s] -- Using PYTHON_EXECUTABLE: /usr/bin/python3
[0.315s] -- Override CMake install command with custom implementation using symlinks instead of copying resources
[0.473s] -- Found ament_lint_auto: 0.10.7 (/opt/ros/galactic/share/ament_lint_auto/cmake)
[0.576s] -- Added test 'lint_cmake' to check CMake code style
[0.579s] -- Configuring done
[0.581s] -- Generating done
[0.582s] -- Build files have been written to: /home/paul/create3_ws/build/irobot_create_description
[0.584s] Invoked command in '/home/paul/create3_ws/build/irobot_create_description' returned '0': CMAKE_PREFIX_PATH=/opt/ros/galactic /usr/bin/cmake /home/paul/create3_ws/src/create3_sim/irobot_create_common/irobot_create_description -DAMENT_CMAKE_SYMLINK_INSTALL=1 -DCMAKE_INSTALL_PREFIX=/home/paul/create3_ws/install/irobot_create_description
[0.587s] Invoking command in '/home/paul/create3_ws/build/irobot_create_description': CMAKE_PREFIX_PATH=/opt/ros/galactic /usr/bin/cmake --build /home/paul/create3_ws/build/irobot_create_description -- -j12 -l12
[0.621s] Invoked command in '/home/paul/create3_ws/build/irobot_create_description' returned '0': CMAKE_PREFIX_PATH=/opt/ros/galactic /usr/bin/cmake --build /home/paul/create3_ws/build/irobot_create_description -- -j12 -l12
[0.651s] Invoking command in '/home/paul/create3_ws/build/irobot_create_description': CMAKE_PREFIX_PATH=/opt/ros/galactic /usr/bin/cmake --install /home/paul/create3_ws/build/irobot_create_description
[0.658s] -- Install configuration: ""
[0.659s] -- Execute custom install script
[0.659s] -- Symlinking: /home/paul/create3_ws/install/irobot_create_description/share/irobot_create_description//meshes/body_visual.dae
[0.668s] -- Symlinking: /home/paul/create3_ws/install/irobot_create_description/share/irobot_create_description//meshes/bumper_collision.dae
[0.676s] -- Symlinking: /home/paul/create3_ws/install/irobot_create_description/share/irobot_create_description//meshes/bumper_visual.dae
[0.684s] -- Symlinking: /home/paul/create3_ws/install/irobot_create_description/share/irobot_create_description//meshes/dock/visual.dae
[0.693s] -- Symlinking: /home/paul/create3_ws/install/irobot_create_description/share/irobot_create_description//urdf/bumper.urdf.xacro
[0.701s] -- Symlinking: /home/paul/create3_ws/install/irobot_create_description/share/irobot_create_description//urdf/button.urdf.xacro
[0.709s] -- Symlinking: /home/paul/create3_ws/install/irobot_create_description/share/irobot_create_description//urdf/caster.urdf.xacro
[0.717s] -- Symlinking: /home/paul/create3_ws/install/irobot_create_description/share/irobot_create_description//urdf/common_properties.urdf.xacro
[0.726s] -- Symlinking: /home/paul/create3_ws/install/irobot_create_description/share/irobot_create_description//urdf/create3.urdf.xacro
[0.734s] -- Symlinking: /home/paul/create3_ws/install/irobot_create_description/share/irobot_create_description//urdf/dock/ir_emitter.urdf.xacro
[0.742s] -- Symlinking: /home/paul/create3_ws/install/irobot_create_description/share/irobot_create_description//urdf/dock/standard_dock.urdf.xacro
[0.750s] -- Symlinking: /home/paul/create3_ws/install/irobot_create_description/share/irobot_create_description//urdf/sensors/cliff_sensor.urdf.xacro
[0.758s] -- Symlinking: /home/paul/create3_ws/install/irobot_create_description/share/irobot_create_description//urdf/sensors/imu.urdf.xacro
[0.766s] -- Symlinking: /home/paul/create3_ws/install/irobot_create_description/share/irobot_create_description//urdf/sensors/ir_intensity.urdf.xacro
[0.774s] -- Symlinking: /home/paul/create3_ws/install/irobot_create_description/share/irobot_create_description//urdf/sensors/ir_opcode_receivers.urdf.xacro
[0.782s] -- Symlinking: /home/paul/create3_ws/install/irobot_create_description/share/irobot_create_description//urdf/sensors/optical_mouse.urdf.xacro
[0.791s] -- Symlinking: /home/paul/create3_ws/install/irobot_create_description/share/irobot_create_description//urdf/wheel.urdf.xacro
[0.799s] -- Symlinking: /home/paul/create3_ws/install/irobot_create_description/share/irobot_create_description//urdf/wheel_drop.urdf.xacro
[0.807s] -- Symlinking: /home/paul/create3_ws/install/irobot_create_description/share/irobot_create_description//urdf/wheel_with_wheeldrop.urdf.xacro
[0.815s] -- Symlinking: /home/paul/create3_ws/install/irobot_create_description/share/ament_index/resource_index/package_run_dependencies/irobot_create_description
[0.823s] -- Symlinking: /home/paul/create3_ws/install/irobot_create_description/share/ament_index/resource_index/parent_prefix_path/irobot_create_description
[0.831s] -- Symlinking: /home/paul/create3_ws/install/irobot_create_description/share/irobot_create_description/environment/ament_prefix_path.sh
[0.839s] -- Symlinking: /home/paul/create3_ws/install/irobot_create_description/share/irobot_create_description/environment/ament_prefix_path.dsv
[0.847s] -- Symlinking: /home/paul/create3_ws/install/irobot_create_description/share/irobot_create_description/environment/path.sh
[0.855s] -- Symlinking: /home/paul/create3_ws/install/irobot_create_description/share/irobot_create_description/environment/path.dsv
[0.863s] -- Symlinking: /home/paul/create3_ws/install/irobot_create_description/share/irobot_create_description/local_setup.bash
[0.871s] -- Symlinking: /home/paul/create3_ws/install/irobot_create_description/share/irobot_create_description/local_setup.sh
[0.879s] -- Symlinking: /home/paul/create3_ws/install/irobot_create_description/share/irobot_create_description/local_setup.zsh
[0.887s] -- Symlinking: /home/paul/create3_ws/install/irobot_create_description/share/irobot_create_description/local_setup.dsv
[0.895s] -- Symlinking: /home/paul/create3_ws/install/irobot_create_description/share/irobot_create_description/package.dsv
[0.903s] -- Symlinking: /home/paul/create3_ws/install/irobot_create_description/share/ament_index/resource_index/packages/irobot_create_description
[0.911s] -- Symlinking: /home/paul/create3_ws/install/irobot_create_description/share/irobot_create_description/cmake/irobot_create_descriptionConfig.cmake
[0.920s] -- Symlinking: /home/paul/create3_ws/install/irobot_create_description/share/irobot_create_description/cmake/irobot_create_descriptionConfig-version.cmake
[0.928s] -- Symlinking: /home/paul/create3_ws/install/irobot_create_description/share/irobot_create_description/package.xml
[0.941s] Invoked command in '/home/paul/create3_ws/build/irobot_create_description' returned '0': CMAKE_PREFIX_PATH=/opt/ros/galactic /usr/bin/cmake --install /home/paul/create3_ws/build/irobot_create_description
