[0.041s] Invoking command in '/home/paul/create3_ws/build/svg_drive_goals': /usr/bin/cmake --build /home/paul/create3_ws/build/svg_drive_goals -- -j12 -l12
[0.081s] [35m[1mScanning dependencies of target svg_drive_goals[0m
[0.099s] [ 50%] [32mBuilding CXX object CMakeFiles/svg_drive_goals.dir/src/svg_path_converter.cpp.o[0m
[2.527s] [100%] [32m[1mLinking CXX executable svg_drive_goals[0m
[2.663s] [100%] Built target svg_drive_goals
[2.675s] Invoked command in '/home/paul/create3_ws/build/svg_drive_goals' returned '0': /usr/bin/cmake --build /home/paul/create3_ws/build/svg_drive_goals -- -j12 -l12
[2.723s] Invoking command in '/home/paul/create3_ws/build/svg_drive_goals': /usr/bin/cmake --install /home/paul/create3_ws/build/svg_drive_goals
[2.731s] -- Install configuration: ""
[2.731s] -- Installing: /home/paul/create3_ws/install/svg_drive_goals/lib/svg_drive_goals/svg_drive_goals
[2.732s] -- Set runtime path of "/home/paul/create3_ws/install/svg_drive_goals/lib/svg_drive_goals/svg_drive_goals" to ""
[2.732s] -- Up-to-date: /home/paul/create3_ws/install/svg_drive_goals/share/ament_index/resource_index/package_run_dependencies/svg_drive_goals
[2.732s] -- Up-to-date: /home/paul/create3_ws/install/svg_drive_goals/share/ament_index/resource_index/parent_prefix_path/svg_drive_goals
[2.732s] -- Up-to-date: /home/paul/create3_ws/install/svg_drive_goals/share/svg_drive_goals/environment/ament_prefix_path.sh
[2.733s] -- Up-to-date: /home/paul/create3_ws/install/svg_drive_goals/share/svg_drive_goals/environment/ament_prefix_path.dsv
[2.733s] -- Up-to-date: /home/paul/create3_ws/install/svg_drive_goals/share/svg_drive_goals/environment/path.sh
[2.733s] -- Up-to-date: /home/paul/create3_ws/install/svg_drive_goals/share/svg_drive_goals/environment/path.dsv
[2.733s] -- Up-to-date: /home/paul/create3_ws/install/svg_drive_goals/share/svg_drive_goals/local_setup.bash
[2.733s] -- Up-to-date: /home/paul/create3_ws/install/svg_drive_goals/share/svg_drive_goals/local_setup.sh
[2.733s] -- Up-to-date: /home/paul/create3_ws/install/svg_drive_goals/share/svg_drive_goals/local_setup.zsh
[2.733s] -- Up-to-date: /home/paul/create3_ws/install/svg_drive_goals/share/svg_drive_goals/local_setup.dsv
[2.733s] -- Installing: /home/paul/create3_ws/install/svg_drive_goals/share/svg_drive_goals/package.dsv
[2.733s] -- Up-to-date: /home/paul/create3_ws/install/svg_drive_goals/share/ament_index/resource_index/packages/svg_drive_goals
[2.733s] -- Up-to-date: /home/paul/create3_ws/install/svg_drive_goals/share/svg_drive_goals/cmake/svg_drive_goalsConfig.cmake
[2.733s] -- Up-to-date: /home/paul/create3_ws/install/svg_drive_goals/share/svg_drive_goals/cmake/svg_drive_goalsConfig-version.cmake
[2.733s] -- Up-to-date: /home/paul/create3_ws/install/svg_drive_goals/share/svg_drive_goals/package.xml
[2.735s] Invoked command in '/home/paul/create3_ws/build/svg_drive_goals' returned '0': /usr/bin/cmake --install /home/paul/create3_ws/build/svg_drive_goals
