[0.047s] Invoking command in '/home/paul/create3_ws/build/irobot_create_ignition_plugins': CMAKE_PREFIX_PATH=/opt/ros/galactic:${CMAKE_PREFIX_PATH} /usr/bin/cmake --build /home/paul/create3_ws/build/irobot_create_ignition_plugins -- -j12 -l12
[0.107s] [ 16%] [34m[1mAutomatic MOC for target Create3Hmi[0m
[0.129s] [ 16%] Built target Create3Hmi_autogen
[0.167s] [100%] Built target Create3Hmi
[0.201s] Invoked command in '/home/paul/create3_ws/build/irobot_create_ignition_plugins' returned '0': CMAKE_PREFIX_PATH=/opt/ros/galactic:${CMAKE_PREFIX_PATH} /usr/bin/cmake --build /home/paul/create3_ws/build/irobot_create_ignition_plugins -- -j12 -l12
[0.270s] Invoking command in '/home/paul/create3_ws/build/irobot_create_ignition_plugins': CMAKE_PREFIX_PATH=/opt/ros/galactic:${CMAKE_PREFIX_PATH} /usr/bin/cmake --install /home/paul/create3_ws/build/irobot_create_ignition_plugins
[0.280s] -- Install configuration: ""
[0.280s] -- Execute custom install script
[0.280s] -- Up-to-date symlink: /home/paul/create3_ws/install/irobot_create_ignition_plugins/share/irobot_create_ignition_plugins/lib/libCreate3Hmi.so
[0.280s] -- Up-to-date symlink: /home/paul/create3_ws/install/irobot_create_ignition_plugins/share/ament_index/resource_index/package_run_dependencies/irobot_create_ignition_plugins
[0.281s] -- Up-to-date symlink: /home/paul/create3_ws/install/irobot_create_ignition_plugins/share/ament_index/resource_index/parent_prefix_path/irobot_create_ignition_plugins
[0.281s] -- Up-to-date symlink: /home/paul/create3_ws/install/irobot_create_ignition_plugins/share/irobot_create_ignition_plugins/environment/ament_prefix_path.sh
[0.282s] -- Up-to-date symlink: /home/paul/create3_ws/install/irobot_create_ignition_plugins/share/irobot_create_ignition_plugins/environment/ament_prefix_path.dsv
[0.282s] -- Up-to-date symlink: /home/paul/create3_ws/install/irobot_create_ignition_plugins/share/irobot_create_ignition_plugins/environment/path.sh
[0.282s] -- Up-to-date symlink: /home/paul/create3_ws/install/irobot_create_ignition_plugins/share/irobot_create_ignition_plugins/environment/path.dsv
[0.283s] -- Up-to-date symlink: /home/paul/create3_ws/install/irobot_create_ignition_plugins/share/irobot_create_ignition_plugins/local_setup.bash
[0.283s] -- Up-to-date symlink: /home/paul/create3_ws/install/irobot_create_ignition_plugins/share/irobot_create_ignition_plugins/local_setup.sh
[0.283s] -- Up-to-date symlink: /home/paul/create3_ws/install/irobot_create_ignition_plugins/share/irobot_create_ignition_plugins/local_setup.zsh
[0.283s] -- Up-to-date symlink: /home/paul/create3_ws/install/irobot_create_ignition_plugins/share/irobot_create_ignition_plugins/local_setup.dsv
[0.284s] -- Symlinking: /home/paul/create3_ws/install/irobot_create_ignition_plugins/share/irobot_create_ignition_plugins/package.dsv
[0.297s] -- Up-to-date symlink: /home/paul/create3_ws/install/irobot_create_ignition_plugins/share/ament_index/resource_index/packages/irobot_create_ignition_plugins
[0.297s] -- Up-to-date symlink: /home/paul/create3_ws/install/irobot_create_ignition_plugins/share/irobot_create_ignition_plugins/cmake/irobot_create_ignition_pluginsConfig.cmake
[0.297s] -- Up-to-date symlink: /home/paul/create3_ws/install/irobot_create_ignition_plugins/share/irobot_create_ignition_plugins/cmake/irobot_create_ignition_pluginsConfig-version.cmake
[0.298s] -- Up-to-date symlink: /home/paul/create3_ws/install/irobot_create_ignition_plugins/share/irobot_create_ignition_plugins/package.xml
[0.353s] Invoked command in '/home/paul/create3_ws/build/irobot_create_ignition_plugins' returned '0': CMAKE_PREFIX_PATH=/opt/ros/galactic:${CMAKE_PREFIX_PATH} /usr/bin/cmake --install /home/paul/create3_ws/build/irobot_create_ignition_plugins
