[0.060s] Invoking command in '/home/paul/create3_ws/build/irobot_create_nodes': CMAKE_PREFIX_PATH=/home/paul/create3_ws/install/irobot_create_toolbox:/opt/ros/galactic:/home/paul/create3_ws/install/svg_drive_goals:/home/paul/create3_ws/install/irobot_create_nodes:/home/paul/create3_ws/install/irobot_create_ignition_sim:/home/paul/create3_ws/install/irobot_create_ignition_bringup:/home/paul/create3_ws/install/irobot_create_ignition_toolbox:/home/paul/create3_ws/install/irobot_create_gazebo_sim:/home/paul/create3_ws/install/irobot_create_gazebo_bringup:/home/paul/create3_ws/install/irobot_create_gazebo_plugins:/home/paul/create3_ws/install/irobot_create_ignition_plugins:/home/paul/create3_ws/install/irobot_create_common_bringup:/home/paul/create3_ws/install/irobot_create_description:/home/paul/create3_ws/install/irobot_create_control LD_LIBRARY_PATH=/home/paul/create3_ws/install/irobot_create_toolbox/lib:/home/paul/create3_ws/install/irobot_create_nodes/lib:/home/paul/create3_ws/install/irobot_create_ignition_toolbox/lib:/home/paul/create3_ws/install/irobot_create_gazebo_plugins/lib:/usr/lib/x86_64-linux-gnu/gazebo-11/plugins:/opt/ros/galactic/opt/yaml_cpp_vendor/lib:/opt/ros/galactic/opt/rviz_ogre_vendor/lib:/opt/ros/galactic/lib/x86_64-linux-gnu:/opt/ros/galactic/lib /usr/bin/cmake --build /home/paul/create3_ws/build/irobot_create_nodes -- -j12 -l12
[0.185s] [  5%] Built target mock_publisher
[0.187s] [ 10%] Built target ui_mgr
[0.197s] [ 16%] Built target kidnap_estimator_publisher_lib
[0.201s] [ 21%] Built target wheel_status_publisher_lib
[0.201s] [ 27%] Built target kidnap_estimator_publisher
[0.208s] [ 32%] Built target mock_publisher_lib
[0.226s] [ 37%] Built target hazard_publisher_lib
[0.228s] [ 43%] Built target hazards_vector_publisher
[0.232s] [ 48%] Built target ir_intensity_publisher_lib
[0.245s] [ 54%] Built target robot_state
[0.346s] [ 59%] Built target ir_intensity_vector_publisher
[0.357s] [ 64%] Built target motion_control
[0.364s] [ 70%] Built target wheel_status_publisher
[0.366s] [ 89%] Built target motion_control_lib
[0.369s] [ 94%] Built target robot_state_lib
[0.413s] [100%] Built target ui_mgr_lib
[0.432s] Invoked command in '/home/paul/create3_ws/build/irobot_create_nodes' returned '0': CMAKE_PREFIX_PATH=/home/paul/create3_ws/install/irobot_create_toolbox:/opt/ros/galactic:/home/paul/create3_ws/install/svg_drive_goals:/home/paul/create3_ws/install/irobot_create_nodes:/home/paul/create3_ws/install/irobot_create_ignition_sim:/home/paul/create3_ws/install/irobot_create_ignition_bringup:/home/paul/create3_ws/install/irobot_create_ignition_toolbox:/home/paul/create3_ws/install/irobot_create_gazebo_sim:/home/paul/create3_ws/install/irobot_create_gazebo_bringup:/home/paul/create3_ws/install/irobot_create_gazebo_plugins:/home/paul/create3_ws/install/irobot_create_ignition_plugins:/home/paul/create3_ws/install/irobot_create_common_bringup:/home/paul/create3_ws/install/irobot_create_description:/home/paul/create3_ws/install/irobot_create_control LD_LIBRARY_PATH=/home/paul/create3_ws/install/irobot_create_toolbox/lib:/home/paul/create3_ws/install/irobot_create_nodes/lib:/home/paul/create3_ws/install/irobot_create_ignition_toolbox/lib:/home/paul/create3_ws/install/irobot_create_gazebo_plugins/lib:/usr/lib/x86_64-linux-gnu/gazebo-11/plugins:/opt/ros/galactic/opt/yaml_cpp_vendor/lib:/opt/ros/galactic/opt/rviz_ogre_vendor/lib:/opt/ros/galactic/lib/x86_64-linux-gnu:/opt/ros/galactic/lib /usr/bin/cmake --build /home/paul/create3_ws/build/irobot_create_nodes -- -j12 -l12
[0.516s] Invoking command in '/home/paul/create3_ws/build/irobot_create_nodes': CMAKE_PREFIX_PATH=/home/paul/create3_ws/install/irobot_create_toolbox:/opt/ros/galactic:/home/paul/create3_ws/install/svg_drive_goals:/home/paul/create3_ws/install/irobot_create_nodes:/home/paul/create3_ws/install/irobot_create_ignition_sim:/home/paul/create3_ws/install/irobot_create_ignition_bringup:/home/paul/create3_ws/install/irobot_create_ignition_toolbox:/home/paul/create3_ws/install/irobot_create_gazebo_sim:/home/paul/create3_ws/install/irobot_create_gazebo_bringup:/home/paul/create3_ws/install/irobot_create_gazebo_plugins:/home/paul/create3_ws/install/irobot_create_ignition_plugins:/home/paul/create3_ws/install/irobot_create_common_bringup:/home/paul/create3_ws/install/irobot_create_description:/home/paul/create3_ws/install/irobot_create_control LD_LIBRARY_PATH=/home/paul/create3_ws/install/irobot_create_toolbox/lib:/home/paul/create3_ws/install/irobot_create_nodes/lib:/home/paul/create3_ws/install/irobot_create_ignition_toolbox/lib:/home/paul/create3_ws/install/irobot_create_gazebo_plugins/lib:/usr/lib/x86_64-linux-gnu/gazebo-11/plugins:/opt/ros/galactic/opt/yaml_cpp_vendor/lib:/opt/ros/galactic/opt/rviz_ogre_vendor/lib:/opt/ros/galactic/lib/x86_64-linux-gnu:/opt/ros/galactic/lib /usr/bin/cmake --install /home/paul/create3_ws/build/irobot_create_nodes
[0.525s] -- Install configuration: ""
[0.525s] -- Execute custom install script
[0.525s] -- Up-to-date symlink: /home/paul/create3_ws/install/irobot_create_nodes/lib/irobot_create_nodes/hazards_vector_publisher
[0.526s] -- Up-to-date symlink: /home/paul/create3_ws/install/irobot_create_nodes/lib/irobot_create_nodes/ir_intensity_vector_publisher
[0.526s] -- Up-to-date symlink: /home/paul/create3_ws/install/irobot_create_nodes/lib/irobot_create_nodes/motion_control
[0.527s] -- Up-to-date symlink: /home/paul/create3_ws/install/irobot_create_nodes/lib/irobot_create_nodes/wheel_status_publisher
[0.527s] -- Up-to-date symlink: /home/paul/create3_ws/install/irobot_create_nodes/lib/irobot_create_nodes/robot_state
[0.527s] -- Up-to-date symlink: /home/paul/create3_ws/install/irobot_create_nodes/lib/irobot_create_nodes/ui_mgr
[0.528s] -- Up-to-date symlink: /home/paul/create3_ws/install/irobot_create_nodes/lib/irobot_create_nodes/mock_publisher
[0.528s] -- Up-to-date symlink: /home/paul/create3_ws/install/irobot_create_nodes/lib/irobot_create_nodes/kidnap_estimator_publisher
[0.528s] -- Up-to-date symlink: /home/paul/create3_ws/install/irobot_create_nodes/lib/libhazard_publisher_lib.so
[0.529s] -- Up-to-date symlink: /home/paul/create3_ws/install/irobot_create_nodes/lib/libir_intensity_publisher_lib.so
[0.529s] -- Up-to-date symlink: /home/paul/create3_ws/install/irobot_create_nodes/lib/libmotion_control_lib.so
[0.529s] -- Up-to-date symlink: /home/paul/create3_ws/install/irobot_create_nodes/lib/libwheel_status_publisher_lib.so
[0.529s] -- Up-to-date symlink: /home/paul/create3_ws/install/irobot_create_nodes/lib/librobot_state_lib.so
[0.529s] -- Up-to-date symlink: /home/paul/create3_ws/install/irobot_create_nodes/lib/libui_mgr_lib.so
[0.530s] -- Up-to-date symlink: /home/paul/create3_ws/install/irobot_create_nodes/lib/libmock_publisher_lib.so
[0.530s] -- Up-to-date symlink: /home/paul/create3_ws/install/irobot_create_nodes/lib/libkidnap_estimator_publisher_lib.so
[0.531s] -- Up-to-date symlink: /home/paul/create3_ws/install/irobot_create_nodes/include/irobot_create_nodes/hazards_vector_publisher.hpp
[0.531s] -- Up-to-date symlink: /home/paul/create3_ws/install/irobot_create_nodes/include/irobot_create_nodes/ir_intensity_vector_publisher.hpp
[0.531s] -- Up-to-date symlink: /home/paul/create3_ws/install/irobot_create_nodes/include/irobot_create_nodes/kidnap_estimator_publisher.hpp
[0.532s] -- Up-to-date symlink: /home/paul/create3_ws/install/irobot_create_nodes/include/irobot_create_nodes/mock_publisher.hpp
[0.532s] -- Up-to-date symlink: /home/paul/create3_ws/install/irobot_create_nodes/include/irobot_create_nodes/motion_control/behaviors_scheduler.hpp
[0.532s] -- Up-to-date symlink: /home/paul/create3_ws/install/irobot_create_nodes/include/irobot_create_nodes/motion_control/docking_behavior.hpp
[0.532s] -- Up-to-date symlink: /home/paul/create3_ws/install/irobot_create_nodes/include/irobot_create_nodes/motion_control/drive_goal_behaviors.hpp
[0.532s] -- Up-to-date symlink: /home/paul/create3_ws/install/irobot_create_nodes/include/irobot_create_nodes/motion_control/reflex_behavior.hpp
[0.532s] -- Up-to-date symlink: /home/paul/create3_ws/install/irobot_create_nodes/include/irobot_create_nodes/motion_control/simple_goal_controller.hpp
[0.533s] -- Up-to-date symlink: /home/paul/create3_ws/install/irobot_create_nodes/include/irobot_create_nodes/motion_control/wall_follow_behavior.hpp
[0.533s] -- Up-to-date symlink: /home/paul/create3_ws/install/irobot_create_nodes/include/irobot_create_nodes/motion_control/wall_follow_states.hpp
[0.533s] -- Up-to-date symlink: /home/paul/create3_ws/install/irobot_create_nodes/include/irobot_create_nodes/motion_control_node.hpp
[0.533s] -- Up-to-date symlink: /home/paul/create3_ws/install/irobot_create_nodes/include/irobot_create_nodes/robot_state.hpp
[0.533s] -- Up-to-date symlink: /home/paul/create3_ws/install/irobot_create_nodes/include/irobot_create_nodes/ui_mgr.hpp
[0.534s] -- Up-to-date symlink: /home/paul/create3_ws/install/irobot_create_nodes/include/irobot_create_nodes/wheels_publisher.hpp
[0.534s] -- Up-to-date symlink: /home/paul/create3_ws/install/irobot_create_nodes/share/irobot_create_nodes/environment/library_path.sh
[0.534s] -- Up-to-date symlink: /home/paul/create3_ws/install/irobot_create_nodes/share/irobot_create_nodes/environment/library_path.dsv
[0.534s] -- Up-to-date symlink: /home/paul/create3_ws/install/irobot_create_nodes/share/ament_index/resource_index/package_run_dependencies/irobot_create_nodes
[0.534s] -- Up-to-date symlink: /home/paul/create3_ws/install/irobot_create_nodes/share/ament_index/resource_index/parent_prefix_path/irobot_create_nodes
[0.535s] -- Up-to-date symlink: /home/paul/create3_ws/install/irobot_create_nodes/share/irobot_create_nodes/environment/ament_prefix_path.sh
[0.535s] -- Up-to-date symlink: /home/paul/create3_ws/install/irobot_create_nodes/share/irobot_create_nodes/environment/ament_prefix_path.dsv
[0.535s] -- Up-to-date symlink: /home/paul/create3_ws/install/irobot_create_nodes/share/irobot_create_nodes/environment/path.sh
[0.535s] -- Up-to-date symlink: /home/paul/create3_ws/install/irobot_create_nodes/share/irobot_create_nodes/environment/path.dsv
[0.535s] -- Up-to-date symlink: /home/paul/create3_ws/install/irobot_create_nodes/share/irobot_create_nodes/local_setup.bash
[0.536s] -- Up-to-date symlink: /home/paul/create3_ws/install/irobot_create_nodes/share/irobot_create_nodes/local_setup.sh
[0.536s] -- Up-to-date symlink: /home/paul/create3_ws/install/irobot_create_nodes/share/irobot_create_nodes/local_setup.zsh
[0.536s] -- Up-to-date symlink: /home/paul/create3_ws/install/irobot_create_nodes/share/irobot_create_nodes/local_setup.dsv
[0.536s] -- Symlinking: /home/paul/create3_ws/install/irobot_create_nodes/share/irobot_create_nodes/package.dsv
[0.546s] -- Up-to-date symlink: /home/paul/create3_ws/install/irobot_create_nodes/share/ament_index/resource_index/packages/irobot_create_nodes
[0.546s] -- Up-to-date symlink: /home/paul/create3_ws/install/irobot_create_nodes/share/ament_index/resource_index/rclcpp_components/irobot_create_nodes
[0.547s] -- Up-to-date symlink: /home/paul/create3_ws/install/irobot_create_nodes/share/irobot_create_nodes/cmake/ament_cmake_export_include_directories-extras.cmake
[0.547s] -- Up-to-date symlink: /home/paul/create3_ws/install/irobot_create_nodes/share/irobot_create_nodes/cmake/ament_cmake_export_libraries-extras.cmake
[0.547s] -- Up-to-date symlink: /home/paul/create3_ws/install/irobot_create_nodes/share/irobot_create_nodes/cmake/ament_cmake_export_dependencies-extras.cmake
[0.548s] -- Up-to-date symlink: /home/paul/create3_ws/install/irobot_create_nodes/share/irobot_create_nodes/cmake/irobot_create_nodesConfig.cmake
[0.548s] -- Up-to-date symlink: /home/paul/create3_ws/install/irobot_create_nodes/share/irobot_create_nodes/cmake/irobot_create_nodesConfig-version.cmake
[0.548s] -- Up-to-date symlink: /home/paul/create3_ws/install/irobot_create_nodes/share/irobot_create_nodes/package.xml
[0.567s] Invoked command in '/home/paul/create3_ws/build/irobot_create_nodes' returned '0': CMAKE_PREFIX_PATH=/home/paul/create3_ws/install/irobot_create_toolbox:/opt/ros/galactic:/home/paul/create3_ws/install/svg_drive_goals:/home/paul/create3_ws/install/irobot_create_nodes:/home/paul/create3_ws/install/irobot_create_ignition_sim:/home/paul/create3_ws/install/irobot_create_ignition_bringup:/home/paul/create3_ws/install/irobot_create_ignition_toolbox:/home/paul/create3_ws/install/irobot_create_gazebo_sim:/home/paul/create3_ws/install/irobot_create_gazebo_bringup:/home/paul/create3_ws/install/irobot_create_gazebo_plugins:/home/paul/create3_ws/install/irobot_create_ignition_plugins:/home/paul/create3_ws/install/irobot_create_common_bringup:/home/paul/create3_ws/install/irobot_create_description:/home/paul/create3_ws/install/irobot_create_control LD_LIBRARY_PATH=/home/paul/create3_ws/install/irobot_create_toolbox/lib:/home/paul/create3_ws/install/irobot_create_nodes/lib:/home/paul/create3_ws/install/irobot_create_ignition_toolbox/lib:/home/paul/create3_ws/install/irobot_create_gazebo_plugins/lib:/usr/lib/x86_64-linux-gnu/gazebo-11/plugins:/opt/ros/galactic/opt/yaml_cpp_vendor/lib:/opt/ros/galactic/opt/rviz_ogre_vendor/lib:/opt/ros/galactic/lib/x86_64-linux-gnu:/opt/ros/galactic/lib /usr/bin/cmake --install /home/paul/create3_ws/build/irobot_create_nodes
