[0.266s] DEBUG:colcon:Command line arguments: ['/usr/bin/colcon', 'list', '-p', '--base-paths', '/home/paul/create3_ws']
[0.266s] DEBUG:colcon:Parsed command line arguments: Namespace(allow_overriding=[], base_paths=['/home/paul/create3_ws'], build_base='build', ignore_user_meta=False, log_base=None, log_level=None, main=<bound method ListVerb.main of <colcon_package_information.verb.list.ListVerb object at 0x7f2043206190>>, metas=['./colcon.meta'], names_only=False, packages_above=None, packages_above_and_dependencies=None, packages_above_depth=None, packages_end=None, packages_ignore=None, packages_ignore_regex=None, packages_select=None, packages_select_build_failed=False, packages_select_by_dep=None, packages_select_regex=None, packages_select_test_failures=False, packages_skip=None, packages_skip_build_finished=False, packages_skip_by_dep=None, packages_skip_regex=None, packages_skip_test_passed=False, packages_skip_up_to=None, packages_start=None, packages_up_to=None, packages_up_to_regex=None, paths=None, paths_only=True, topological_graph=False, topological_graph_density=False, topological_graph_dot=False, topological_graph_dot_cluster=False, topological_graph_dot_include_skipped=False, topological_graph_legend=False, topological_order=False, verb_extension=<colcon_package_information.verb.list.ListVerb object at 0x7f2043206190>, verb_name='list', verb_parser=<colcon_defaults.argument_parser.defaults.DefaultArgumentsDecorator object at 0x7f2043179550>)
[0.290s] Level 1:colcon.colcon_core.package_discovery:discover_packages(colcon_meta) check parameters
[0.290s] Level 1:colcon.colcon_core.package_discovery:discover_packages(recursive) check parameters
[0.290s] Level 1:colcon.colcon_core.package_discovery:discover_packages(ignore) check parameters
[0.290s] Level 1:colcon.colcon_core.package_discovery:discover_packages(path) check parameters
[0.290s] Level 1:colcon.colcon_core.package_discovery:discover_packages(recursive) discover
[0.290s] INFO:colcon.colcon_core.package_discovery:Crawling recursively for packages in '/home/paul/create3_ws'
[0.290s] Level 1:colcon.colcon_core.package_identification:_identify(/home/paul/create3_ws) by extensions ['ignore', 'ignore_ament_install']
[0.291s] Level 1:colcon.colcon_core.package_identification:_identify(/home/paul/create3_ws) by extension 'ignore'
[0.291s] Level 1:colcon.colcon_core.package_identification:_identify(/home/paul/create3_ws) by extension 'ignore_ament_install'
[0.291s] Level 1:colcon.colcon_core.package_identification:_identify(/home/paul/create3_ws) by extensions ['colcon_pkg']
[0.291s] Level 1:colcon.colcon_core.package_identification:_identify(/home/paul/create3_ws) by extension 'colcon_pkg'
[0.291s] Level 1:colcon.colcon_core.package_identification:_identify(/home/paul/create3_ws) by extensions ['colcon_meta']
[0.291s] Level 1:colcon.colcon_core.package_identification:_identify(/home/paul/create3_ws) by extension 'colcon_meta'
[0.291s] Level 1:colcon.colcon_core.package_identification:_identify(/home/paul/create3_ws) by extensions ['ros']
[0.291s] Level 1:colcon.colcon_core.package_identification:_identify(/home/paul/create3_ws) by extension 'ros'
[0.303s] Level 1:colcon.colcon_core.package_identification:_identify(/home/paul/create3_ws) by extensions ['cmake', 'python']
[0.303s] Level 1:colcon.colcon_core.package_identification:_identify(/home/paul/create3_ws) by extension 'cmake'
[0.303s] Level 1:colcon.colcon_core.package_identification:_identify(/home/paul/create3_ws) by extension 'python'
[0.303s] Level 1:colcon.colcon_core.package_identification:_identify(/home/paul/create3_ws) by extensions ['python_setup_py']
[0.303s] Level 1:colcon.colcon_core.package_identification:_identify(/home/paul/create3_ws) by extension 'python_setup_py'
[0.303s] Level 1:colcon.colcon_core.package_identification:_identify(/home/paul/create3_ws/build) by extensions ['ignore', 'ignore_ament_install']
[0.303s] Level 1:colcon.colcon_core.package_identification:_identify(/home/paul/create3_ws/build) by extension 'ignore'
[0.303s] Level 1:colcon.colcon_core.package_identification:_identify(/home/paul/create3_ws/build) ignored
[0.303s] Level 1:colcon.colcon_core.package_identification:_identify(/home/paul/create3_ws/install) by extensions ['ignore', 'ignore_ament_install']
[0.303s] Level 1:colcon.colcon_core.package_identification:_identify(/home/paul/create3_ws/install) by extension 'ignore'
[0.303s] Level 1:colcon.colcon_core.package_identification:_identify(/home/paul/create3_ws/install) ignored
[0.303s] Level 1:colcon.colcon_core.package_identification:_identify(/home/paul/create3_ws/log) by extensions ['ignore', 'ignore_ament_install']
[0.303s] Level 1:colcon.colcon_core.package_identification:_identify(/home/paul/create3_ws/log) by extension 'ignore'
[0.304s] Level 1:colcon.colcon_core.package_identification:_identify(/home/paul/create3_ws/log) ignored
[0.304s] Level 1:colcon.colcon_core.package_identification:_identify(/home/paul/create3_ws/src) by extensions ['ignore', 'ignore_ament_install']
[0.304s] Level 1:colcon.colcon_core.package_identification:_identify(/home/paul/create3_ws/src) by extension 'ignore'
[0.304s] Level 1:colcon.colcon_core.package_identification:_identify(/home/paul/create3_ws/src) by extension 'ignore_ament_install'
[0.304s] Level 1:colcon.colcon_core.package_identification:_identify(/home/paul/create3_ws/src) by extensions ['colcon_pkg']
[0.304s] Level 1:colcon.colcon_core.package_identification:_identify(/home/paul/create3_ws/src) by extension 'colcon_pkg'
[0.304s] Level 1:colcon.colcon_core.package_identification:_identify(/home/paul/create3_ws/src) by extensions ['colcon_meta']
[0.304s] Level 1:colcon.colcon_core.package_identification:_identify(/home/paul/create3_ws/src) by extension 'colcon_meta'
[0.304s] Level 1:colcon.colcon_core.package_identification:_identify(/home/paul/create3_ws/src) by extensions ['ros']
[0.304s] Level 1:colcon.colcon_core.package_identification:_identify(/home/paul/create3_ws/src) by extension 'ros'
[0.304s] Level 1:colcon.colcon_core.package_identification:_identify(/home/paul/create3_ws/src) by extensions ['cmake', 'python']
[0.304s] Level 1:colcon.colcon_core.package_identification:_identify(/home/paul/create3_ws/src) by extension 'cmake'
[0.304s] Level 1:colcon.colcon_core.package_identification:_identify(/home/paul/create3_ws/src) by extension 'python'
[0.304s] Level 1:colcon.colcon_core.package_identification:_identify(/home/paul/create3_ws/src) by extensions ['python_setup_py']
[0.304s] Level 1:colcon.colcon_core.package_identification:_identify(/home/paul/create3_ws/src) by extension 'python_setup_py'
[0.304s] Level 1:colcon.colcon_core.package_identification:_identify(/home/paul/create3_ws/src/create3_sim) by extensions ['ignore', 'ignore_ament_install']
[0.304s] Level 1:colcon.colcon_core.package_identification:_identify(/home/paul/create3_ws/src/create3_sim) by extension 'ignore'
[0.304s] Level 1:colcon.colcon_core.package_identification:_identify(/home/paul/create3_ws/src/create3_sim) by extension 'ignore_ament_install'
[0.304s] Level 1:colcon.colcon_core.package_identification:_identify(/home/paul/create3_ws/src/create3_sim) by extensions ['colcon_pkg']
[0.304s] Level 1:colcon.colcon_core.package_identification:_identify(/home/paul/create3_ws/src/create3_sim) by extension 'colcon_pkg'
[0.305s] Level 1:colcon.colcon_core.package_identification:_identify(/home/paul/create3_ws/src/create3_sim) by extensions ['colcon_meta']
[0.305s] Level 1:colcon.colcon_core.package_identification:_identify(/home/paul/create3_ws/src/create3_sim) by extension 'colcon_meta'
[0.305s] Level 1:colcon.colcon_core.package_identification:_identify(/home/paul/create3_ws/src/create3_sim) by extensions ['ros']
[0.305s] Level 1:colcon.colcon_core.package_identification:_identify(/home/paul/create3_ws/src/create3_sim) by extension 'ros'
[0.305s] Level 1:colcon.colcon_core.package_identification:_identify(/home/paul/create3_ws/src/create3_sim) by extensions ['cmake', 'python']
[0.305s] Level 1:colcon.colcon_core.package_identification:_identify(/home/paul/create3_ws/src/create3_sim) by extension 'cmake'
[0.305s] Level 1:colcon.colcon_core.package_identification:_identify(/home/paul/create3_ws/src/create3_sim) by extension 'python'
[0.305s] Level 1:colcon.colcon_core.package_identification:_identify(/home/paul/create3_ws/src/create3_sim) by extensions ['python_setup_py']
[0.305s] Level 1:colcon.colcon_core.package_identification:_identify(/home/paul/create3_ws/src/create3_sim) by extension 'python_setup_py'
[0.305s] Level 1:colcon.colcon_core.package_identification:_identify(/home/paul/create3_ws/src/create3_sim/irobot_create_common) by extensions ['ignore', 'ignore_ament_install']
[0.305s] Level 1:colcon.colcon_core.package_identification:_identify(/home/paul/create3_ws/src/create3_sim/irobot_create_common) by extension 'ignore'
[0.305s] Level 1:colcon.colcon_core.package_identification:_identify(/home/paul/create3_ws/src/create3_sim/irobot_create_common) by extension 'ignore_ament_install'
[0.305s] Level 1:colcon.colcon_core.package_identification:_identify(/home/paul/create3_ws/src/create3_sim/irobot_create_common) by extensions ['colcon_pkg']
[0.305s] Level 1:colcon.colcon_core.package_identification:_identify(/home/paul/create3_ws/src/create3_sim/irobot_create_common) by extension 'colcon_pkg'
[0.305s] Level 1:colcon.colcon_core.package_identification:_identify(/home/paul/create3_ws/src/create3_sim/irobot_create_common) by extensions ['colcon_meta']
[0.305s] Level 1:colcon.colcon_core.package_identification:_identify(/home/paul/create3_ws/src/create3_sim/irobot_create_common) by extension 'colcon_meta'
[0.305s] Level 1:colcon.colcon_core.package_identification:_identify(/home/paul/create3_ws/src/create3_sim/irobot_create_common) by extensions ['ros']
[0.305s] Level 1:colcon.colcon_core.package_identification:_identify(/home/paul/create3_ws/src/create3_sim/irobot_create_common) by extension 'ros'
[0.305s] Level 1:colcon.colcon_core.package_identification:_identify(/home/paul/create3_ws/src/create3_sim/irobot_create_common) by extensions ['cmake', 'python']
[0.305s] Level 1:colcon.colcon_core.package_identification:_identify(/home/paul/create3_ws/src/create3_sim/irobot_create_common) by extension 'cmake'
[0.306s] Level 1:colcon.colcon_core.package_identification:_identify(/home/paul/create3_ws/src/create3_sim/irobot_create_common) by extension 'python'
[0.306s] Level 1:colcon.colcon_core.package_identification:_identify(/home/paul/create3_ws/src/create3_sim/irobot_create_common) by extensions ['python_setup_py']
[0.306s] Level 1:colcon.colcon_core.package_identification:_identify(/home/paul/create3_ws/src/create3_sim/irobot_create_common) by extension 'python_setup_py'
[0.306s] Level 1:colcon.colcon_core.package_identification:_identify(/home/paul/create3_ws/src/create3_sim/irobot_create_common/irobot_create_common_bringup) by extensions ['ignore', 'ignore_ament_install']
[0.306s] Level 1:colcon.colcon_core.package_identification:_identify(/home/paul/create3_ws/src/create3_sim/irobot_create_common/irobot_create_common_bringup) by extension 'ignore'
[0.306s] Level 1:colcon.colcon_core.package_identification:_identify(/home/paul/create3_ws/src/create3_sim/irobot_create_common/irobot_create_common_bringup) by extension 'ignore_ament_install'
[0.306s] Level 1:colcon.colcon_core.package_identification:_identify(/home/paul/create3_ws/src/create3_sim/irobot_create_common/irobot_create_common_bringup) by extensions ['colcon_pkg']
[0.306s] Level 1:colcon.colcon_core.package_identification:_identify(/home/paul/create3_ws/src/create3_sim/irobot_create_common/irobot_create_common_bringup) by extension 'colcon_pkg'
[0.306s] Level 1:colcon.colcon_core.package_identification:_identify(/home/paul/create3_ws/src/create3_sim/irobot_create_common/irobot_create_common_bringup) by extensions ['colcon_meta']
[0.306s] Level 1:colcon.colcon_core.package_identification:_identify(/home/paul/create3_ws/src/create3_sim/irobot_create_common/irobot_create_common_bringup) by extension 'colcon_meta'
[0.306s] Level 1:colcon.colcon_core.package_identification:_identify(/home/paul/create3_ws/src/create3_sim/irobot_create_common/irobot_create_common_bringup) by extensions ['ros']
[0.306s] Level 1:colcon.colcon_core.package_identification:_identify(/home/paul/create3_ws/src/create3_sim/irobot_create_common/irobot_create_common_bringup) by extension 'ros'
[0.308s] DEBUG:colcon.colcon_core.package_identification:Package '/home/paul/create3_ws/src/create3_sim/irobot_create_common/irobot_create_common_bringup' with type 'ros.ament_cmake' and name 'irobot_create_common_bringup'
[0.308s] Level 1:colcon.colcon_core.package_identification:_identify(/home/paul/create3_ws/src/create3_sim/irobot_create_common/irobot_create_control) by extensions ['ignore', 'ignore_ament_install']
[0.309s] Level 1:colcon.colcon_core.package_identification:_identify(/home/paul/create3_ws/src/create3_sim/irobot_create_common/irobot_create_control) by extension 'ignore'
[0.309s] Level 1:colcon.colcon_core.package_identification:_identify(/home/paul/create3_ws/src/create3_sim/irobot_create_common/irobot_create_control) by extension 'ignore_ament_install'
[0.309s] Level 1:colcon.colcon_core.package_identification:_identify(/home/paul/create3_ws/src/create3_sim/irobot_create_common/irobot_create_control) by extensions ['colcon_pkg']
[0.309s] Level 1:colcon.colcon_core.package_identification:_identify(/home/paul/create3_ws/src/create3_sim/irobot_create_common/irobot_create_control) by extension 'colcon_pkg'
[0.309s] Level 1:colcon.colcon_core.package_identification:_identify(/home/paul/create3_ws/src/create3_sim/irobot_create_common/irobot_create_control) by extensions ['colcon_meta']
[0.309s] Level 1:colcon.colcon_core.package_identification:_identify(/home/paul/create3_ws/src/create3_sim/irobot_create_common/irobot_create_control) by extension 'colcon_meta'
[0.309s] Level 1:colcon.colcon_core.package_identification:_identify(/home/paul/create3_ws/src/create3_sim/irobot_create_common/irobot_create_control) by extensions ['ros']
[0.309s] Level 1:colcon.colcon_core.package_identification:_identify(/home/paul/create3_ws/src/create3_sim/irobot_create_common/irobot_create_control) by extension 'ros'
[0.309s] DEBUG:colcon.colcon_core.package_identification:Package '/home/paul/create3_ws/src/create3_sim/irobot_create_common/irobot_create_control' with type 'ros.ament_cmake' and name 'irobot_create_control'
[0.309s] Level 1:colcon.colcon_core.package_identification:_identify(/home/paul/create3_ws/src/create3_sim/irobot_create_common/irobot_create_description) by extensions ['ignore', 'ignore_ament_install']
[0.309s] Level 1:colcon.colcon_core.package_identification:_identify(/home/paul/create3_ws/src/create3_sim/irobot_create_common/irobot_create_description) by extension 'ignore'
[0.310s] Level 1:colcon.colcon_core.package_identification:_identify(/home/paul/create3_ws/src/create3_sim/irobot_create_common/irobot_create_description) by extension 'ignore_ament_install'
[0.310s] Level 1:colcon.colcon_core.package_identification:_identify(/home/paul/create3_ws/src/create3_sim/irobot_create_common/irobot_create_description) by extensions ['colcon_pkg']
[0.310s] Level 1:colcon.colcon_core.package_identification:_identify(/home/paul/create3_ws/src/create3_sim/irobot_create_common/irobot_create_description) by extension 'colcon_pkg'
[0.310s] Level 1:colcon.colcon_core.package_identification:_identify(/home/paul/create3_ws/src/create3_sim/irobot_create_common/irobot_create_description) by extensions ['colcon_meta']
[0.310s] Level 1:colcon.colcon_core.package_identification:_identify(/home/paul/create3_ws/src/create3_sim/irobot_create_common/irobot_create_description) by extension 'colcon_meta'
[0.310s] Level 1:colcon.colcon_core.package_identification:_identify(/home/paul/create3_ws/src/create3_sim/irobot_create_common/irobot_create_description) by extensions ['ros']
[0.310s] Level 1:colcon.colcon_core.package_identification:_identify(/home/paul/create3_ws/src/create3_sim/irobot_create_common/irobot_create_description) by extension 'ros'
[0.311s] DEBUG:colcon.colcon_core.package_identification:Package '/home/paul/create3_ws/src/create3_sim/irobot_create_common/irobot_create_description' with type 'ros.ament_cmake' and name 'irobot_create_description'
[0.311s] Level 1:colcon.colcon_core.package_identification:_identify(/home/paul/create3_ws/src/create3_sim/irobot_create_common/irobot_create_nodes) by extensions ['ignore', 'ignore_ament_install']
[0.312s] Level 1:colcon.colcon_core.package_identification:_identify(/home/paul/create3_ws/src/create3_sim/irobot_create_common/irobot_create_nodes) by extension 'ignore'
[0.312s] Level 1:colcon.colcon_core.package_identification:_identify(/home/paul/create3_ws/src/create3_sim/irobot_create_common/irobot_create_nodes) by extension 'ignore_ament_install'
[0.312s] Level 1:colcon.colcon_core.package_identification:_identify(/home/paul/create3_ws/src/create3_sim/irobot_create_common/irobot_create_nodes) by extensions ['colcon_pkg']
[0.312s] Level 1:colcon.colcon_core.package_identification:_identify(/home/paul/create3_ws/src/create3_sim/irobot_create_common/irobot_create_nodes) by extension 'colcon_pkg'
[0.312s] Level 1:colcon.colcon_core.package_identification:_identify(/home/paul/create3_ws/src/create3_sim/irobot_create_common/irobot_create_nodes) by extensions ['colcon_meta']
[0.312s] Level 1:colcon.colcon_core.package_identification:_identify(/home/paul/create3_ws/src/create3_sim/irobot_create_common/irobot_create_nodes) by extension 'colcon_meta'
[0.312s] Level 1:colcon.colcon_core.package_identification:_identify(/home/paul/create3_ws/src/create3_sim/irobot_create_common/irobot_create_nodes) by extensions ['ros']
[0.312s] Level 1:colcon.colcon_core.package_identification:_identify(/home/paul/create3_ws/src/create3_sim/irobot_create_common/irobot_create_nodes) by extension 'ros'
[0.313s] DEBUG:colcon.colcon_core.package_identification:Package '/home/paul/create3_ws/src/create3_sim/irobot_create_common/irobot_create_nodes' with type 'ros.ament_cmake' and name 'irobot_create_nodes'
[0.313s] Level 1:colcon.colcon_core.package_identification:_identify(/home/paul/create3_ws/src/create3_sim/irobot_create_common/irobot_create_toolbox) by extensions ['ignore', 'ignore_ament_install']
[0.313s] Level 1:colcon.colcon_core.package_identification:_identify(/home/paul/create3_ws/src/create3_sim/irobot_create_common/irobot_create_toolbox) by extension 'ignore'
[0.313s] Level 1:colcon.colcon_core.package_identification:_identify(/home/paul/create3_ws/src/create3_sim/irobot_create_common/irobot_create_toolbox) by extension 'ignore_ament_install'
[0.314s] Level 1:colcon.colcon_core.package_identification:_identify(/home/paul/create3_ws/src/create3_sim/irobot_create_common/irobot_create_toolbox) by extensions ['colcon_pkg']
[0.314s] Level 1:colcon.colcon_core.package_identification:_identify(/home/paul/create3_ws/src/create3_sim/irobot_create_common/irobot_create_toolbox) by extension 'colcon_pkg'
[0.314s] Level 1:colcon.colcon_core.package_identification:_identify(/home/paul/create3_ws/src/create3_sim/irobot_create_common/irobot_create_toolbox) by extensions ['colcon_meta']
[0.314s] Level 1:colcon.colcon_core.package_identification:_identify(/home/paul/create3_ws/src/create3_sim/irobot_create_common/irobot_create_toolbox) by extension 'colcon_meta'
[0.314s] Level 1:colcon.colcon_core.package_identification:_identify(/home/paul/create3_ws/src/create3_sim/irobot_create_common/irobot_create_toolbox) by extensions ['ros']
[0.314s] Level 1:colcon.colcon_core.package_identification:_identify(/home/paul/create3_ws/src/create3_sim/irobot_create_common/irobot_create_toolbox) by extension 'ros'
[0.314s] DEBUG:colcon.colcon_core.package_identification:Package '/home/paul/create3_ws/src/create3_sim/irobot_create_common/irobot_create_toolbox' with type 'ros.ament_cmake' and name 'irobot_create_toolbox'
[0.314s] Level 1:colcon.colcon_core.package_identification:_identify(/home/paul/create3_ws/src/create3_sim/irobot_create_gazebo) by extensions ['ignore', 'ignore_ament_install']
[0.314s] Level 1:colcon.colcon_core.package_identification:_identify(/home/paul/create3_ws/src/create3_sim/irobot_create_gazebo) by extension 'ignore'
[0.315s] Level 1:colcon.colcon_core.package_identification:_identify(/home/paul/create3_ws/src/create3_sim/irobot_create_gazebo) by extension 'ignore_ament_install'
[0.315s] Level 1:colcon.colcon_core.package_identification:_identify(/home/paul/create3_ws/src/create3_sim/irobot_create_gazebo) by extensions ['colcon_pkg']
[0.315s] Level 1:colcon.colcon_core.package_identification:_identify(/home/paul/create3_ws/src/create3_sim/irobot_create_gazebo) by extension 'colcon_pkg'
[0.315s] Level 1:colcon.colcon_core.package_identification:_identify(/home/paul/create3_ws/src/create3_sim/irobot_create_gazebo) by extensions ['colcon_meta']
[0.315s] Level 1:colcon.colcon_core.package_identification:_identify(/home/paul/create3_ws/src/create3_sim/irobot_create_gazebo) by extension 'colcon_meta'
[0.315s] Level 1:colcon.colcon_core.package_identification:_identify(/home/paul/create3_ws/src/create3_sim/irobot_create_gazebo) by extensions ['ros']
[0.315s] Level 1:colcon.colcon_core.package_identification:_identify(/home/paul/create3_ws/src/create3_sim/irobot_create_gazebo) by extension 'ros'
[0.315s] Level 1:colcon.colcon_core.package_identification:_identify(/home/paul/create3_ws/src/create3_sim/irobot_create_gazebo) by extensions ['cmake', 'python']
[0.315s] Level 1:colcon.colcon_core.package_identification:_identify(/home/paul/create3_ws/src/create3_sim/irobot_create_gazebo) by extension 'cmake'
[0.315s] Level 1:colcon.colcon_core.package_identification:_identify(/home/paul/create3_ws/src/create3_sim/irobot_create_gazebo) by extension 'python'
[0.315s] Level 1:colcon.colcon_core.package_identification:_identify(/home/paul/create3_ws/src/create3_sim/irobot_create_gazebo) by extensions ['python_setup_py']
[0.315s] Level 1:colcon.colcon_core.package_identification:_identify(/home/paul/create3_ws/src/create3_sim/irobot_create_gazebo) by extension 'python_setup_py'
[0.315s] Level 1:colcon.colcon_core.package_identification:_identify(/home/paul/create3_ws/src/create3_sim/irobot_create_gazebo/irobot_create_gazebo_bringup) by extensions ['ignore', 'ignore_ament_install']
[0.315s] Level 1:colcon.colcon_core.package_identification:_identify(/home/paul/create3_ws/src/create3_sim/irobot_create_gazebo/irobot_create_gazebo_bringup) by extension 'ignore'
[0.315s] Level 1:colcon.colcon_core.package_identification:_identify(/home/paul/create3_ws/src/create3_sim/irobot_create_gazebo/irobot_create_gazebo_bringup) by extension 'ignore_ament_install'
[0.315s] Level 1:colcon.colcon_core.package_identification:_identify(/home/paul/create3_ws/src/create3_sim/irobot_create_gazebo/irobot_create_gazebo_bringup) by extensions ['colcon_pkg']
[0.315s] Level 1:colcon.colcon_core.package_identification:_identify(/home/paul/create3_ws/src/create3_sim/irobot_create_gazebo/irobot_create_gazebo_bringup) by extension 'colcon_pkg'
[0.315s] Level 1:colcon.colcon_core.package_identification:_identify(/home/paul/create3_ws/src/create3_sim/irobot_create_gazebo/irobot_create_gazebo_bringup) by extensions ['colcon_meta']
[0.315s] Level 1:colcon.colcon_core.package_identification:_identify(/home/paul/create3_ws/src/create3_sim/irobot_create_gazebo/irobot_create_gazebo_bringup) by extension 'colcon_meta'
[0.315s] Level 1:colcon.colcon_core.package_identification:_identify(/home/paul/create3_ws/src/create3_sim/irobot_create_gazebo/irobot_create_gazebo_bringup) by extensions ['ros']
[0.315s] Level 1:colcon.colcon_core.package_identification:_identify(/home/paul/create3_ws/src/create3_sim/irobot_create_gazebo/irobot_create_gazebo_bringup) by extension 'ros'
[0.325s] DEBUG:colcon.colcon_core.package_identification:Package '/home/paul/create3_ws/src/create3_sim/irobot_create_gazebo/irobot_create_gazebo_bringup' with type 'ros.ament_cmake' and name 'irobot_create_gazebo_bringup'
[0.325s] Level 1:colcon.colcon_core.package_identification:_identify(/home/paul/create3_ws/src/create3_sim/irobot_create_gazebo/irobot_create_gazebo_plugins) by extensions ['ignore', 'ignore_ament_install']
[0.325s] Level 1:colcon.colcon_core.package_identification:_identify(/home/paul/create3_ws/src/create3_sim/irobot_create_gazebo/irobot_create_gazebo_plugins) by extension 'ignore'
[0.325s] Level 1:colcon.colcon_core.package_identification:_identify(/home/paul/create3_ws/src/create3_sim/irobot_create_gazebo/irobot_create_gazebo_plugins) by extension 'ignore_ament_install'
[0.325s] Level 1:colcon.colcon_core.package_identification:_identify(/home/paul/create3_ws/src/create3_sim/irobot_create_gazebo/irobot_create_gazebo_plugins) by extensions ['colcon_pkg']
[0.325s] Level 1:colcon.colcon_core.package_identification:_identify(/home/paul/create3_ws/src/create3_sim/irobot_create_gazebo/irobot_create_gazebo_plugins) by extension 'colcon_pkg'
[0.326s] Level 1:colcon.colcon_core.package_identification:_identify(/home/paul/create3_ws/src/create3_sim/irobot_create_gazebo/irobot_create_gazebo_plugins) by extensions ['colcon_meta']
[0.326s] Level 1:colcon.colcon_core.package_identification:_identify(/home/paul/create3_ws/src/create3_sim/irobot_create_gazebo/irobot_create_gazebo_plugins) by extension 'colcon_meta'
[0.326s] Level 1:colcon.colcon_core.package_identification:_identify(/home/paul/create3_ws/src/create3_sim/irobot_create_gazebo/irobot_create_gazebo_plugins) by extensions ['ros']
[0.326s] Level 1:colcon.colcon_core.package_identification:_identify(/home/paul/create3_ws/src/create3_sim/irobot_create_gazebo/irobot_create_gazebo_plugins) by extension 'ros'
[0.327s] DEBUG:colcon.colcon_core.package_identification:Package '/home/paul/create3_ws/src/create3_sim/irobot_create_gazebo/irobot_create_gazebo_plugins' with type 'ros.ament_cmake' and name 'irobot_create_gazebo_plugins'
[0.327s] Level 1:colcon.colcon_core.package_identification:_identify(/home/paul/create3_ws/src/create3_sim/irobot_create_gazebo/irobot_create_gazebo_sim) by extensions ['ignore', 'ignore_ament_install']
[0.327s] Level 1:colcon.colcon_core.package_identification:_identify(/home/paul/create3_ws/src/create3_sim/irobot_create_gazebo/irobot_create_gazebo_sim) by extension 'ignore'
[0.327s] Level 1:colcon.colcon_core.package_identification:_identify(/home/paul/create3_ws/src/create3_sim/irobot_create_gazebo/irobot_create_gazebo_sim) by extension 'ignore_ament_install'
[0.327s] Level 1:colcon.colcon_core.package_identification:_identify(/home/paul/create3_ws/src/create3_sim/irobot_create_gazebo/irobot_create_gazebo_sim) by extensions ['colcon_pkg']
[0.327s] Level 1:colcon.colcon_core.package_identification:_identify(/home/paul/create3_ws/src/create3_sim/irobot_create_gazebo/irobot_create_gazebo_sim) by extension 'colcon_pkg'
[0.327s] Level 1:colcon.colcon_core.package_identification:_identify(/home/paul/create3_ws/src/create3_sim/irobot_create_gazebo/irobot_create_gazebo_sim) by extensions ['colcon_meta']
[0.327s] Level 1:colcon.colcon_core.package_identification:_identify(/home/paul/create3_ws/src/create3_sim/irobot_create_gazebo/irobot_create_gazebo_sim) by extension 'colcon_meta'
[0.327s] Level 1:colcon.colcon_core.package_identification:_identify(/home/paul/create3_ws/src/create3_sim/irobot_create_gazebo/irobot_create_gazebo_sim) by extensions ['ros']
[0.327s] Level 1:colcon.colcon_core.package_identification:_identify(/home/paul/create3_ws/src/create3_sim/irobot_create_gazebo/irobot_create_gazebo_sim) by extension 'ros'
[0.328s] DEBUG:colcon.colcon_core.package_identification:Package '/home/paul/create3_ws/src/create3_sim/irobot_create_gazebo/irobot_create_gazebo_sim' with type 'ros.ament_cmake' and name 'irobot_create_gazebo_sim'
[0.328s] Level 1:colcon.colcon_core.package_identification:_identify(/home/paul/create3_ws/src/create3_sim/irobot_create_ignition) by extensions ['ignore', 'ignore_ament_install']
[0.328s] Level 1:colcon.colcon_core.package_identification:_identify(/home/paul/create3_ws/src/create3_sim/irobot_create_ignition) by extension 'ignore'
[0.328s] Level 1:colcon.colcon_core.package_identification:_identify(/home/paul/create3_ws/src/create3_sim/irobot_create_ignition) by extension 'ignore_ament_install'
[0.328s] Level 1:colcon.colcon_core.package_identification:_identify(/home/paul/create3_ws/src/create3_sim/irobot_create_ignition) by extensions ['colcon_pkg']
[0.328s] Level 1:colcon.colcon_core.package_identification:_identify(/home/paul/create3_ws/src/create3_sim/irobot_create_ignition) by extension 'colcon_pkg'
[0.328s] Level 1:colcon.colcon_core.package_identification:_identify(/home/paul/create3_ws/src/create3_sim/irobot_create_ignition) by extensions ['colcon_meta']
[0.328s] Level 1:colcon.colcon_core.package_identification:_identify(/home/paul/create3_ws/src/create3_sim/irobot_create_ignition) by extension 'colcon_meta'
[0.328s] Level 1:colcon.colcon_core.package_identification:_identify(/home/paul/create3_ws/src/create3_sim/irobot_create_ignition) by extensions ['ros']
[0.328s] Level 1:colcon.colcon_core.package_identification:_identify(/home/paul/create3_ws/src/create3_sim/irobot_create_ignition) by extension 'ros'
[0.329s] Level 1:colcon.colcon_core.package_identification:_identify(/home/paul/create3_ws/src/create3_sim/irobot_create_ignition) by extensions ['cmake', 'python']
[0.329s] Level 1:colcon.colcon_core.package_identification:_identify(/home/paul/create3_ws/src/create3_sim/irobot_create_ignition) by extension 'cmake'
[0.329s] Level 1:colcon.colcon_core.package_identification:_identify(/home/paul/create3_ws/src/create3_sim/irobot_create_ignition) by extension 'python'
[0.329s] Level 1:colcon.colcon_core.package_identification:_identify(/home/paul/create3_ws/src/create3_sim/irobot_create_ignition) by extensions ['python_setup_py']
[0.329s] Level 1:colcon.colcon_core.package_identification:_identify(/home/paul/create3_ws/src/create3_sim/irobot_create_ignition) by extension 'python_setup_py'
[0.329s] Level 1:colcon.colcon_core.package_identification:_identify(/home/paul/create3_ws/src/create3_sim/irobot_create_ignition/irobot_create_ignition_bringup) by extensions ['ignore', 'ignore_ament_install']
[0.329s] Level 1:colcon.colcon_core.package_identification:_identify(/home/paul/create3_ws/src/create3_sim/irobot_create_ignition/irobot_create_ignition_bringup) by extension 'ignore'
[0.329s] Level 1:colcon.colcon_core.package_identification:_identify(/home/paul/create3_ws/src/create3_sim/irobot_create_ignition/irobot_create_ignition_bringup) by extension 'ignore_ament_install'
[0.329s] Level 1:colcon.colcon_core.package_identification:_identify(/home/paul/create3_ws/src/create3_sim/irobot_create_ignition/irobot_create_ignition_bringup) by extensions ['colcon_pkg']
[0.329s] Level 1:colcon.colcon_core.package_identification:_identify(/home/paul/create3_ws/src/create3_sim/irobot_create_ignition/irobot_create_ignition_bringup) by extension 'colcon_pkg'
[0.329s] Level 1:colcon.colcon_core.package_identification:_identify(/home/paul/create3_ws/src/create3_sim/irobot_create_ignition/irobot_create_ignition_bringup) by extensions ['colcon_meta']
[0.329s] Level 1:colcon.colcon_core.package_identification:_identify(/home/paul/create3_ws/src/create3_sim/irobot_create_ignition/irobot_create_ignition_bringup) by extension 'colcon_meta'
[0.329s] Level 1:colcon.colcon_core.package_identification:_identify(/home/paul/create3_ws/src/create3_sim/irobot_create_ignition/irobot_create_ignition_bringup) by extensions ['ros']
[0.329s] Level 1:colcon.colcon_core.package_identification:_identify(/home/paul/create3_ws/src/create3_sim/irobot_create_ignition/irobot_create_ignition_bringup) by extension 'ros'
[0.330s] DEBUG:colcon.colcon_core.package_identification:Package '/home/paul/create3_ws/src/create3_sim/irobot_create_ignition/irobot_create_ignition_bringup' with type 'ros.ament_cmake' and name 'irobot_create_ignition_bringup'
[0.330s] Level 1:colcon.colcon_core.package_identification:_identify(/home/paul/create3_ws/src/create3_sim/irobot_create_ignition/irobot_create_ignition_plugins) by extensions ['ignore', 'ignore_ament_install']
[0.330s] Level 1:colcon.colcon_core.package_identification:_identify(/home/paul/create3_ws/src/create3_sim/irobot_create_ignition/irobot_create_ignition_plugins) by extension 'ignore'
[0.330s] Level 1:colcon.colcon_core.package_identification:_identify(/home/paul/create3_ws/src/create3_sim/irobot_create_ignition/irobot_create_ignition_plugins) by extension 'ignore_ament_install'
[0.330s] Level 1:colcon.colcon_core.package_identification:_identify(/home/paul/create3_ws/src/create3_sim/irobot_create_ignition/irobot_create_ignition_plugins) by extensions ['colcon_pkg']
[0.330s] Level 1:colcon.colcon_core.package_identification:_identify(/home/paul/create3_ws/src/create3_sim/irobot_create_ignition/irobot_create_ignition_plugins) by extension 'colcon_pkg'
[0.330s] Level 1:colcon.colcon_core.package_identification:_identify(/home/paul/create3_ws/src/create3_sim/irobot_create_ignition/irobot_create_ignition_plugins) by extensions ['colcon_meta']
[0.330s] Level 1:colcon.colcon_core.package_identification:_identify(/home/paul/create3_ws/src/create3_sim/irobot_create_ignition/irobot_create_ignition_plugins) by extension 'colcon_meta'
[0.330s] Level 1:colcon.colcon_core.package_identification:_identify(/home/paul/create3_ws/src/create3_sim/irobot_create_ignition/irobot_create_ignition_plugins) by extensions ['ros']
[0.330s] Level 1:colcon.colcon_core.package_identification:_identify(/home/paul/create3_ws/src/create3_sim/irobot_create_ignition/irobot_create_ignition_plugins) by extension 'ros'
[0.331s] DEBUG:colcon.colcon_core.package_identification:Package '/home/paul/create3_ws/src/create3_sim/irobot_create_ignition/irobot_create_ignition_plugins' with type 'ros.ament_cmake' and name 'irobot_create_ignition_plugins'
[0.331s] Level 1:colcon.colcon_core.package_identification:_identify(/home/paul/create3_ws/src/create3_sim/irobot_create_ignition/irobot_create_ignition_sim) by extensions ['ignore', 'ignore_ament_install']
[0.331s] Level 1:colcon.colcon_core.package_identification:_identify(/home/paul/create3_ws/src/create3_sim/irobot_create_ignition/irobot_create_ignition_sim) by extension 'ignore'
[0.331s] Level 1:colcon.colcon_core.package_identification:_identify(/home/paul/create3_ws/src/create3_sim/irobot_create_ignition/irobot_create_ignition_sim) by extension 'ignore_ament_install'
[0.331s] Level 1:colcon.colcon_core.package_identification:_identify(/home/paul/create3_ws/src/create3_sim/irobot_create_ignition/irobot_create_ignition_sim) by extensions ['colcon_pkg']
[0.331s] Level 1:colcon.colcon_core.package_identification:_identify(/home/paul/create3_ws/src/create3_sim/irobot_create_ignition/irobot_create_ignition_sim) by extension 'colcon_pkg'
[0.331s] Level 1:colcon.colcon_core.package_identification:_identify(/home/paul/create3_ws/src/create3_sim/irobot_create_ignition/irobot_create_ignition_sim) by extensions ['colcon_meta']
[0.331s] Level 1:colcon.colcon_core.package_identification:_identify(/home/paul/create3_ws/src/create3_sim/irobot_create_ignition/irobot_create_ignition_sim) by extension 'colcon_meta'
[0.331s] Level 1:colcon.colcon_core.package_identification:_identify(/home/paul/create3_ws/src/create3_sim/irobot_create_ignition/irobot_create_ignition_sim) by extensions ['ros']
[0.331s] Level 1:colcon.colcon_core.package_identification:_identify(/home/paul/create3_ws/src/create3_sim/irobot_create_ignition/irobot_create_ignition_sim) by extension 'ros'
[0.332s] DEBUG:colcon.colcon_core.package_identification:Package '/home/paul/create3_ws/src/create3_sim/irobot_create_ignition/irobot_create_ignition_sim' with type 'ros.ament_cmake' and name 'irobot_create_ignition_sim'
[0.332s] Level 1:colcon.colcon_core.package_identification:_identify(/home/paul/create3_ws/src/create3_sim/irobot_create_ignition/irobot_create_ignition_toolbox) by extensions ['ignore', 'ignore_ament_install']
[0.332s] Level 1:colcon.colcon_core.package_identification:_identify(/home/paul/create3_ws/src/create3_sim/irobot_create_ignition/irobot_create_ignition_toolbox) by extension 'ignore'
[0.332s] Level 1:colcon.colcon_core.package_identification:_identify(/home/paul/create3_ws/src/create3_sim/irobot_create_ignition/irobot_create_ignition_toolbox) by extension 'ignore_ament_install'
[0.332s] Level 1:colcon.colcon_core.package_identification:_identify(/home/paul/create3_ws/src/create3_sim/irobot_create_ignition/irobot_create_ignition_toolbox) by extensions ['colcon_pkg']
[0.332s] Level 1:colcon.colcon_core.package_identification:_identify(/home/paul/create3_ws/src/create3_sim/irobot_create_ignition/irobot_create_ignition_toolbox) by extension 'colcon_pkg'
[0.332s] Level 1:colcon.colcon_core.package_identification:_identify(/home/paul/create3_ws/src/create3_sim/irobot_create_ignition/irobot_create_ignition_toolbox) by extensions ['colcon_meta']
[0.332s] Level 1:colcon.colcon_core.package_identification:_identify(/home/paul/create3_ws/src/create3_sim/irobot_create_ignition/irobot_create_ignition_toolbox) by extension 'colcon_meta'
[0.332s] Level 1:colcon.colcon_core.package_identification:_identify(/home/paul/create3_ws/src/create3_sim/irobot_create_ignition/irobot_create_ignition_toolbox) by extensions ['ros']
[0.332s] Level 1:colcon.colcon_core.package_identification:_identify(/home/paul/create3_ws/src/create3_sim/irobot_create_ignition/irobot_create_ignition_toolbox) by extension 'ros'
[0.334s] DEBUG:colcon.colcon_core.package_identification:Package '/home/paul/create3_ws/src/create3_sim/irobot_create_ignition/irobot_create_ignition_toolbox' with type 'ros.ament_cmake' and name 'irobot_create_ignition_toolbox'
[0.334s] Level 1:colcon.colcon_core.package_discovery:discover_packages(recursive) using defaults
[0.350s] INFO:colcon.colcon_metadata.metadata.colcon_pkg:Updating descriptor of package '/home/paul/create3_ws/src/create3_sim/irobot_create_gazebo/irobot_create_gazebo_plugins' from colcon.pkg: {'dependencies': ['Gazebo']}
