[0.373s] Invoking command in '/home/paul/create3_ws/build/irobot_create_description': CMAKE_PREFIX_PATH=${CMAKE_PREFIX_PATH}:/opt/ros/galactic /usr/bin/cmake /home/paul/create3_ws/src/create3_sim/irobot_create_common/irobot_create_description -DCMAKE_INSTALL_PREFIX=/home/paul/create3_ws/install/irobot_create_description
[1.397s] -- Found ament_cmake: 1.1.6 (/opt/ros/galactic/share/ament_cmake/cmake)
[1.768s] -- Using PYTHON_EXECUTABLE: /usr/bin/python3
[2.888s] -- Override CMake install command with custom implementation using symlinks instead of copying resources
[3.335s] -- Found ament_lint_auto: 0.10.7 (/opt/ros/galactic/share/ament_lint_auto/cmake)
[3.505s] -- Added test 'lint_cmake' to check CMake code style
[3.513s] -- Configuring done
[3.641s] -- Generating done
[3.660s] -- Build files have been written to: /home/paul/create3_ws/build/irobot_create_description
[3.672s] Invoked command in '/home/paul/create3_ws/build/irobot_create_description' returned '0': CMAKE_PREFIX_PATH=${CMAKE_PREFIX_PATH}:/opt/ros/galactic /usr/bin/cmake /home/paul/create3_ws/src/create3_sim/irobot_create_common/irobot_create_description -DCMAKE_INSTALL_PREFIX=/home/paul/create3_ws/install/irobot_create_description
[3.676s] Invoking command in '/home/paul/create3_ws/build/irobot_create_description': CMAKE_PREFIX_PATH=${CMAKE_PREFIX_PATH}:/opt/ros/galactic /usr/bin/cmake --build /home/paul/create3_ws/build/irobot_create_description -- -j12 -l12
[3.896s] Invoked command in '/home/paul/create3_ws/build/irobot_create_description' returned '0': CMAKE_PREFIX_PATH=${CMAKE_PREFIX_PATH}:/opt/ros/galactic /usr/bin/cmake --build /home/paul/create3_ws/build/irobot_create_description -- -j12 -l12
[3.941s] Invoking command in '/home/paul/create3_ws/build/irobot_create_description': CMAKE_PREFIX_PATH=${CMAKE_PREFIX_PATH}:/opt/ros/galactic /usr/bin/cmake --install /home/paul/create3_ws/build/irobot_create_description
[3.950s] -- Install configuration: ""
[3.951s] -- Execute custom install script
[3.951s] -- Up-to-date symlink: /home/paul/create3_ws/install/irobot_create_description/share/irobot_create_description//meshes/body_visual.dae
[3.951s] -- Up-to-date symlink: /home/paul/create3_ws/install/irobot_create_description/share/irobot_create_description//meshes/bumper_collision.dae
[3.952s] -- Up-to-date symlink: /home/paul/create3_ws/install/irobot_create_description/share/irobot_create_description//meshes/bumper_visual.dae
[3.952s] -- Up-to-date symlink: /home/paul/create3_ws/install/irobot_create_description/share/irobot_create_description//meshes/dock/visual.dae
[4.001s] -- Up-to-date symlink: /home/paul/create3_ws/install/irobot_create_description/share/irobot_create_description//urdf/bumper.urdf.xacro
[4.005s] -- Up-to-date symlink: /home/paul/create3_ws/install/irobot_create_description/share/irobot_create_description//urdf/button.urdf.xacro
[4.006s] -- Up-to-date symlink: /home/paul/create3_ws/install/irobot_create_description/share/irobot_create_description//urdf/caster.urdf.xacro
[4.007s] -- Up-to-date symlink: /home/paul/create3_ws/install/irobot_create_description/share/irobot_create_description//urdf/common_properties.urdf.xacro
[4.010s] -- Up-to-date symlink: /home/paul/create3_ws/install/irobot_create_description/share/irobot_create_description//urdf/create3.urdf.xacro
[4.014s] -- Up-to-date symlink: /home/paul/create3_ws/install/irobot_create_description/share/irobot_create_description//urdf/dock/ir_emitter.urdf.xacro
[4.017s] -- Up-to-date symlink: /home/paul/create3_ws/install/irobot_create_description/share/irobot_create_description//urdf/dock/standard_dock.urdf.xacro
[4.017s] -- Up-to-date symlink: /home/paul/create3_ws/install/irobot_create_description/share/irobot_create_description//urdf/sensors/cliff_sensor.urdf.xacro
[4.017s] -- Up-to-date symlink: /home/paul/create3_ws/install/irobot_create_description/share/irobot_create_description//urdf/sensors/imu.urdf.xacro
[4.017s] -- Up-to-date symlink: /home/paul/create3_ws/install/irobot_create_description/share/irobot_create_description//urdf/sensors/ir_intensity.urdf.xacro
[4.020s] -- Up-to-date symlink: /home/paul/create3_ws/install/irobot_create_description/share/irobot_create_description//urdf/sensors/ir_opcode_receivers.urdf.xacro
[4.022s] -- Up-to-date symlink: /home/paul/create3_ws/install/irobot_create_description/share/irobot_create_description//urdf/sensors/optical_mouse.urdf.xacro
[4.023s] -- Up-to-date symlink: /home/paul/create3_ws/install/irobot_create_description/share/irobot_create_description//urdf/wheel.urdf.xacro
[4.024s] -- Up-to-date symlink: /home/paul/create3_ws/install/irobot_create_description/share/irobot_create_description//urdf/wheel_drop.urdf.xacro
[4.025s] -- Up-to-date symlink: /home/paul/create3_ws/install/irobot_create_description/share/irobot_create_description//urdf/wheel_with_wheeldrop.urdf.xacro
[4.026s] -- Up-to-date symlink: /home/paul/create3_ws/install/irobot_create_description/share/ament_index/resource_index/package_run_dependencies/irobot_create_description
[4.027s] -- Up-to-date symlink: /home/paul/create3_ws/install/irobot_create_description/share/ament_index/resource_index/parent_prefix_path/irobot_create_description
[4.027s] -- Up-to-date symlink: /home/paul/create3_ws/install/irobot_create_description/share/irobot_create_description/environment/ament_prefix_path.sh
[4.028s] -- Up-to-date symlink: /home/paul/create3_ws/install/irobot_create_description/share/irobot_create_description/environment/ament_prefix_path.dsv
[4.029s] -- Up-to-date symlink: /home/paul/create3_ws/install/irobot_create_description/share/irobot_create_description/environment/path.sh
[4.030s] -- Up-to-date symlink: /home/paul/create3_ws/install/irobot_create_description/share/irobot_create_description/environment/path.dsv
[4.030s] -- Up-to-date symlink: /home/paul/create3_ws/install/irobot_create_description/share/irobot_create_description/local_setup.bash
[4.031s] -- Up-to-date symlink: /home/paul/create3_ws/install/irobot_create_description/share/irobot_create_description/local_setup.sh
[4.031s] -- Up-to-date symlink: /home/paul/create3_ws/install/irobot_create_description/share/irobot_create_description/local_setup.zsh
[4.032s] -- Up-to-date symlink: /home/paul/create3_ws/install/irobot_create_description/share/irobot_create_description/local_setup.dsv
[4.032s] -- Symlinking: /home/paul/create3_ws/install/irobot_create_description/share/irobot_create_description/package.dsv
[4.113s] -- Up-to-date symlink: /home/paul/create3_ws/install/irobot_create_description/share/ament_index/resource_index/packages/irobot_create_description
[4.114s] -- Up-to-date symlink: /home/paul/create3_ws/install/irobot_create_description/share/irobot_create_description/cmake/irobot_create_descriptionConfig.cmake
[4.115s] -- Up-to-date symlink: /home/paul/create3_ws/install/irobot_create_description/share/irobot_create_description/cmake/irobot_create_descriptionConfig-version.cmake
[4.116s] -- Up-to-date symlink: /home/paul/create3_ws/install/irobot_create_description/share/irobot_create_description/package.xml
[5.948s] Invoked command in '/home/paul/create3_ws/build/irobot_create_description' returned '0': CMAKE_PREFIX_PATH=${CMAKE_PREFIX_PATH}:/opt/ros/galactic /usr/bin/cmake --install /home/paul/create3_ws/build/irobot_create_description
