[0.048s] Invoking command in '/home/paul/create3_ws/build/irobot_create_gazebo_plugins': CMAKE_PREFIX_PATH=/home/paul/create3_ws/install/irobot_create_toolbox:/home/paul/create3_ws/install/irobot_create_nodes:/home/paul/create3_ws/install/irobot_create_ignition_sim:/home/paul/create3_ws/install/irobot_create_ignition_bringup:/home/paul/create3_ws/install/irobot_create_ignition_toolbox:/home/paul/create3_ws/install/irobot_create_gazebo_sim:/home/paul/create3_ws/install/irobot_create_gazebo_bringup:/home/paul/create3_ws/install/irobot_create_gazebo_plugins:/home/paul/create3_ws/install/irobot_create_ignition_plugins:/home/paul/create3_ws/install/irobot_create_common_bringup:/home/paul/create3_ws/install/irobot_create_description:/home/paul/create3_ws/install/irobot_create_control:/opt/ros/galactic LD_LIBRARY_PATH=/home/paul/create3_ws/install/irobot_create_toolbox/lib:/home/paul/create3_ws/install/irobot_create_nodes/lib:/home/paul/create3_ws/install/irobot_create_ignition_toolbox/lib:/home/paul/create3_ws/install/irobot_create_gazebo_plugins/lib:/usr/lib/x86_64-linux-gnu/gazebo-11/plugins:/opt/ros/galactic/opt/yaml_cpp_vendor/lib:/opt/ros/galactic/opt/rviz_ogre_vendor/lib:/opt/ros/galactic/lib/x86_64-linux-gnu:/opt/ros/galactic/lib /usr/bin/cmake --build /home/paul/create3_ws/build/irobot_create_gazebo_plugins -- -j12 -l12
[0.084s] -- Found ament_cmake: 1.1.6 (/opt/ros/galactic/share/ament_cmake/cmake)
[0.121s] -- Using PYTHON_EXECUTABLE: /usr/bin/python3
[0.218s] -- Override CMake install command with custom implementation using symlinks instead of copying resources
[0.230s] -- Found geometry_msgs: 2.2.4 (/opt/ros/galactic/share/geometry_msgs/cmake)
[0.266s] -- Using all available rosidl_typesupport_c: rosidl_typesupport_fastrtps_c;rosidl_typesupport_introspection_c
[0.269s] -- Found rosidl_adapter: 2.2.3 (/opt/ros/galactic/share/rosidl_adapter/cmake)
[0.427s] -- Using all available rosidl_typesupport_cpp: rosidl_typesupport_fastrtps_cpp;rosidl_typesupport_introspection_cpp
[0.499s] -- Found irobot_create_msgs: 1.2.4 (/opt/ros/galactic/share/irobot_create_msgs/cmake)
[0.700s] -- Found irobot_create_toolbox: 1.0.3 (/home/paul/create3_ws/install/irobot_create_toolbox/share/irobot_create_toolbox/cmake)
[0.745s] -- Found rmw_implementation_cmake: 3.3.1 (/opt/ros/galactic/share/rmw_implementation_cmake/cmake)
[0.746s] -- Found rmw_cyclonedds_cpp: 0.22.6 (/opt/ros/galactic/share/rmw_cyclonedds_cpp/cmake)
[0.765s] -- Using RMW implementation 'rmw_cyclonedds_cpp' as default
[0.887s] -- Found sensor_msgs: 2.2.4 (/opt/ros/galactic/share/sensor_msgs/cmake)
[0.993s] -- Found DART: /usr/include (Required is at least version "6.6") found components: dart 
[1.020s] -- Found Protobuf: /usr/lib/x86_64-linux-gnu/libprotobuf.so;-lpthread (found version "3.6.1") 
[1.022s] -- Looking for ignition-math6 -- found version 6.13.0
[1.022s] -- Looking for OGRE...
[1.027s] -- Found Ogre Ghadamon (1.9.0)
[1.027s] -- Found OGRE: optimized;/usr/lib/x86_64-linux-gnu/libOgreMain.so;debug;/usr/lib/x86_64-linux-gnu/libOgreMain.so
[1.036s] -- Looking for OGRE_Paging...
[1.036s] -- Found OGRE_Paging: optimized;/usr/lib/x86_64-linux-gnu/libOgrePaging.so;debug;/usr/lib/x86_64-linux-gnu/libOgrePaging.so
[1.036s] -- Looking for OGRE_Terrain...
[1.037s] -- Found OGRE_Terrain: optimized;/usr/lib/x86_64-linux-gnu/libOgreTerrain.so;debug;/usr/lib/x86_64-linux-gnu/libOgreTerrain.so
[1.037s] -- Looking for OGRE_Property...
[1.037s] -- Found OGRE_Property: optimized;/usr/lib/x86_64-linux-gnu/libOgreProperty.so;debug;/usr/lib/x86_64-linux-gnu/libOgreProperty.so
[1.037s] -- Looking for OGRE_RTShaderSystem...
[1.037s] -- Found OGRE_RTShaderSystem: optimized;/usr/lib/x86_64-linux-gnu/libOgreRTShaderSystem.so;debug;/usr/lib/x86_64-linux-gnu/libOgreRTShaderSystem.so
[1.037s] -- Looking for OGRE_Volume...
[1.037s] -- Found OGRE_Volume: optimized;/usr/lib/x86_64-linux-gnu/libOgreVolume.so;debug;/usr/lib/x86_64-linux-gnu/libOgreVolume.so
[1.037s] -- Looking for OGRE_Overlay...
[1.037s] -- Found OGRE_Overlay: optimized;/usr/lib/x86_64-linux-gnu/libOgreOverlay.so;debug;/usr/lib/x86_64-linux-gnu/libOgreOverlay.so
[1.170s] -- Looking for ignition-math6 -- found version 6.13.0
[1.171s] -- Looking for ignition-transport8 -- found version 8.4.0
[1.171s] -- Searching for dependencies of ignition-transport8
[1.190s] -- Found Protobuf: /usr/lib/x86_64-linux-gnu/libprotobuf.so;-lpthread (found suitable version "3.6.1", minimum required is "3") 
[1.203s] -- Config-file not installed for ZeroMQ -- checking for pkg-config
[1.207s] -- Checking for module 'libzmq >= 4'
[1.653s] --   Found libzmq , version 4.3.2
[1.711s] -- Checking for module 'uuid'
[1.732s] --   Found uuid, version 2.34.0
[1.782s] -- Looking for ignition-msgs5 -- found version 5.11.0
[1.783s] -- Searching for dependencies of ignition-msgs5
[1.807s] -- Looking for ignition-math6 -- found version 6.13.0
[1.812s] -- Checking for module 'tinyxml2'
[1.830s] --   Found tinyxml2, version 6.2.0
[1.878s] -- Looking for ignition-msgs5 -- found version 5.11.0
[1.878s] -- Looking for ignition-common3 -- found version 3.15.1
[1.878s] -- Searching for dependencies of ignition-common3
[1.879s] -- Looking for dlfcn.h - found
[1.879s] -- Looking for libdl - found
[1.888s] -- Searching for <ignition-common3> component [graphics]
[1.889s] -- Looking for ignition-common3-graphics -- found version 3.15.1
[1.889s] -- Searching for dependencies of ignition-common3-graphics
[1.889s] -- Looking for ignition-math6 -- found version 6.13.0
[1.891s] -- Looking for ignition-fuel_tools4 -- found version 4.8.1
[1.891s] -- Searching for dependencies of ignition-fuel_tools4
[1.918s] -- Checking for module 'jsoncpp'
[1.935s] --   Found jsoncpp, version 1.7.4
[1.981s] -- Checking for module 'libzip'
[1.997s] --   Found libzip, version 1.5.1
[2.043s] -- Looking for ignition-common3 -- found version 3.15.1
[2.044s] -- Looking for ignition-math6 -- found version 6.13.0
[2.044s] -- Looking for ignition-msgs5 -- found version 5.11.0
[2.045s] -- Gazebo version: 11.12
[2.276s] -- Found ament_lint_auto: 0.10.7 (/opt/ros/galactic/share/ament_lint_auto/cmake)
[2.658s] -- Added test 'cppcheck' to perform static code analysis on C / C++ code
[2.666s] -- Configured cppcheck include dirs: /home/paul/create3_ws/src/create3_sim/irobot_create_gazebo/irobot_create_gazebo_plugins/include
[2.667s] -- Configured cppcheck exclude dirs and/or files: 
[2.672s] -- Added test 'cpplint' to check C / C++ code against the Google style
[2.672s] -- Configured cpplint exclude dirs and/or files: 
[2.676s] -- Added test 'lint_cmake' to check CMake code style
[2.683s] -- Added test 'uncrustify' to check C / C++ code style
[2.683s] -- Configured uncrustify additional arguments: 
[2.684s] -- Added test 'xmllint' to check XML markup files
[2.704s] -- Configuring done
[4.526s] -- Generating done
[4.530s] -- Build files have been written to: /home/paul/create3_ws/build/irobot_create_gazebo_plugins
[4.724s] [35m[1mScanning dependencies of target create_line_plugin[0m
[4.804s] [  9%] Built target gazebo_ros_create_helpers
[4.955s] [ 18%] Built target gazebo_ros_create_optical_mouse
[4.955s] [ 27%] Built target gazebo_ros_create_ir_intensity_sensor
[4.961s] [ 45%] Built target gazebo_ros_create_docking_status
[4.961s] [ 45%] Built target gazebo_ros_create_imu
[4.977s] [ 54%] Built target gazebo_ros_create_bumper
[4.977s] [ 63%] Built target gazebo_ros_create_wheel_drop
[4.980s] [ 72%] Built target gazebo_ros_create_cliff_sensor
[4.980s] [ 81%] Built target docking_manager
[5.024s] [ 90%] Built target gazebo_ros_create_ir_opcode
[5.099s] [ 95%] [32mBuilding CXX object CMakeFiles/create_line_plugin.dir/src/line_plugin.cpp.o[0m
[20.134s] [01m[K/home/paul/create3_ws/src/create3_sim/irobot_create_gazebo/irobot_create_gazebo_plugins/src/line_plugin.cpp:6:10:[m[K [01;31m[Kfatal error: [m[Kgazebo/rendering/Geometry.hh: No such file or directory
[20.134s]     6 | #include [01;31m[K<gazebo/rendering/Geometry.hh>[m[K
[20.134s]       |          [01;31m[K^~~~~~~~~~~~~~~~~~~~~~~~~~~~~~[m[K
[20.135s] compilation terminated.
[21.012s] make[2]: *** [CMakeFiles/create_line_plugin.dir/build.make:63: CMakeFiles/create_line_plugin.dir/src/line_plugin.cpp.o] Error 1
[21.014s] make[1]: *** [CMakeFiles/Makefile2:152: CMakeFiles/create_line_plugin.dir/all] Error 2
[21.014s] make: *** [Makefile:141: all] Error 2
[21.018s] Invoked command in '/home/paul/create3_ws/build/irobot_create_gazebo_plugins' returned '2': CMAKE_PREFIX_PATH=/home/paul/create3_ws/install/irobot_create_toolbox:/home/paul/create3_ws/install/irobot_create_nodes:/home/paul/create3_ws/install/irobot_create_ignition_sim:/home/paul/create3_ws/install/irobot_create_ignition_bringup:/home/paul/create3_ws/install/irobot_create_ignition_toolbox:/home/paul/create3_ws/install/irobot_create_gazebo_sim:/home/paul/create3_ws/install/irobot_create_gazebo_bringup:/home/paul/create3_ws/install/irobot_create_gazebo_plugins:/home/paul/create3_ws/install/irobot_create_ignition_plugins:/home/paul/create3_ws/install/irobot_create_common_bringup:/home/paul/create3_ws/install/irobot_create_description:/home/paul/create3_ws/install/irobot_create_control:/opt/ros/galactic LD_LIBRARY_PATH=/home/paul/create3_ws/install/irobot_create_toolbox/lib:/home/paul/create3_ws/install/irobot_create_nodes/lib:/home/paul/create3_ws/install/irobot_create_ignition_toolbox/lib:/home/paul/create3_ws/install/irobot_create_gazebo_plugins/lib:/usr/lib/x86_64-linux-gnu/gazebo-11/plugins:/opt/ros/galactic/opt/yaml_cpp_vendor/lib:/opt/ros/galactic/opt/rviz_ogre_vendor/lib:/opt/ros/galactic/lib/x86_64-linux-gnu:/opt/ros/galactic/lib /usr/bin/cmake --build /home/paul/create3_ws/build/irobot_create_gazebo_plugins -- -j12 -l12
