[0.361s] Invoking command in '/home/paul/create3_ws/build/irobot_create_gazebo_plugins': CMAKE_PREFIX_PATH=/home/paul/create3_ws/install/irobot_create_toolbox:/home/paul/create3_ws/install/irobot_create_nodes:/home/paul/create3_ws/install/irobot_create_ignition_sim:/home/paul/create3_ws/install/irobot_create_ignition_bringup:/home/paul/create3_ws/install/irobot_create_ignition_toolbox:/home/paul/create3_ws/install/irobot_create_gazebo_sim:/home/paul/create3_ws/install/irobot_create_gazebo_bringup:/home/paul/create3_ws/install/irobot_create_gazebo_plugins:/home/paul/create3_ws/install/irobot_create_ignition_plugins:/home/paul/create3_ws/install/irobot_create_common_bringup:/home/paul/create3_ws/install/irobot_create_description:/home/paul/create3_ws/install/irobot_create_control LD_LIBRARY_PATH=/home/paul/create3_ws/install/irobot_create_toolbox/lib:/home/paul/create3_ws/install/irobot_create_nodes/lib:/home/paul/create3_ws/install/irobot_create_ignition_toolbox/lib:/home/paul/create3_ws/install/irobot_create_gazebo_plugins/lib:/usr/lib/x86_64-linux-gnu/gazebo-11/plugins:/opt/ros/galactic/opt/yaml_cpp_vendor/lib:/opt/ros/galactic/opt/rviz_ogre_vendor/lib:/opt/ros/galactic/lib/x86_64-linux-gnu:/opt/ros/galactic/lib /usr/bin/cmake --build /home/paul/create3_ws/build/irobot_create_gazebo_plugins -- -j12 -l12
[13.745s] -- Found ament_cmake: 1.1.6 (/opt/ros/galactic/share/ament_cmake/cmake)
[18.993s] -- Using PYTHON_EXECUTABLE: /usr/bin/python3
[32.712s] -- Override CMake install command with custom implementation using symlinks instead of copying resources
[39.417s] -- Found geometry_msgs: 2.2.4 (/opt/ros/galactic/share/geometry_msgs/cmake)
[43.895s] -- Using all available rosidl_typesupport_c: rosidl_typesupport_fastrtps_c;rosidl_typesupport_introspection_c
[44.097s] -- Found rosidl_adapter: 2.2.3 (/opt/ros/galactic/share/rosidl_adapter/cmake)
[51.538s] -- Using all available rosidl_typesupport_cpp: rosidl_typesupport_fastrtps_cpp;rosidl_typesupport_introspection_cpp
[53.336s] -- Found irobot_create_msgs: 1.2.4 (/opt/ros/galactic/share/irobot_create_msgs/cmake)
[54.768s] -- Found irobot_create_toolbox: 1.0.3 (/home/paul/create3_ws/install/irobot_create_toolbox/share/irobot_create_toolbox/cmake)
[60.775s] -- Found rmw_implementation_cmake: 3.3.1 (/opt/ros/galactic/share/rmw_implementation_cmake/cmake)
[61.591s] -- Found rmw_cyclonedds_cpp: 0.22.6 (/opt/ros/galactic/share/rmw_cyclonedds_cpp/cmake)
[63.404s] -- Using RMW implementation 'rmw_cyclonedds_cpp' as default
[67.783s] -- Found sensor_msgs: 2.2.4 (/opt/ros/galactic/share/sensor_msgs/cmake)
[69.908s] -- Found DART: /usr/include (Required is at least version "6.6") found components: dart 
[85.719s] -- Found Protobuf: /usr/lib/x86_64-linux-gnu/libprotobuf.so;-lpthread (found version "3.6.1") 
[86.144s] -- Looking for ignition-math6 -- found version 6.13.0
[86.150s] -- Looking for OGRE...
[86.450s] -- Found Ogre Ghadamon (1.9.0)
[86.877s] -- Found OGRE: optimized;/usr/lib/x86_64-linux-gnu/libOgreMain.so;debug;/usr/lib/x86_64-linux-gnu/libOgreMain.so
[86.888s] -- Looking for OGRE_Paging...
[86.889s] -- Found OGRE_Paging: optimized;/usr/lib/x86_64-linux-gnu/libOgrePaging.so;debug;/usr/lib/x86_64-linux-gnu/libOgrePaging.so
[86.889s] -- Looking for OGRE_Terrain...
[86.889s] -- Found OGRE_Terrain: optimized;/usr/lib/x86_64-linux-gnu/libOgreTerrain.so;debug;/usr/lib/x86_64-linux-gnu/libOgreTerrain.so
[86.889s] -- Looking for OGRE_Property...
[86.889s] -- Found OGRE_Property: optimized;/usr/lib/x86_64-linux-gnu/libOgreProperty.so;debug;/usr/lib/x86_64-linux-gnu/libOgreProperty.so
[86.889s] -- Looking for OGRE_RTShaderSystem...
[86.889s] -- Found OGRE_RTShaderSystem: optimized;/usr/lib/x86_64-linux-gnu/libOgreRTShaderSystem.so;debug;/usr/lib/x86_64-linux-gnu/libOgreRTShaderSystem.so
[86.890s] -- Looking for OGRE_Volume...
[86.890s] -- Found OGRE_Volume: optimized;/usr/lib/x86_64-linux-gnu/libOgreVolume.so;debug;/usr/lib/x86_64-linux-gnu/libOgreVolume.so
[86.890s] -- Looking for OGRE_Overlay...
[86.890s] -- Found OGRE_Overlay: optimized;/usr/lib/x86_64-linux-gnu/libOgreOverlay.so;debug;/usr/lib/x86_64-linux-gnu/libOgreOverlay.so
[87.021s] -- Looking for ignition-math6 -- found version 6.13.0
[87.461s] -- Looking for ignition-transport8 -- found version 8.4.0
[87.463s] -- Searching for dependencies of ignition-transport8
[87.550s] -- Found Protobuf: /usr/lib/x86_64-linux-gnu/libprotobuf.so;-lpthread (found suitable version "3.6.1", minimum required is "3") 
[87.565s] -- Config-file not installed for ZeroMQ -- checking for pkg-config
[87.569s] -- Checking for module 'libzmq >= 4'
[88.775s] --   Found libzmq , version 4.3.2
[88.841s] -- Checking for module 'uuid'
[90.208s] --   Found uuid, version 2.34.0
[90.955s] -- Looking for ignition-msgs5 -- found version 5.11.0
[90.957s] -- Searching for dependencies of ignition-msgs5
[90.978s] -- Looking for ignition-math6 -- found version 6.13.0
[90.983s] -- Checking for module 'tinyxml2'
[92.555s] --   Found tinyxml2, version 6.2.0
[92.618s] -- Looking for ignition-msgs5 -- found version 5.11.0
[95.671s] -- Looking for ignition-common3 -- found version 3.15.1
[95.674s] -- Searching for dependencies of ignition-common3
[95.843s] -- Looking for dlfcn.h - found
[95.844s] -- Looking for libdl - found
[95.856s] -- Searching for <ignition-common3> component [graphics]
[96.353s] -- Looking for ignition-common3-graphics -- found version 3.15.1
[96.356s] -- Searching for dependencies of ignition-common3-graphics
[96.357s] -- Looking for ignition-math6 -- found version 6.13.0
[97.938s] -- Looking for ignition-fuel_tools4 -- found version 4.8.1
[97.940s] -- Searching for dependencies of ignition-fuel_tools4
[101.135s] -- Checking for module 'jsoncpp'
[101.158s] --   Found jsoncpp, version 1.7.4
[101.216s] -- Checking for module 'libzip'
[102.699s] --   Found libzip, version 1.5.1
[102.745s] -- Looking for ignition-common3 -- found version 3.15.1
[102.745s] -- Looking for ignition-math6 -- found version 6.13.0
[102.746s] -- Looking for ignition-msgs5 -- found version 5.11.0
[103.508s] -- Gazebo version: 11.12
[106.459s] -- Found ament_lint_auto: 0.10.7 (/opt/ros/galactic/share/ament_lint_auto/cmake)
[110.365s] Error parsing '/home/paul/create3_ws/src/create3_sim/irobot_create_gazebo/irobot_create_gazebo_plugins/package.xml':
[139.781s] Traceback (most recent call last):
[139.781s]   File "/opt/ros/galactic/share/ament_cmake_core/cmake/core/package_xml_2_cmake.py", line 151, in <module>
[139.782s]     main()
[139.782s]   File "/opt/ros/galactic/share/ament_cmake_core/cmake/core/package_xml_2_cmake.py", line 54, in main
[139.783s]     raise e
[139.784s]   File "/opt/ros/galactic/share/ament_cmake_core/cmake/core/package_xml_2_cmake.py", line 50, in main
[139.784s]     package = parse_package_string(
[139.785s]   File "/usr/lib/python3/dist-packages/catkin_pkg/package.py", line 786, in parse_package_string
[139.785s]     raise InvalidPackage('Error(s):%s' % (''.join(['\n- %s' % e for e in errors])), filename)
[139.786s] catkin_pkg.package.InvalidPackage: Error(s) in package '/home/paul/create3_ws/src/create3_sim/irobot_create_gazebo/irobot_create_gazebo_plugins/package.xml':
[139.786s] Error(s):
[139.786s] - The generic dependency on 'gazebo_dev' is redundant with: build_depend
[139.851s] CMake Error at /opt/ros/galactic/share/ament_cmake_core/cmake/core/ament_package_xml.cmake:94 (message):
[139.851s]   execute_process(/usr/bin/python3
[139.852s]   /opt/ros/galactic/share/ament_cmake_core/cmake/core/package_xml_2_cmake.py
[139.852s]   /home/paul/create3_ws/src/create3_sim/irobot_create_gazebo/irobot_create_gazebo_plugins/package.xml
[139.852s]   /home/paul/create3_ws/build/irobot_create_gazebo_plugins/ament_cmake_core/package.cmake)
[139.852s]   returned error code 1
[139.852s] Call Stack (most recent call first):
[139.852s]   /opt/ros/galactic/share/ament_cmake_core/cmake/core/ament_package_xml.cmake:49 (_ament_package_xml)
[139.852s]   /opt/ros/galactic/share/ament_lint_auto/cmake/ament_lint_auto_find_test_dependencies.cmake:31 (ament_package_xml)
[139.852s]   CMakeLists.txt:234 (ament_lint_auto_find_test_dependencies)
[139.853s] 
[139.853s] 
[139.857s] -- Configuring incomplete, errors occurred!
[139.857s] See also "/home/paul/create3_ws/build/irobot_create_gazebo_plugins/CMakeFiles/CMakeOutput.log".
[139.857s] See also "/home/paul/create3_ws/build/irobot_create_gazebo_plugins/CMakeFiles/CMakeError.log".
[139.950s] make: *** [Makefile:706: cmake_check_build_system] Error 1
[139.957s] Invoked command in '/home/paul/create3_ws/build/irobot_create_gazebo_plugins' returned '2': CMAKE_PREFIX_PATH=/home/paul/create3_ws/install/irobot_create_toolbox:/home/paul/create3_ws/install/irobot_create_nodes:/home/paul/create3_ws/install/irobot_create_ignition_sim:/home/paul/create3_ws/install/irobot_create_ignition_bringup:/home/paul/create3_ws/install/irobot_create_ignition_toolbox:/home/paul/create3_ws/install/irobot_create_gazebo_sim:/home/paul/create3_ws/install/irobot_create_gazebo_bringup:/home/paul/create3_ws/install/irobot_create_gazebo_plugins:/home/paul/create3_ws/install/irobot_create_ignition_plugins:/home/paul/create3_ws/install/irobot_create_common_bringup:/home/paul/create3_ws/install/irobot_create_description:/home/paul/create3_ws/install/irobot_create_control LD_LIBRARY_PATH=/home/paul/create3_ws/install/irobot_create_toolbox/lib:/home/paul/create3_ws/install/irobot_create_nodes/lib:/home/paul/create3_ws/install/irobot_create_ignition_toolbox/lib:/home/paul/create3_ws/install/irobot_create_gazebo_plugins/lib:/usr/lib/x86_64-linux-gnu/gazebo-11/plugins:/opt/ros/galactic/opt/yaml_cpp_vendor/lib:/opt/ros/galactic/opt/rviz_ogre_vendor/lib:/opt/ros/galactic/lib/x86_64-linux-gnu:/opt/ros/galactic/lib /usr/bin/cmake --build /home/paul/create3_ws/build/irobot_create_gazebo_plugins -- -j12 -l12
