[0.086s] Invoking command in '/home/paul/create3_ws/build/irobot_create_description': /usr/bin/cmake /home/paul/create3_ws/src/create3_sim/irobot_create_common/irobot_create_description -DAMENT_CMAKE_SYMLINK_INSTALL=1 -DCMAKE_INSTALL_PREFIX=/home/paul/create3_ws/install/irobot_create_description
[1.846s] -- The C compiler identification is GNU 9.4.0
[3.109s] -- The CXX compiler identification is GNU 9.4.0
[3.134s] -- Check for working C compiler: /usr/bin/cc
[3.284s] -- Check for working C compiler: /usr/bin/cc -- works
[3.286s] -- Detecting C compiler ABI info
[3.403s] -- Detecting C compiler ABI info - done
[3.426s] -- Detecting C compile features
[3.431s] -- Detecting C compile features - done
[3.443s] -- Check for working CXX compiler: /usr/bin/c++
[3.517s] -- Check for working CXX compiler: /usr/bin/c++ -- works
[3.518s] -- Detecting CXX compiler ABI info
[3.591s] -- Detecting CXX compiler ABI info - done
[3.609s] -- Detecting CXX compile features
[3.609s] -- Detecting CXX compile features - done
[3.678s] -- Configuring incomplete, errors occurred!
[3.678s] See also "/home/paul/create3_ws/build/irobot_create_description/CMakeFiles/CMakeOutput.log".
[3.678s] CMake Error at CMakeLists.txt:5 (find_package):
[3.678s]   By not providing "Findament_cmake.cmake" in CMAKE_MODULE_PATH this project
[3.678s]   has asked CMake to find a package configuration file provided by
[3.678s]   "ament_cmake", but CMake did not find one.
[3.678s] 
[3.679s]   Could not find a package configuration file provided by "ament_cmake" with
[3.679s]   any of the following names:
[3.679s] 
[3.679s]     ament_cmakeConfig.cmake
[3.679s]     ament_cmake-config.cmake
[3.679s] 
[3.679s]   Add the installation prefix of "ament_cmake" to CMAKE_PREFIX_PATH or set
[3.679s]   "ament_cmake_DIR" to a directory containing one of the above files.  If
[3.679s]   "ament_cmake" provides a separate development package or SDK, be sure it
[3.680s]   has been installed.
[3.680s] 
[3.680s] 
[3.681s] Invoked command in '/home/paul/create3_ws/build/irobot_create_description' returned '1': /usr/bin/cmake /home/paul/create3_ws/src/create3_sim/irobot_create_common/irobot_create_description -DAMENT_CMAKE_SYMLINK_INSTALL=1 -DCMAKE_INSTALL_PREFIX=/home/paul/create3_ws/install/irobot_create_description
