-- Found ament_cmake: 1.1.6 (/opt/ros/galactic/share/ament_cmake/cmake)
-- Found PythonInterp: /usr/bin/python3 (found suitable version "3.8.10", minimum required is "3") 
-- Using PYTHON_EXECUTABLE: /usr/bin/python3
-- Override CMake install command with custom implementation using symlinks instead of copying resources
-- Found Protobuf: /usr/lib/x86_64-linux-gnu/libprotobuf.so;-lpthread (found suitable version "3.6.1", minimum required is "3") 
-- Found ament_lint_auto: 0.10.7 (/opt/ros/galactic/share/ament_lint_auto/cmake)
-- Added test 'cppcheck' to perform static code analysis on C / C++ code
-- Configured cppcheck include dirs: 
-- Configured cppcheck exclude dirs and/or files: 
-- Added test 'cpplint' to check C / C++ code against the Google style
-- Configured cpplint exclude dirs and/or files: 
-- Added test 'lint_cmake' to check CMake code style
-- Added test 'xmllint' to check XML markup files
-- Configuring done
-- Generating done
-- Build files have been written to: /home/paul/create3_ws/build/irobot_create_ignition_plugins
[35m[1mScanning dependencies of target Create3Hmi_autogen[0m
[ 16%] [34m[1mAutomatic MOC for target Create3Hmi[0m
[ 16%] Built target Create3Hmi_autogen
[ 33%] [34m[1mGenerating qrc_Create3Hmi.cpp[0m
[35m[1mScanning dependencies of target Create3Hmi[0m
[ 50%] [32mBuilding CXX object Create3Hmi/CMakeFiles/Create3Hmi.dir/Create3Hmi_autogen/mocs_compilation.cpp.o[0m
[ 66%] [32mBuilding CXX object Create3Hmi/CMakeFiles/Create3Hmi.dir/Create3Hmi.cc.o[0m
[ 83%] [32mBuilding CXX object Create3Hmi/CMakeFiles/Create3Hmi.dir/qrc_Create3Hmi.cpp.o[0m
[100%] [32m[1mLinking CXX shared library libCreate3Hmi.so[0m
[100%] Built target Create3Hmi
-- Install configuration: ""
-- Execute custom install script
-- Symlinking: /home/paul/create3_ws/install/irobot_create_ignition_plugins/share/irobot_create_ignition_plugins/lib/libCreate3Hmi.so
-- Symlinking: /home/paul/create3_ws/install/irobot_create_ignition_plugins/share/ament_index/resource_index/package_run_dependencies/irobot_create_ignition_plugins
-- Symlinking: /home/paul/create3_ws/install/irobot_create_ignition_plugins/share/ament_index/resource_index/parent_prefix_path/irobot_create_ignition_plugins
-- Symlinking: /home/paul/create3_ws/install/irobot_create_ignition_plugins/share/irobot_create_ignition_plugins/environment/ament_prefix_path.sh
-- Symlinking: /home/paul/create3_ws/install/irobot_create_ignition_plugins/share/irobot_create_ignition_plugins/environment/ament_prefix_path.dsv
-- Symlinking: /home/paul/create3_ws/install/irobot_create_ignition_plugins/share/irobot_create_ignition_plugins/environment/path.sh
-- Symlinking: /home/paul/create3_ws/install/irobot_create_ignition_plugins/share/irobot_create_ignition_plugins/environment/path.dsv
-- Symlinking: /home/paul/create3_ws/install/irobot_create_ignition_plugins/share/irobot_create_ignition_plugins/local_setup.bash
-- Symlinking: /home/paul/create3_ws/install/irobot_create_ignition_plugins/share/irobot_create_ignition_plugins/local_setup.sh
-- Symlinking: /home/paul/create3_ws/install/irobot_create_ignition_plugins/share/irobot_create_ignition_plugins/local_setup.zsh
-- Symlinking: /home/paul/create3_ws/install/irobot_create_ignition_plugins/share/irobot_create_ignition_plugins/local_setup.dsv
-- Symlinking: /home/paul/create3_ws/install/irobot_create_ignition_plugins/share/irobot_create_ignition_plugins/package.dsv
-- Symlinking: /home/paul/create3_ws/install/irobot_create_ignition_plugins/share/ament_index/resource_index/packages/irobot_create_ignition_plugins
-- Symlinking: /home/paul/create3_ws/install/irobot_create_ignition_plugins/share/irobot_create_ignition_plugins/cmake/irobot_create_ignition_pluginsConfig.cmake
-- Symlinking: /home/paul/create3_ws/install/irobot_create_ignition_plugins/share/irobot_create_ignition_plugins/cmake/irobot_create_ignition_pluginsConfig-version.cmake
-- Symlinking: /home/paul/create3_ws/install/irobot_create_ignition_plugins/share/irobot_create_ignition_plugins/package.xml
