[0.022s] Invoking command in '/home/paul/create3_ws/build/irobot_create_ignition_plugins': CMAKE_PREFIX_PATH=/opt/ros/galactic /usr/bin/cmake /home/paul/create3_ws/src/create3_sim/irobot_create_ignition/irobot_create_ignition_plugins -DAMENT_CMAKE_SYMLINK_INSTALL=1 -DCMAKE_INSTALL_PREFIX=/home/paul/create3_ws/install/irobot_create_ignition_plugins
[0.124s] -- Found ament_cmake: 1.1.6 (/opt/ros/galactic/share/ament_cmake/cmake)
[0.214s] -- Found PythonInterp: /usr/bin/python3 (found suitable version "3.8.10", minimum required is "3") 
[0.214s] -- Using PYTHON_EXECUTABLE: /usr/bin/python3
[0.307s] -- Override CMake install command with custom implementation using symlinks instead of copying resources
[1.463s] -- Found Protobuf: /usr/lib/x86_64-linux-gnu/libprotobuf.so;-lpthread (found suitable version "3.6.1", minimum required is "3") 
[2.509s] -- Found ament_lint_auto: 0.10.7 (/opt/ros/galactic/share/ament_lint_auto/cmake)
[2.575s] -- Added test 'cppcheck' to perform static code analysis on C / C++ code
[2.575s] -- Configured cppcheck include dirs: 
[2.575s] -- Configured cppcheck exclude dirs and/or files: 
[2.575s] -- Added test 'cpplint' to check C / C++ code against the Google style
[2.576s] -- Configured cpplint exclude dirs and/or files: 
[2.576s] -- Added test 'lint_cmake' to check CMake code style
[2.577s] -- Added test 'xmllint' to check XML markup files
[2.579s] -- Configuring done
[2.678s] -- Generating done
[2.679s] -- Build files have been written to: /home/paul/create3_ws/build/irobot_create_ignition_plugins
[2.686s] Invoked command in '/home/paul/create3_ws/build/irobot_create_ignition_plugins' returned '0': CMAKE_PREFIX_PATH=/opt/ros/galactic /usr/bin/cmake /home/paul/create3_ws/src/create3_sim/irobot_create_ignition/irobot_create_ignition_plugins -DAMENT_CMAKE_SYMLINK_INSTALL=1 -DCMAKE_INSTALL_PREFIX=/home/paul/create3_ws/install/irobot_create_ignition_plugins
[2.688s] Invoking command in '/home/paul/create3_ws/build/irobot_create_ignition_plugins': CMAKE_PREFIX_PATH=/opt/ros/galactic /usr/bin/cmake --build /home/paul/create3_ws/build/irobot_create_ignition_plugins -- -j12 -l12
[2.724s] [35m[1mScanning dependencies of target Create3Hmi_autogen[0m
[2.733s] [ 16%] [34m[1mAutomatic MOC for target Create3Hmi[0m
[6.006s] [ 16%] Built target Create3Hmi_autogen
[6.014s] [ 33%] [34m[1mGenerating qrc_Create3Hmi.cpp[0m
[6.153s] [35m[1mScanning dependencies of target Create3Hmi[0m
[6.431s] [ 50%] [32mBuilding CXX object Create3Hmi/CMakeFiles/Create3Hmi.dir/Create3Hmi_autogen/mocs_compilation.cpp.o[0m
[6.431s] [ 66%] [32mBuilding CXX object Create3Hmi/CMakeFiles/Create3Hmi.dir/Create3Hmi.cc.o[0m
[6.431s] [ 83%] [32mBuilding CXX object Create3Hmi/CMakeFiles/Create3Hmi.dir/qrc_Create3Hmi.cpp.o[0m
[13.302s] [100%] [32m[1mLinking CXX shared library libCreate3Hmi.so[0m
[15.478s] [100%] Built target Create3Hmi
[15.513s] Invoked command in '/home/paul/create3_ws/build/irobot_create_ignition_plugins' returned '0': CMAKE_PREFIX_PATH=/opt/ros/galactic /usr/bin/cmake --build /home/paul/create3_ws/build/irobot_create_ignition_plugins -- -j12 -l12
[15.853s] Invoking command in '/home/paul/create3_ws/build/irobot_create_ignition_plugins': CMAKE_PREFIX_PATH=/opt/ros/galactic /usr/bin/cmake --install /home/paul/create3_ws/build/irobot_create_ignition_plugins
[15.904s] -- Install configuration: ""
[15.904s] -- Execute custom install script
[15.905s] -- Symlinking: /home/paul/create3_ws/install/irobot_create_ignition_plugins/share/irobot_create_ignition_plugins/lib/libCreate3Hmi.so
[15.958s] -- Symlinking: /home/paul/create3_ws/install/irobot_create_ignition_plugins/share/ament_index/resource_index/package_run_dependencies/irobot_create_ignition_plugins
[16.015s] -- Symlinking: /home/paul/create3_ws/install/irobot_create_ignition_plugins/share/ament_index/resource_index/parent_prefix_path/irobot_create_ignition_plugins
[158.473s] -- Symlinking: /home/paul/create3_ws/install/irobot_create_ignition_plugins/share/irobot_create_ignition_plugins/environment/ament_prefix_path.sh
[158.617s] -- Symlinking: /home/paul/create3_ws/install/irobot_create_ignition_plugins/share/irobot_create_ignition_plugins/environment/ament_prefix_path.dsv
[158.618s] -- Symlinking: /home/paul/create3_ws/install/irobot_create_ignition_plugins/share/irobot_create_ignition_plugins/environment/path.sh
[158.618s] -- Symlinking: /home/paul/create3_ws/install/irobot_create_ignition_plugins/share/irobot_create_ignition_plugins/environment/path.dsv
[158.618s] -- Symlinking: /home/paul/create3_ws/install/irobot_create_ignition_plugins/share/irobot_create_ignition_plugins/local_setup.bash
[158.618s] -- Symlinking: /home/paul/create3_ws/install/irobot_create_ignition_plugins/share/irobot_create_ignition_plugins/local_setup.sh
[158.618s] -- Symlinking: /home/paul/create3_ws/install/irobot_create_ignition_plugins/share/irobot_create_ignition_plugins/local_setup.zsh
[158.619s] -- Symlinking: /home/paul/create3_ws/install/irobot_create_ignition_plugins/share/irobot_create_ignition_plugins/local_setup.dsv
[158.619s] -- Symlinking: /home/paul/create3_ws/install/irobot_create_ignition_plugins/share/irobot_create_ignition_plugins/package.dsv
[158.866s] -- Symlinking: /home/paul/create3_ws/install/irobot_create_ignition_plugins/share/ament_index/resource_index/packages/irobot_create_ignition_plugins
[158.866s] -- Symlinking: /home/paul/create3_ws/install/irobot_create_ignition_plugins/share/irobot_create_ignition_plugins/cmake/irobot_create_ignition_pluginsConfig.cmake
[159.044s] -- Symlinking: /home/paul/create3_ws/install/irobot_create_ignition_plugins/share/irobot_create_ignition_plugins/cmake/irobot_create_ignition_pluginsConfig-version.cmake
[159.265s] -- Symlinking: /home/paul/create3_ws/install/irobot_create_ignition_plugins/share/irobot_create_ignition_plugins/package.xml
[198.086s] Invoked command in '/home/paul/create3_ws/build/irobot_create_ignition_plugins' returned '0': CMAKE_PREFIX_PATH=/opt/ros/galactic /usr/bin/cmake --install /home/paul/create3_ws/build/irobot_create_ignition_plugins
