[0.369s] Invoking command in '/home/paul/create3_ws/build/irobot_create_gazebo_plugins': AMENT_PREFIX_PATH=/home/paul/create3_ws/install/irobot_create_toolbox:${AMENT_PREFIX_PATH} CMAKE_PREFIX_PATH=/home/paul/create3_ws/install/irobot_create_toolbox:/opt/ros/galactic LD_LIBRARY_PATH=/home/paul/create3_ws/install/irobot_create_toolbox/lib:${LD_LIBRARY_PATH} /usr/bin/cmake --build /home/paul/create3_ws/build/irobot_create_gazebo_plugins -- -j12 -l12
[2.755s] [ 10%] Built target gazebo_ros_create_helpers
[3.565s] [ 20%] Built target gazebo_ros_create_ir_intensity_sensor
[3.568s] [ 30%] Built target gazebo_ros_create_optical_mouse
[3.569s] [ 50%] Built target gazebo_ros_create_docking_status
[3.569s] [ 50%] Built target gazebo_ros_create_imu
[3.591s] [ 60%] Built target gazebo_ros_create_bumper
[3.597s] [ 70%] Built target gazebo_ros_create_cliff_sensor
[3.634s] [ 80%] Built target docking_manager
[3.803s] [ 90%] Built target gazebo_ros_create_wheel_drop
[3.940s] [100%] Built target gazebo_ros_create_ir_opcode
[3.952s] Invoked command in '/home/paul/create3_ws/build/irobot_create_gazebo_plugins' returned '0': AMENT_PREFIX_PATH=/home/paul/create3_ws/install/irobot_create_toolbox:${AMENT_PREFIX_PATH} CMAKE_PREFIX_PATH=/home/paul/create3_ws/install/irobot_create_toolbox:/opt/ros/galactic LD_LIBRARY_PATH=/home/paul/create3_ws/install/irobot_create_toolbox/lib:${LD_LIBRARY_PATH} /usr/bin/cmake --build /home/paul/create3_ws/build/irobot_create_gazebo_plugins -- -j12 -l12
[4.003s] Invoking command in '/home/paul/create3_ws/build/irobot_create_gazebo_plugins': AMENT_PREFIX_PATH=/home/paul/create3_ws/install/irobot_create_toolbox:${AMENT_PREFIX_PATH} CMAKE_PREFIX_PATH=/home/paul/create3_ws/install/irobot_create_toolbox:/opt/ros/galactic LD_LIBRARY_PATH=/home/paul/create3_ws/install/irobot_create_toolbox/lib:${LD_LIBRARY_PATH} /usr/bin/cmake --install /home/paul/create3_ws/build/irobot_create_gazebo_plugins
[4.013s] -- Install configuration: ""
[4.311s] -- Execute custom install script
[4.312s] -- Up-to-date symlink: /home/paul/create3_ws/install/irobot_create_gazebo_plugins/share/irobot_create_gazebo_plugins/environment/library_path.sh
[4.314s] -- Up-to-date symlink: /home/paul/create3_ws/install/irobot_create_gazebo_plugins/share/irobot_create_gazebo_plugins/environment/library_path.dsv
[4.316s] -- Up-to-date symlink: /home/paul/create3_ws/install/irobot_create_gazebo_plugins/include/irobot_create_gazebo_plugins/docking_manager.hpp
[4.317s] -- Up-to-date symlink: /home/paul/create3_ws/install/irobot_create_gazebo_plugins/include/irobot_create_gazebo_plugins/gazebo_ros_bumper.hpp
[4.318s] -- Up-to-date symlink: /home/paul/create3_ws/install/irobot_create_gazebo_plugins/include/irobot_create_gazebo_plugins/gazebo_ros_cliff_sensor.hpp
[4.319s] -- Up-to-date symlink: /home/paul/create3_ws/install/irobot_create_gazebo_plugins/include/irobot_create_gazebo_plugins/gazebo_ros_docking_status.hpp
[4.319s] -- Up-to-date symlink: /home/paul/create3_ws/install/irobot_create_gazebo_plugins/include/irobot_create_gazebo_plugins/gazebo_ros_helpers.hpp
[4.320s] -- Up-to-date symlink: /home/paul/create3_ws/install/irobot_create_gazebo_plugins/include/irobot_create_gazebo_plugins/gazebo_ros_imu.hpp
[4.321s] -- Up-to-date symlink: /home/paul/create3_ws/install/irobot_create_gazebo_plugins/include/irobot_create_gazebo_plugins/gazebo_ros_ir_intensity_sensor.hpp
[4.321s] -- Up-to-date symlink: /home/paul/create3_ws/install/irobot_create_gazebo_plugins/include/irobot_create_gazebo_plugins/gazebo_ros_ir_opcode.hpp
[4.322s] -- Up-to-date symlink: /home/paul/create3_ws/install/irobot_create_gazebo_plugins/include/irobot_create_gazebo_plugins/gazebo_ros_optical_mouse.hpp
[4.322s] -- Up-to-date symlink: /home/paul/create3_ws/install/irobot_create_gazebo_plugins/include/irobot_create_gazebo_plugins/gazebo_ros_wheel_drop.hpp
[4.327s] -- Up-to-date symlink: /home/paul/create3_ws/install/irobot_create_gazebo_plugins/lib/libgazebo_ros_create_bumper.so
[4.328s] -- Up-to-date symlink: /home/paul/create3_ws/install/irobot_create_gazebo_plugins/lib/libgazebo_ros_create_cliff_sensor.so
[4.329s] -- Up-to-date symlink: /home/paul/create3_ws/install/irobot_create_gazebo_plugins/lib/libgazebo_ros_create_docking_status.so
[4.330s] -- Up-to-date symlink: /home/paul/create3_ws/install/irobot_create_gazebo_plugins/lib/libgazebo_ros_create_helpers.so
[4.331s] -- Up-to-date symlink: /home/paul/create3_ws/install/irobot_create_gazebo_plugins/lib/libgazebo_ros_create_imu.so
[4.332s] -- Up-to-date symlink: /home/paul/create3_ws/install/irobot_create_gazebo_plugins/lib/libgazebo_ros_create_ir_intensity_sensor.so
[4.333s] -- Up-to-date symlink: /home/paul/create3_ws/install/irobot_create_gazebo_plugins/lib/libgazebo_ros_create_optical_mouse.so
[4.333s] -- Up-to-date symlink: /home/paul/create3_ws/install/irobot_create_gazebo_plugins/lib/libgazebo_ros_create_ir_opcode.so
[4.334s] -- Up-to-date symlink: /home/paul/create3_ws/install/irobot_create_gazebo_plugins/lib/libdocking_manager.so
[4.335s] -- Up-to-date symlink: /home/paul/create3_ws/install/irobot_create_gazebo_plugins/lib/libgazebo_ros_create_wheel_drop.so
[4.337s] -- Up-to-date symlink: /home/paul/create3_ws/install/irobot_create_gazebo_plugins/share/ament_index/resource_index/package_run_dependencies/irobot_create_gazebo_plugins
[4.338s] -- Up-to-date symlink: /home/paul/create3_ws/install/irobot_create_gazebo_plugins/share/ament_index/resource_index/parent_prefix_path/irobot_create_gazebo_plugins
[4.339s] -- Up-to-date symlink: /home/paul/create3_ws/install/irobot_create_gazebo_plugins/share/irobot_create_gazebo_plugins/environment/ament_prefix_path.sh
[4.340s] -- Up-to-date symlink: /home/paul/create3_ws/install/irobot_create_gazebo_plugins/share/irobot_create_gazebo_plugins/environment/ament_prefix_path.dsv
[4.341s] -- Up-to-date symlink: /home/paul/create3_ws/install/irobot_create_gazebo_plugins/share/irobot_create_gazebo_plugins/environment/path.sh
[4.342s] -- Up-to-date symlink: /home/paul/create3_ws/install/irobot_create_gazebo_plugins/share/irobot_create_gazebo_plugins/environment/path.dsv
[4.343s] -- Up-to-date symlink: /home/paul/create3_ws/install/irobot_create_gazebo_plugins/share/irobot_create_gazebo_plugins/local_setup.bash
[4.344s] -- Up-to-date symlink: /home/paul/create3_ws/install/irobot_create_gazebo_plugins/share/irobot_create_gazebo_plugins/local_setup.sh
[4.344s] -- Up-to-date symlink: /home/paul/create3_ws/install/irobot_create_gazebo_plugins/share/irobot_create_gazebo_plugins/local_setup.zsh
[4.345s] -- Up-to-date symlink: /home/paul/create3_ws/install/irobot_create_gazebo_plugins/share/irobot_create_gazebo_plugins/local_setup.dsv
[4.346s] -- Symlinking: /home/paul/create3_ws/install/irobot_create_gazebo_plugins/share/irobot_create_gazebo_plugins/package.dsv
[4.357s] -- Up-to-date symlink: /home/paul/create3_ws/install/irobot_create_gazebo_plugins/share/ament_index/resource_index/packages/irobot_create_gazebo_plugins
[4.358s] -- Up-to-date symlink: /home/paul/create3_ws/install/irobot_create_gazebo_plugins/share/irobot_create_gazebo_plugins/cmake/ament_cmake_export_libraries-extras.cmake
[4.358s] -- Up-to-date symlink: /home/paul/create3_ws/install/irobot_create_gazebo_plugins/share/irobot_create_gazebo_plugins/cmake/ament_cmake_export_include_directories-extras.cmake
[4.358s] -- Up-to-date symlink: /home/paul/create3_ws/install/irobot_create_gazebo_plugins/share/irobot_create_gazebo_plugins/cmake/ament_cmake_export_dependencies-extras.cmake
[4.358s] -- Up-to-date symlink: /home/paul/create3_ws/install/irobot_create_gazebo_plugins/share/irobot_create_gazebo_plugins/cmake/irobot_create_gazebo_pluginsConfig.cmake
[4.359s] -- Up-to-date symlink: /home/paul/create3_ws/install/irobot_create_gazebo_plugins/share/irobot_create_gazebo_plugins/cmake/irobot_create_gazebo_pluginsConfig-version.cmake
[4.359s] -- Up-to-date symlink: /home/paul/create3_ws/install/irobot_create_gazebo_plugins/share/irobot_create_gazebo_plugins/package.xml
[4.363s] Invoked command in '/home/paul/create3_ws/build/irobot_create_gazebo_plugins' returned '0': AMENT_PREFIX_PATH=/home/paul/create3_ws/install/irobot_create_toolbox:${AMENT_PREFIX_PATH} CMAKE_PREFIX_PATH=/home/paul/create3_ws/install/irobot_create_toolbox:/opt/ros/galactic LD_LIBRARY_PATH=/home/paul/create3_ws/install/irobot_create_toolbox/lib:${LD_LIBRARY_PATH} /usr/bin/cmake --install /home/paul/create3_ws/build/irobot_create_gazebo_plugins
