[0.652s] Invoking command in '/home/paul/create3_ws/build/irobot_create_toolbox': CMAKE_PREFIX_PATH=${CMAKE_PREFIX_PATH}:/opt/ros/galactic /usr/bin/cmake --build /home/paul/create3_ws/build/irobot_create_toolbox -- -j12 -l12
[0.704s] [100%] Built target irobot_create_toolbox
[0.786s] Invoked command in '/home/paul/create3_ws/build/irobot_create_toolbox' returned '0': CMAKE_PREFIX_PATH=${CMAKE_PREFIX_PATH}:/opt/ros/galactic /usr/bin/cmake --build /home/paul/create3_ws/build/irobot_create_toolbox -- -j12 -l12
[0.829s] Invoking command in '/home/paul/create3_ws/build/irobot_create_toolbox': CMAKE_PREFIX_PATH=${CMAKE_PREFIX_PATH}:/opt/ros/galactic /usr/bin/cmake --install /home/paul/create3_ws/build/irobot_create_toolbox
[0.837s] -- Install configuration: ""
[0.837s] -- Execute custom install script
[0.837s] -- Up-to-date symlink: /home/paul/create3_ws/install/irobot_create_toolbox/lib/libirobot_create_toolbox.so
[0.838s] -- Up-to-date symlink: /home/paul/create3_ws/install/irobot_create_toolbox/include/irobot_create_toolbox/math.hpp
[0.838s] -- Up-to-date symlink: /home/paul/create3_ws/install/irobot_create_toolbox/include/irobot_create_toolbox/polar_coordinates.hpp
[0.838s] -- Up-to-date symlink: /home/paul/create3_ws/install/irobot_create_toolbox/include/irobot_create_toolbox/sensors/bumpers.hpp
[0.839s] -- Up-to-date symlink: /home/paul/create3_ws/install/irobot_create_toolbox/share/irobot_create_toolbox/environment/library_path.sh
[0.839s] -- Up-to-date symlink: /home/paul/create3_ws/install/irobot_create_toolbox/share/irobot_create_toolbox/environment/library_path.dsv
[0.839s] -- Up-to-date symlink: /home/paul/create3_ws/install/irobot_create_toolbox/share/ament_index/resource_index/package_run_dependencies/irobot_create_toolbox
[0.839s] -- Up-to-date symlink: /home/paul/create3_ws/install/irobot_create_toolbox/share/ament_index/resource_index/parent_prefix_path/irobot_create_toolbox
[0.840s] -- Up-to-date symlink: /home/paul/create3_ws/install/irobot_create_toolbox/share/irobot_create_toolbox/environment/ament_prefix_path.sh
[0.840s] -- Up-to-date symlink: /home/paul/create3_ws/install/irobot_create_toolbox/share/irobot_create_toolbox/environment/ament_prefix_path.dsv
[0.840s] -- Up-to-date symlink: /home/paul/create3_ws/install/irobot_create_toolbox/share/irobot_create_toolbox/environment/path.sh
[0.840s] -- Up-to-date symlink: /home/paul/create3_ws/install/irobot_create_toolbox/share/irobot_create_toolbox/environment/path.dsv
[0.841s] -- Up-to-date symlink: /home/paul/create3_ws/install/irobot_create_toolbox/share/irobot_create_toolbox/local_setup.bash
[0.841s] -- Up-to-date symlink: /home/paul/create3_ws/install/irobot_create_toolbox/share/irobot_create_toolbox/local_setup.sh
[0.841s] -- Up-to-date symlink: /home/paul/create3_ws/install/irobot_create_toolbox/share/irobot_create_toolbox/local_setup.zsh
[0.842s] -- Up-to-date symlink: /home/paul/create3_ws/install/irobot_create_toolbox/share/irobot_create_toolbox/local_setup.dsv
[0.842s] -- Symlinking: /home/paul/create3_ws/install/irobot_create_toolbox/share/irobot_create_toolbox/package.dsv
[0.852s] -- Up-to-date symlink: /home/paul/create3_ws/install/irobot_create_toolbox/share/ament_index/resource_index/packages/irobot_create_toolbox
[0.852s] -- Up-to-date symlink: /home/paul/create3_ws/install/irobot_create_toolbox/share/irobot_create_toolbox/cmake/ament_cmake_export_include_directories-extras.cmake
[0.852s] -- Up-to-date symlink: /home/paul/create3_ws/install/irobot_create_toolbox/share/irobot_create_toolbox/cmake/ament_cmake_export_libraries-extras.cmake
[0.853s] -- Up-to-date symlink: /home/paul/create3_ws/install/irobot_create_toolbox/share/irobot_create_toolbox/cmake/ament_cmake_export_dependencies-extras.cmake
[0.853s] -- Up-to-date symlink: /home/paul/create3_ws/install/irobot_create_toolbox/share/irobot_create_toolbox/cmake/irobot_create_toolboxConfig.cmake
[0.853s] -- Up-to-date symlink: /home/paul/create3_ws/install/irobot_create_toolbox/share/irobot_create_toolbox/cmake/irobot_create_toolboxConfig-version.cmake
[0.853s] -- Up-to-date symlink: /home/paul/create3_ws/install/irobot_create_toolbox/share/irobot_create_toolbox/package.xml
[0.892s] Invoked command in '/home/paul/create3_ws/build/irobot_create_toolbox' returned '0': CMAKE_PREFIX_PATH=${CMAKE_PREFIX_PATH}:/opt/ros/galactic /usr/bin/cmake --install /home/paul/create3_ws/build/irobot_create_toolbox
