[0.283s] Invoking command in '/home/paul/create3_ws/build/irobot_create_gazebo_plugins': CMAKE_PREFIX_PATH=/home/paul/create3_ws/install/irobot_create_toolbox:/home/paul/create3_ws/install/irobot_create_nodes:/home/paul/create3_ws/install/irobot_create_ignition_sim:/home/paul/create3_ws/install/irobot_create_ignition_bringup:/home/paul/create3_ws/install/irobot_create_ignition_toolbox:/home/paul/create3_ws/install/irobot_create_gazebo_sim:/home/paul/create3_ws/install/irobot_create_gazebo_bringup:/home/paul/create3_ws/install/irobot_create_gazebo_plugins:/home/paul/create3_ws/install/irobot_create_ignition_plugins:/home/paul/create3_ws/install/irobot_create_common_bringup:/home/paul/create3_ws/install/irobot_create_description:/home/paul/create3_ws/install/irobot_create_control:/opt/ros/galactic LD_LIBRARY_PATH=/home/paul/create3_ws/install/irobot_create_toolbox/lib:/home/paul/create3_ws/install/irobot_create_nodes/lib:/home/paul/create3_ws/install/irobot_create_ignition_toolbox/lib:/home/paul/create3_ws/install/irobot_create_gazebo_plugins/lib:/usr/lib/x86_64-linux-gnu/gazebo-11/plugins:/opt/ros/galactic/opt/yaml_cpp_vendor/lib:/opt/ros/galactic/opt/rviz_ogre_vendor/lib:/opt/ros/galactic/lib/x86_64-linux-gnu:/opt/ros/galactic/lib /usr/bin/cmake --build /home/paul/create3_ws/build/irobot_create_gazebo_plugins -- -j12 -l12
[0.368s] [ 10%] Built target gazebo_ros_create_helpers
[0.447s] [ 20%] Built target docking_manager
[0.462s] [ 30%] Built target gazebo_ros_create_bumper
[0.463s] [ 40%] Built target gazebo_ros_create_ir_intensity_sensor
[0.469s] [ 50%] Built target gazebo_ros_create_cliff_sensor
[0.476s] [ 60%] Built target gazebo_ros_create_docking_status
[0.481s] [ 70%] Built target gazebo_ros_create_imu
[0.495s] [ 80%] Built target gazebo_ros_create_wheel_drop
[0.501s] [ 90%] Built target gazebo_ros_create_optical_mouse
[0.507s] [100%] Built target gazebo_ros_create_ir_opcode
[2.032s] Invoked command in '/home/paul/create3_ws/build/irobot_create_gazebo_plugins' returned '0': CMAKE_PREFIX_PATH=/home/paul/create3_ws/install/irobot_create_toolbox:/home/paul/create3_ws/install/irobot_create_nodes:/home/paul/create3_ws/install/irobot_create_ignition_sim:/home/paul/create3_ws/install/irobot_create_ignition_bringup:/home/paul/create3_ws/install/irobot_create_ignition_toolbox:/home/paul/create3_ws/install/irobot_create_gazebo_sim:/home/paul/create3_ws/install/irobot_create_gazebo_bringup:/home/paul/create3_ws/install/irobot_create_gazebo_plugins:/home/paul/create3_ws/install/irobot_create_ignition_plugins:/home/paul/create3_ws/install/irobot_create_common_bringup:/home/paul/create3_ws/install/irobot_create_description:/home/paul/create3_ws/install/irobot_create_control:/opt/ros/galactic LD_LIBRARY_PATH=/home/paul/create3_ws/install/irobot_create_toolbox/lib:/home/paul/create3_ws/install/irobot_create_nodes/lib:/home/paul/create3_ws/install/irobot_create_ignition_toolbox/lib:/home/paul/create3_ws/install/irobot_create_gazebo_plugins/lib:/usr/lib/x86_64-linux-gnu/gazebo-11/plugins:/opt/ros/galactic/opt/yaml_cpp_vendor/lib:/opt/ros/galactic/opt/rviz_ogre_vendor/lib:/opt/ros/galactic/lib/x86_64-linux-gnu:/opt/ros/galactic/lib /usr/bin/cmake --build /home/paul/create3_ws/build/irobot_create_gazebo_plugins -- -j12 -l12
[2.850s] Invoking command in '/home/paul/create3_ws/build/irobot_create_gazebo_plugins': CMAKE_PREFIX_PATH=/home/paul/create3_ws/install/irobot_create_toolbox:/home/paul/create3_ws/install/irobot_create_nodes:/home/paul/create3_ws/install/irobot_create_ignition_sim:/home/paul/create3_ws/install/irobot_create_ignition_bringup:/home/paul/create3_ws/install/irobot_create_ignition_toolbox:/home/paul/create3_ws/install/irobot_create_gazebo_sim:/home/paul/create3_ws/install/irobot_create_gazebo_bringup:/home/paul/create3_ws/install/irobot_create_gazebo_plugins:/home/paul/create3_ws/install/irobot_create_ignition_plugins:/home/paul/create3_ws/install/irobot_create_common_bringup:/home/paul/create3_ws/install/irobot_create_description:/home/paul/create3_ws/install/irobot_create_control:/opt/ros/galactic LD_LIBRARY_PATH=/home/paul/create3_ws/install/irobot_create_toolbox/lib:/home/paul/create3_ws/install/irobot_create_nodes/lib:/home/paul/create3_ws/install/irobot_create_ignition_toolbox/lib:/home/paul/create3_ws/install/irobot_create_gazebo_plugins/lib:/usr/lib/x86_64-linux-gnu/gazebo-11/plugins:/opt/ros/galactic/opt/yaml_cpp_vendor/lib:/opt/ros/galactic/opt/rviz_ogre_vendor/lib:/opt/ros/galactic/lib/x86_64-linux-gnu:/opt/ros/galactic/lib /usr/bin/cmake --install /home/paul/create3_ws/build/irobot_create_gazebo_plugins
[2.860s] -- Install configuration: ""
[2.860s] -- Execute custom install script
[2.861s] -- Up-to-date symlink: /home/paul/create3_ws/install/irobot_create_gazebo_plugins/share/irobot_create_gazebo_plugins/environment/library_path.sh
[2.861s] -- Up-to-date symlink: /home/paul/create3_ws/install/irobot_create_gazebo_plugins/share/irobot_create_gazebo_plugins/environment/library_path.dsv
[2.861s] -- Up-to-date symlink: /home/paul/create3_ws/install/irobot_create_gazebo_plugins/include/irobot_create_gazebo_plugins/docking_manager.hpp
[2.861s] -- Up-to-date symlink: /home/paul/create3_ws/install/irobot_create_gazebo_plugins/include/irobot_create_gazebo_plugins/gazebo_ros_bumper.hpp
[2.861s] -- Up-to-date symlink: /home/paul/create3_ws/install/irobot_create_gazebo_plugins/include/irobot_create_gazebo_plugins/gazebo_ros_cliff_sensor.hpp
[2.862s] -- Up-to-date symlink: /home/paul/create3_ws/install/irobot_create_gazebo_plugins/include/irobot_create_gazebo_plugins/gazebo_ros_docking_status.hpp
[2.862s] -- Up-to-date symlink: /home/paul/create3_ws/install/irobot_create_gazebo_plugins/include/irobot_create_gazebo_plugins/gazebo_ros_helpers.hpp
[2.862s] -- Up-to-date symlink: /home/paul/create3_ws/install/irobot_create_gazebo_plugins/include/irobot_create_gazebo_plugins/gazebo_ros_imu.hpp
[2.862s] -- Up-to-date symlink: /home/paul/create3_ws/install/irobot_create_gazebo_plugins/include/irobot_create_gazebo_plugins/gazebo_ros_ir_intensity_sensor.hpp
[2.862s] -- Up-to-date symlink: /home/paul/create3_ws/install/irobot_create_gazebo_plugins/include/irobot_create_gazebo_plugins/gazebo_ros_ir_opcode.hpp
[2.862s] -- Up-to-date symlink: /home/paul/create3_ws/install/irobot_create_gazebo_plugins/include/irobot_create_gazebo_plugins/gazebo_ros_optical_mouse.hpp
[2.863s] -- Up-to-date symlink: /home/paul/create3_ws/install/irobot_create_gazebo_plugins/include/irobot_create_gazebo_plugins/gazebo_ros_wheel_drop.hpp
[2.863s] -- Up-to-date symlink: /home/paul/create3_ws/install/irobot_create_gazebo_plugins/lib/libgazebo_ros_create_bumper.so
[2.863s] -- Up-to-date symlink: /home/paul/create3_ws/install/irobot_create_gazebo_plugins/lib/libgazebo_ros_create_cliff_sensor.so
[2.863s] -- Up-to-date symlink: /home/paul/create3_ws/install/irobot_create_gazebo_plugins/lib/libgazebo_ros_create_docking_status.so
[2.863s] -- Up-to-date symlink: /home/paul/create3_ws/install/irobot_create_gazebo_plugins/lib/libgazebo_ros_create_helpers.so
[2.865s] -- Up-to-date symlink: /home/paul/create3_ws/install/irobot_create_gazebo_plugins/lib/libgazebo_ros_create_imu.so
[2.865s] -- Up-to-date symlink: /home/paul/create3_ws/install/irobot_create_gazebo_plugins/lib/libgazebo_ros_create_ir_intensity_sensor.so
[2.865s] -- Up-to-date symlink: /home/paul/create3_ws/install/irobot_create_gazebo_plugins/lib/libgazebo_ros_create_optical_mouse.so
[2.865s] -- Up-to-date symlink: /home/paul/create3_ws/install/irobot_create_gazebo_plugins/lib/libgazebo_ros_create_ir_opcode.so
[2.866s] -- Up-to-date symlink: /home/paul/create3_ws/install/irobot_create_gazebo_plugins/lib/libdocking_manager.so
[2.867s] -- Up-to-date symlink: /home/paul/create3_ws/install/irobot_create_gazebo_plugins/lib/libgazebo_ros_create_wheel_drop.so
[2.869s] -- Up-to-date symlink: /home/paul/create3_ws/install/irobot_create_gazebo_plugins/share/ament_index/resource_index/package_run_dependencies/irobot_create_gazebo_plugins
[2.870s] -- Up-to-date symlink: /home/paul/create3_ws/install/irobot_create_gazebo_plugins/share/ament_index/resource_index/parent_prefix_path/irobot_create_gazebo_plugins
[2.870s] -- Up-to-date symlink: /home/paul/create3_ws/install/irobot_create_gazebo_plugins/share/irobot_create_gazebo_plugins/environment/ament_prefix_path.sh
[2.871s] -- Up-to-date symlink: /home/paul/create3_ws/install/irobot_create_gazebo_plugins/share/irobot_create_gazebo_plugins/environment/ament_prefix_path.dsv
[2.871s] -- Up-to-date symlink: /home/paul/create3_ws/install/irobot_create_gazebo_plugins/share/irobot_create_gazebo_plugins/environment/path.sh
[2.871s] -- Up-to-date symlink: /home/paul/create3_ws/install/irobot_create_gazebo_plugins/share/irobot_create_gazebo_plugins/environment/path.dsv
[2.871s] -- Up-to-date symlink: /home/paul/create3_ws/install/irobot_create_gazebo_plugins/share/irobot_create_gazebo_plugins/local_setup.bash
[2.872s] -- Up-to-date symlink: /home/paul/create3_ws/install/irobot_create_gazebo_plugins/share/irobot_create_gazebo_plugins/local_setup.sh
[2.872s] -- Up-to-date symlink: /home/paul/create3_ws/install/irobot_create_gazebo_plugins/share/irobot_create_gazebo_plugins/local_setup.zsh
[2.872s] -- Up-to-date symlink: /home/paul/create3_ws/install/irobot_create_gazebo_plugins/share/irobot_create_gazebo_plugins/local_setup.dsv
[2.872s] -- Symlinking: /home/paul/create3_ws/install/irobot_create_gazebo_plugins/share/irobot_create_gazebo_plugins/package.dsv
[2.891s] -- Up-to-date symlink: /home/paul/create3_ws/install/irobot_create_gazebo_plugins/share/ament_index/resource_index/packages/irobot_create_gazebo_plugins
[2.891s] -- Up-to-date symlink: /home/paul/create3_ws/install/irobot_create_gazebo_plugins/share/irobot_create_gazebo_plugins/cmake/ament_cmake_export_libraries-extras.cmake
[2.892s] -- Up-to-date symlink: /home/paul/create3_ws/install/irobot_create_gazebo_plugins/share/irobot_create_gazebo_plugins/cmake/ament_cmake_export_include_directories-extras.cmake
[2.892s] -- Up-to-date symlink: /home/paul/create3_ws/install/irobot_create_gazebo_plugins/share/irobot_create_gazebo_plugins/cmake/ament_cmake_export_dependencies-extras.cmake
[2.892s] -- Up-to-date symlink: /home/paul/create3_ws/install/irobot_create_gazebo_plugins/share/irobot_create_gazebo_plugins/cmake/irobot_create_gazebo_pluginsConfig.cmake
[2.892s] -- Up-to-date symlink: /home/paul/create3_ws/install/irobot_create_gazebo_plugins/share/irobot_create_gazebo_plugins/cmake/irobot_create_gazebo_pluginsConfig-version.cmake
[2.892s] -- Up-to-date symlink: /home/paul/create3_ws/install/irobot_create_gazebo_plugins/share/irobot_create_gazebo_plugins/package.xml
[2.892s] Invoked command in '/home/paul/create3_ws/build/irobot_create_gazebo_plugins' returned '0': CMAKE_PREFIX_PATH=/home/paul/create3_ws/install/irobot_create_toolbox:/home/paul/create3_ws/install/irobot_create_nodes:/home/paul/create3_ws/install/irobot_create_ignition_sim:/home/paul/create3_ws/install/irobot_create_ignition_bringup:/home/paul/create3_ws/install/irobot_create_ignition_toolbox:/home/paul/create3_ws/install/irobot_create_gazebo_sim:/home/paul/create3_ws/install/irobot_create_gazebo_bringup:/home/paul/create3_ws/install/irobot_create_gazebo_plugins:/home/paul/create3_ws/install/irobot_create_ignition_plugins:/home/paul/create3_ws/install/irobot_create_common_bringup:/home/paul/create3_ws/install/irobot_create_description:/home/paul/create3_ws/install/irobot_create_control:/opt/ros/galactic LD_LIBRARY_PATH=/home/paul/create3_ws/install/irobot_create_toolbox/lib:/home/paul/create3_ws/install/irobot_create_nodes/lib:/home/paul/create3_ws/install/irobot_create_ignition_toolbox/lib:/home/paul/create3_ws/install/irobot_create_gazebo_plugins/lib:/usr/lib/x86_64-linux-gnu/gazebo-11/plugins:/opt/ros/galactic/opt/yaml_cpp_vendor/lib:/opt/ros/galactic/opt/rviz_ogre_vendor/lib:/opt/ros/galactic/lib/x86_64-linux-gnu:/opt/ros/galactic/lib /usr/bin/cmake --install /home/paul/create3_ws/build/irobot_create_gazebo_plugins
