[0.344s] Invoking command in '/home/paul/create3_ws/build/irobot_create_ignition_bringup': AMENT_PREFIX_PATH=/home/paul/create3_ws/install/irobot_create_ignition_toolbox:/home/paul/create3_ws/install/irobot_create_common_bringup:/home/paul/create3_ws/install/irobot_create_toolbox:/home/paul/create3_ws/install/irobot_create_ignition_plugins:/home/paul/create3_ws/install/irobot_create_description:/home/paul/create3_ws/install/irobot_create_control:${AMENT_PREFIX_PATH} CMAKE_PREFIX_PATH=/home/paul/create3_ws/install/irobot_create_ignition_toolbox:/home/paul/create3_ws/install/irobot_create_common_bringup:/home/paul/create3_ws/install/irobot_create_toolbox:/home/paul/create3_ws/install/irobot_create_ignition_plugins:/home/paul/create3_ws/install/irobot_create_description:/home/paul/create3_ws/install/irobot_create_control:/opt/ros/galactic LD_LIBRARY_PATH=/home/paul/create3_ws/install/irobot_create_ignition_toolbox/lib:/home/paul/create3_ws/install/irobot_create_toolbox/lib:${LD_LIBRARY_PATH} /usr/bin/cmake --build /home/paul/create3_ws/build/irobot_create_ignition_bringup -- -j12 -l12
[0.743s] Invoked command in '/home/paul/create3_ws/build/irobot_create_ignition_bringup' returned '0': AMENT_PREFIX_PATH=/home/paul/create3_ws/install/irobot_create_ignition_toolbox:/home/paul/create3_ws/install/irobot_create_common_bringup:/home/paul/create3_ws/install/irobot_create_toolbox:/home/paul/create3_ws/install/irobot_create_ignition_plugins:/home/paul/create3_ws/install/irobot_create_description:/home/paul/create3_ws/install/irobot_create_control:${AMENT_PREFIX_PATH} CMAKE_PREFIX_PATH=/home/paul/create3_ws/install/irobot_create_ignition_toolbox:/home/paul/create3_ws/install/irobot_create_common_bringup:/home/paul/create3_ws/install/irobot_create_toolbox:/home/paul/create3_ws/install/irobot_create_ignition_plugins:/home/paul/create3_ws/install/irobot_create_description:/home/paul/create3_ws/install/irobot_create_control:/opt/ros/galactic LD_LIBRARY_PATH=/home/paul/create3_ws/install/irobot_create_ignition_toolbox/lib:/home/paul/create3_ws/install/irobot_create_toolbox/lib:${LD_LIBRARY_PATH} /usr/bin/cmake --build /home/paul/create3_ws/build/irobot_create_ignition_bringup -- -j12 -l12
[0.768s] Invoking command in '/home/paul/create3_ws/build/irobot_create_ignition_bringup': AMENT_PREFIX_PATH=/home/paul/create3_ws/install/irobot_create_ignition_toolbox:/home/paul/create3_ws/install/irobot_create_common_bringup:/home/paul/create3_ws/install/irobot_create_toolbox:/home/paul/create3_ws/install/irobot_create_ignition_plugins:/home/paul/create3_ws/install/irobot_create_description:/home/paul/create3_ws/install/irobot_create_control:${AMENT_PREFIX_PATH} CMAKE_PREFIX_PATH=/home/paul/create3_ws/install/irobot_create_ignition_toolbox:/home/paul/create3_ws/install/irobot_create_common_bringup:/home/paul/create3_ws/install/irobot_create_toolbox:/home/paul/create3_ws/install/irobot_create_ignition_plugins:/home/paul/create3_ws/install/irobot_create_description:/home/paul/create3_ws/install/irobot_create_control:/opt/ros/galactic LD_LIBRARY_PATH=/home/paul/create3_ws/install/irobot_create_ignition_toolbox/lib:/home/paul/create3_ws/install/irobot_create_toolbox/lib:${LD_LIBRARY_PATH} /usr/bin/cmake --install /home/paul/create3_ws/build/irobot_create_ignition_bringup
[0.788s] -- Install configuration: ""
[0.845s] -- Execute custom install script
[0.847s] -- Up-to-date symlink: /home/paul/create3_ws/install/irobot_create_ignition_bringup/share/irobot_create_ignition_bringup/gui/create3/gui.config
[0.849s] -- Up-to-date symlink: /home/paul/create3_ws/install/irobot_create_ignition_bringup/share/irobot_create_ignition_bringup/launch/create3_ignition.launch.py
[0.850s] -- Up-to-date symlink: /home/paul/create3_ws/install/irobot_create_ignition_bringup/share/irobot_create_ignition_bringup/launch/create3_ignition_nodes.launch.py
[0.850s] -- Up-to-date symlink: /home/paul/create3_ws/install/irobot_create_ignition_bringup/share/irobot_create_ignition_bringup/launch/create3_ros_ignition_bridge.launch.py
[0.852s] -- Up-to-date symlink: /home/paul/create3_ws/install/irobot_create_ignition_bringup/share/irobot_create_ignition_bringup/worlds/depot.sdf
[0.852s] -- Up-to-date symlink: /home/paul/create3_ws/install/irobot_create_ignition_bringup/share/irobot_create_ignition_bringup/worlds/maze.sdf
[0.854s] -- Up-to-date symlink: /home/paul/create3_ws/install/irobot_create_ignition_bringup/share/irobot_create_ignition_bringup/config/pose_republisher_params.yaml
[0.854s] -- Up-to-date symlink: /home/paul/create3_ws/install/irobot_create_ignition_bringup/share/irobot_create_ignition_bringup/config/sensors_params.yaml
[0.856s] -- Up-to-date symlink: /home/paul/create3_ws/install/irobot_create_ignition_bringup/share/ament_index/resource_index/package_run_dependencies/irobot_create_ignition_bringup
[0.857s] -- Up-to-date symlink: /home/paul/create3_ws/install/irobot_create_ignition_bringup/share/ament_index/resource_index/parent_prefix_path/irobot_create_ignition_bringup
[0.858s] -- Up-to-date symlink: /home/paul/create3_ws/install/irobot_create_ignition_bringup/share/irobot_create_ignition_bringup/environment/ament_prefix_path.sh
[0.859s] -- Up-to-date symlink: /home/paul/create3_ws/install/irobot_create_ignition_bringup/share/irobot_create_ignition_bringup/environment/ament_prefix_path.dsv
[0.860s] -- Up-to-date symlink: /home/paul/create3_ws/install/irobot_create_ignition_bringup/share/irobot_create_ignition_bringup/environment/path.sh
[0.861s] -- Up-to-date symlink: /home/paul/create3_ws/install/irobot_create_ignition_bringup/share/irobot_create_ignition_bringup/environment/path.dsv
[0.862s] -- Up-to-date symlink: /home/paul/create3_ws/install/irobot_create_ignition_bringup/share/irobot_create_ignition_bringup/local_setup.bash
[0.863s] -- Up-to-date symlink: /home/paul/create3_ws/install/irobot_create_ignition_bringup/share/irobot_create_ignition_bringup/local_setup.sh
[0.865s] -- Up-to-date symlink: /home/paul/create3_ws/install/irobot_create_ignition_bringup/share/irobot_create_ignition_bringup/local_setup.zsh
[0.866s] -- Up-to-date symlink: /home/paul/create3_ws/install/irobot_create_ignition_bringup/share/irobot_create_ignition_bringup/local_setup.dsv
[0.867s] -- Symlinking: /home/paul/create3_ws/install/irobot_create_ignition_bringup/share/irobot_create_ignition_bringup/package.dsv
[0.891s] -- Up-to-date symlink: /home/paul/create3_ws/install/irobot_create_ignition_bringup/share/ament_index/resource_index/packages/irobot_create_ignition_bringup
[0.891s] -- Up-to-date symlink: /home/paul/create3_ws/install/irobot_create_ignition_bringup/share/irobot_create_ignition_bringup/cmake/irobot_create_ignition_bringupConfig.cmake
[0.892s] -- Up-to-date symlink: /home/paul/create3_ws/install/irobot_create_ignition_bringup/share/irobot_create_ignition_bringup/cmake/irobot_create_ignition_bringupConfig-version.cmake
[0.892s] -- Up-to-date symlink: /home/paul/create3_ws/install/irobot_create_ignition_bringup/share/irobot_create_ignition_bringup/package.xml
[0.895s] Invoked command in '/home/paul/create3_ws/build/irobot_create_ignition_bringup' returned '0': AMENT_PREFIX_PATH=/home/paul/create3_ws/install/irobot_create_ignition_toolbox:/home/paul/create3_ws/install/irobot_create_common_bringup:/home/paul/create3_ws/install/irobot_create_toolbox:/home/paul/create3_ws/install/irobot_create_ignition_plugins:/home/paul/create3_ws/install/irobot_create_description:/home/paul/create3_ws/install/irobot_create_control:${AMENT_PREFIX_PATH} CMAKE_PREFIX_PATH=/home/paul/create3_ws/install/irobot_create_ignition_toolbox:/home/paul/create3_ws/install/irobot_create_common_bringup:/home/paul/create3_ws/install/irobot_create_toolbox:/home/paul/create3_ws/install/irobot_create_ignition_plugins:/home/paul/create3_ws/install/irobot_create_description:/home/paul/create3_ws/install/irobot_create_control:/opt/ros/galactic LD_LIBRARY_PATH=/home/paul/create3_ws/install/irobot_create_ignition_toolbox/lib:/home/paul/create3_ws/install/irobot_create_toolbox/lib:${LD_LIBRARY_PATH} /usr/bin/cmake --install /home/paul/create3_ws/build/irobot_create_ignition_bringup
