[0.084s] Invoking command in '/home/paul/create3_ws/build/irobot_create_control': /usr/bin/cmake /home/paul/create3_ws/src/create3_sim/irobot_create_common/irobot_create_control -DAMENT_CMAKE_SYMLINK_INSTALL=1 -DCMAKE_INSTALL_PREFIX=/home/paul/create3_ws/install/irobot_create_control
[1.853s] -- The C compiler identification is GNU 9.4.0
[3.117s] -- The CXX compiler identification is GNU 9.4.0
[3.140s] -- Check for working C compiler: /usr/bin/cc
[3.289s] -- Check for working C compiler: /usr/bin/cc -- works
[3.291s] -- Detecting C compiler ABI info
[3.408s] -- Detecting C compiler ABI info - done
[3.421s] -- Detecting C compile features
[3.436s] -- Detecting C compile features - done
[3.447s] -- Check for working CXX compiler: /usr/bin/c++
[3.528s] -- Check for working CXX compiler: /usr/bin/c++ -- works
[3.529s] -- Detecting CXX compiler ABI info
[3.600s] -- Detecting CXX compiler ABI info - done
[3.610s] -- Detecting CXX compile features
[3.611s] -- Detecting CXX compile features - done
[3.661s] CMake Error at CMakeLists.txt:5 (find_package):
[3.661s]   By not providing "Findament_cmake.cmake" in CMAKE_MODULE_PATH this project
[3.662s]   has asked CMake to find a package configuration file provided by
[3.662s]   "ament_cmake", but CMake did not find one.
[3.662s] 
[3.662s]   Could not find a package configuration file provided by "ament_cmake" with
[3.662s]   any of the following names:
[3.662s] 
[3.662s]     ament_cmakeConfig.cmake
[3.663s]     ament_cmake-config.cmake
[3.663s] 
[3.663s]   Add the installation prefix of "ament_cmake" to CMAKE_PREFIX_PATH or set
[3.663s]   "ament_cmake_DIR" to a directory containing one of the above files.  If
[3.663s]   "ament_cmake" provides a separate development package or SDK, be sure it
[3.663s]   has been installed.
[3.663s] 
[3.664s] 
[3.682s] -- Configuring incomplete, errors occurred!
[3.682s] See also "/home/paul/create3_ws/build/irobot_create_control/CMakeFiles/CMakeOutput.log".
[3.686s] Invoked command in '/home/paul/create3_ws/build/irobot_create_control' returned '1': /usr/bin/cmake /home/paul/create3_ws/src/create3_sim/irobot_create_common/irobot_create_control -DAMENT_CMAKE_SYMLINK_INSTALL=1 -DCMAKE_INSTALL_PREFIX=/home/paul/create3_ws/install/irobot_create_control
