[0.027s] Invoking command in '/home/paul/create3_ws/build/irobot_create_control': CMAKE_PREFIX_PATH=/opt/ros/galactic /usr/bin/cmake /home/paul/create3_ws/src/create3_sim/irobot_create_common/irobot_create_control -DAMENT_CMAKE_SYMLINK_INSTALL=1 -DCMAKE_INSTALL_PREFIX=/home/paul/create3_ws/install/irobot_create_control
[0.139s] -- Found ament_cmake: 1.1.6 (/opt/ros/galactic/share/ament_cmake/cmake)
[0.227s] -- Found PythonInterp: /usr/bin/python3 (found suitable version "3.8.10", minimum required is "3") 
[0.228s] -- Using PYTHON_EXECUTABLE: /usr/bin/python3
[0.322s] -- Override CMake install command with custom implementation using symlinks instead of copying resources
[0.480s] -- Found ament_lint_auto: 0.10.7 (/opt/ros/galactic/share/ament_lint_auto/cmake)
[0.585s] -- Added test 'flake8' to check Python code syntax and style conventions
[0.585s] -- Added test 'lint_cmake' to check CMake code style
[0.588s] -- Added test 'pep257' to check Python code against some of the style conventions in PEP 257
[0.589s] -- Added test 'xmllint' to check XML markup files
[0.594s] -- Configuring done
[0.595s] -- Generating done
[0.595s] -- Build files have been written to: /home/paul/create3_ws/build/irobot_create_control
[0.596s] Invoked command in '/home/paul/create3_ws/build/irobot_create_control' returned '0': CMAKE_PREFIX_PATH=/opt/ros/galactic /usr/bin/cmake /home/paul/create3_ws/src/create3_sim/irobot_create_common/irobot_create_control -DAMENT_CMAKE_SYMLINK_INSTALL=1 -DCMAKE_INSTALL_PREFIX=/home/paul/create3_ws/install/irobot_create_control
[0.598s] Invoking command in '/home/paul/create3_ws/build/irobot_create_control': CMAKE_PREFIX_PATH=/opt/ros/galactic /usr/bin/cmake --build /home/paul/create3_ws/build/irobot_create_control -- -j12 -l12
[0.633s] Invoked command in '/home/paul/create3_ws/build/irobot_create_control' returned '0': CMAKE_PREFIX_PATH=/opt/ros/galactic /usr/bin/cmake --build /home/paul/create3_ws/build/irobot_create_control -- -j12 -l12
[0.661s] Invoking command in '/home/paul/create3_ws/build/irobot_create_control': CMAKE_PREFIX_PATH=/opt/ros/galactic /usr/bin/cmake --install /home/paul/create3_ws/build/irobot_create_control
[0.668s] -- Install configuration: ""
[0.668s] -- Execute custom install script
[0.669s] -- Symlinking: /home/paul/create3_ws/install/irobot_create_control/share/irobot_create_control//launch/include/control.py
[0.677s] -- Symlinking: /home/paul/create3_ws/install/irobot_create_control/share/irobot_create_control//config/control.yaml
[0.685s] -- Symlinking: /home/paul/create3_ws/install/irobot_create_control/share/ament_index/resource_index/package_run_dependencies/irobot_create_control
[0.693s] -- Symlinking: /home/paul/create3_ws/install/irobot_create_control/share/ament_index/resource_index/parent_prefix_path/irobot_create_control
[0.702s] -- Symlinking: /home/paul/create3_ws/install/irobot_create_control/share/irobot_create_control/environment/ament_prefix_path.sh
[0.710s] -- Symlinking: /home/paul/create3_ws/install/irobot_create_control/share/irobot_create_control/environment/ament_prefix_path.dsv
[0.718s] -- Symlinking: /home/paul/create3_ws/install/irobot_create_control/share/irobot_create_control/environment/path.sh
[0.727s] -- Symlinking: /home/paul/create3_ws/install/irobot_create_control/share/irobot_create_control/environment/path.dsv
[0.735s] -- Symlinking: /home/paul/create3_ws/install/irobot_create_control/share/irobot_create_control/local_setup.bash
[0.743s] -- Symlinking: /home/paul/create3_ws/install/irobot_create_control/share/irobot_create_control/local_setup.sh
[0.750s] -- Symlinking: /home/paul/create3_ws/install/irobot_create_control/share/irobot_create_control/local_setup.zsh
[0.758s] -- Symlinking: /home/paul/create3_ws/install/irobot_create_control/share/irobot_create_control/local_setup.dsv
[0.766s] -- Symlinking: /home/paul/create3_ws/install/irobot_create_control/share/irobot_create_control/package.dsv
[0.774s] -- Symlinking: /home/paul/create3_ws/install/irobot_create_control/share/ament_index/resource_index/packages/irobot_create_control
[0.782s] -- Symlinking: /home/paul/create3_ws/install/irobot_create_control/share/irobot_create_control/cmake/irobot_create_controlConfig.cmake
[0.789s] -- Symlinking: /home/paul/create3_ws/install/irobot_create_control/share/irobot_create_control/cmake/irobot_create_controlConfig-version.cmake
[0.797s] -- Symlinking: /home/paul/create3_ws/install/irobot_create_control/share/irobot_create_control/package.xml
[0.807s] Invoked command in '/home/paul/create3_ws/build/irobot_create_control' returned '0': CMAKE_PREFIX_PATH=/opt/ros/galactic /usr/bin/cmake --install /home/paul/create3_ws/build/irobot_create_control
