[2.743s] Invoking command in '/home/paul/create3_ws/build/irobot_create_control': CMAKE_PREFIX_PATH=${CMAKE_PREFIX_PATH}:/opt/ros/galactic /usr/bin/cmake --build /home/paul/create3_ws/build/irobot_create_control -- -j12 -l12
[3.401s] Invoked command in '/home/paul/create3_ws/build/irobot_create_control' returned '0': CMAKE_PREFIX_PATH=${CMAKE_PREFIX_PATH}:/opt/ros/galactic /usr/bin/cmake --build /home/paul/create3_ws/build/irobot_create_control -- -j12 -l12
[3.433s] Invoking command in '/home/paul/create3_ws/build/irobot_create_control': CMAKE_PREFIX_PATH=${CMAKE_PREFIX_PATH}:/opt/ros/galactic /usr/bin/cmake --install /home/paul/create3_ws/build/irobot_create_control
[3.445s] -- Install configuration: ""
[3.445s] -- Execute custom install script
[3.446s] -- Up-to-date symlink: /home/paul/create3_ws/install/irobot_create_control/share/irobot_create_control//launch/include/control.py
[3.446s] -- Up-to-date symlink: /home/paul/create3_ws/install/irobot_create_control/share/irobot_create_control//config/control.yaml
[3.446s] -- Up-to-date symlink: /home/paul/create3_ws/install/irobot_create_control/share/ament_index/resource_index/package_run_dependencies/irobot_create_control
[3.446s] -- Up-to-date symlink: /home/paul/create3_ws/install/irobot_create_control/share/ament_index/resource_index/parent_prefix_path/irobot_create_control
[3.446s] -- Up-to-date symlink: /home/paul/create3_ws/install/irobot_create_control/share/irobot_create_control/environment/ament_prefix_path.sh
[3.446s] -- Up-to-date symlink: /home/paul/create3_ws/install/irobot_create_control/share/irobot_create_control/environment/ament_prefix_path.dsv
[3.446s] -- Up-to-date symlink: /home/paul/create3_ws/install/irobot_create_control/share/irobot_create_control/environment/path.sh
[3.447s] -- Up-to-date symlink: /home/paul/create3_ws/install/irobot_create_control/share/irobot_create_control/environment/path.dsv
[3.447s] -- Up-to-date symlink: /home/paul/create3_ws/install/irobot_create_control/share/irobot_create_control/local_setup.bash
[3.447s] -- Up-to-date symlink: /home/paul/create3_ws/install/irobot_create_control/share/irobot_create_control/local_setup.sh
[3.447s] -- Up-to-date symlink: /home/paul/create3_ws/install/irobot_create_control/share/irobot_create_control/local_setup.zsh
[3.447s] -- Up-to-date symlink: /home/paul/create3_ws/install/irobot_create_control/share/irobot_create_control/local_setup.dsv
[3.448s] -- Symlinking: /home/paul/create3_ws/install/irobot_create_control/share/irobot_create_control/package.dsv
[3.457s] -- Up-to-date symlink: /home/paul/create3_ws/install/irobot_create_control/share/ament_index/resource_index/packages/irobot_create_control
[3.458s] -- Up-to-date symlink: /home/paul/create3_ws/install/irobot_create_control/share/irobot_create_control/cmake/irobot_create_controlConfig.cmake
[3.458s] -- Up-to-date symlink: /home/paul/create3_ws/install/irobot_create_control/share/irobot_create_control/cmake/irobot_create_controlConfig-version.cmake
[3.459s] -- Up-to-date symlink: /home/paul/create3_ws/install/irobot_create_control/share/irobot_create_control/package.xml
[3.463s] Invoked command in '/home/paul/create3_ws/build/irobot_create_control' returned '0': CMAKE_PREFIX_PATH=${CMAKE_PREFIX_PATH}:/opt/ros/galactic /usr/bin/cmake --install /home/paul/create3_ws/build/irobot_create_control
