[0.050s] Invoking command in '/home/paul/create3_ws/build/irobot_create_control': CMAKE_PREFIX_PATH=/opt/ros/galactic:${CMAKE_PREFIX_PATH} /usr/bin/cmake --build /home/paul/create3_ws/build/irobot_create_control -- -j12 -l12
[0.314s] Invoked command in '/home/paul/create3_ws/build/irobot_create_control' returned '0': CMAKE_PREFIX_PATH=/opt/ros/galactic:${CMAKE_PREFIX_PATH} /usr/bin/cmake --build /home/paul/create3_ws/build/irobot_create_control -- -j12 -l12
[0.350s] Invoking command in '/home/paul/create3_ws/build/irobot_create_control': CMAKE_PREFIX_PATH=/opt/ros/galactic:${CMAKE_PREFIX_PATH} /usr/bin/cmake --install /home/paul/create3_ws/build/irobot_create_control
[0.359s] -- Install configuration: ""
[0.360s] -- Execute custom install script
[0.360s] -- Up-to-date symlink: /home/paul/create3_ws/install/irobot_create_control/share/irobot_create_control//launch/include/control.py
[0.360s] -- Up-to-date symlink: /home/paul/create3_ws/install/irobot_create_control/share/irobot_create_control//config/control.yaml
[0.361s] -- Up-to-date symlink: /home/paul/create3_ws/install/irobot_create_control/share/ament_index/resource_index/package_run_dependencies/irobot_create_control
[0.361s] -- Up-to-date symlink: /home/paul/create3_ws/install/irobot_create_control/share/ament_index/resource_index/parent_prefix_path/irobot_create_control
[0.362s] -- Up-to-date symlink: /home/paul/create3_ws/install/irobot_create_control/share/irobot_create_control/environment/ament_prefix_path.sh
[0.362s] -- Up-to-date symlink: /home/paul/create3_ws/install/irobot_create_control/share/irobot_create_control/environment/ament_prefix_path.dsv
[0.363s] -- Up-to-date symlink: /home/paul/create3_ws/install/irobot_create_control/share/irobot_create_control/environment/path.sh
[0.363s] -- Up-to-date symlink: /home/paul/create3_ws/install/irobot_create_control/share/irobot_create_control/environment/path.dsv
[0.364s] -- Up-to-date symlink: /home/paul/create3_ws/install/irobot_create_control/share/irobot_create_control/local_setup.bash
[0.364s] -- Up-to-date symlink: /home/paul/create3_ws/install/irobot_create_control/share/irobot_create_control/local_setup.sh
[0.365s] -- Up-to-date symlink: /home/paul/create3_ws/install/irobot_create_control/share/irobot_create_control/local_setup.zsh
[0.365s] -- Up-to-date symlink: /home/paul/create3_ws/install/irobot_create_control/share/irobot_create_control/local_setup.dsv
[0.365s] -- Symlinking: /home/paul/create3_ws/install/irobot_create_control/share/irobot_create_control/package.dsv
[0.376s] -- Up-to-date symlink: /home/paul/create3_ws/install/irobot_create_control/share/ament_index/resource_index/packages/irobot_create_control
[0.377s] -- Up-to-date symlink: /home/paul/create3_ws/install/irobot_create_control/share/irobot_create_control/cmake/irobot_create_controlConfig.cmake
[0.377s] -- Up-to-date symlink: /home/paul/create3_ws/install/irobot_create_control/share/irobot_create_control/cmake/irobot_create_controlConfig-version.cmake
[0.377s] -- Up-to-date symlink: /home/paul/create3_ws/install/irobot_create_control/share/irobot_create_control/package.xml
[0.379s] Invoked command in '/home/paul/create3_ws/build/irobot_create_control' returned '0': CMAKE_PREFIX_PATH=/opt/ros/galactic:${CMAKE_PREFIX_PATH} /usr/bin/cmake --install /home/paul/create3_ws/build/irobot_create_control
