[0.076s] Invoking command in '/home/paul/create3_ws/build/svg_drive_goals': /usr/bin/cmake /home/paul/create3_ws/src/create3_sim/svg_drive_goals -DCATKIN_INSTALL_INTO_PREFIX_ROOT=0 -DCMAKE_INSTALL_PREFIX=/home/paul/create3_ws/install/svg_drive_goals
[3.632s] -- The C compiler identification is GNU 9.4.0
[4.736s] -- The CXX compiler identification is GNU 9.4.0
[4.768s] -- Check for working C compiler: /usr/bin/cc
[4.909s] -- Check for working C compiler: /usr/bin/cc -- works
[4.911s] -- Detecting C compiler ABI info
[4.982s] -- Detecting C compiler ABI info - done
[4.999s] -- Detecting C compile features
[5.000s] -- Detecting C compile features - done
[5.004s] -- Check for working CXX compiler: /usr/bin/c++
[5.082s] -- Check for working CXX compiler: /usr/bin/c++ -- works
[5.083s] -- Detecting CXX compiler ABI info
[5.166s] -- Detecting CXX compiler ABI info - done
[5.177s] -- Detecting CXX compile features
[5.178s] -- Detecting CXX compile features - done
[5.231s] -- Found ament_cmake: 1.1.6 (/opt/ros/galactic/share/ament_cmake/cmake)
[5.363s] -- Found PythonInterp: /usr/bin/python3 (found suitable version "3.8.10", minimum required is "3") 
[5.363s] -- Using PYTHON_EXECUTABLE: /usr/bin/python3
[5.565s] -- Found rclcpp: 9.2.2 (/opt/ros/galactic/share/rclcpp/cmake)
[5.960s] -- Using all available rosidl_typesupport_c: rosidl_typesupport_fastrtps_c;rosidl_typesupport_introspection_c
[6.011s] -- Found rosidl_adapter: 2.2.3 (/opt/ros/galactic/share/rosidl_adapter/cmake)
[6.669s] -- Found OpenSSL: /usr/lib/x86_64-linux-gnu/libcrypto.so (found version "1.1.1f")  
[6.786s] -- Found FastRTPS: /opt/ros/galactic/include  
[6.970s] -- Using all available rosidl_typesupport_cpp: rosidl_typesupport_fastrtps_cpp;rosidl_typesupport_introspection_cpp
[7.126s] -- Found rmw_implementation_cmake: 3.3.1 (/opt/ros/galactic/share/rmw_implementation_cmake/cmake)
[7.149s] -- Found rmw_cyclonedds_cpp: 0.22.6 (/opt/ros/galactic/share/rmw_cyclonedds_cpp/cmake)
[7.325s] -- Using RMW implementation 'rmw_cyclonedds_cpp' as default
[7.328s] -- Looking for pthread.h
[7.401s] -- Looking for pthread.h - found
[7.402s] -- Performing Test CMAKE_HAVE_LIBC_PTHREAD
[7.492s] -- Performing Test CMAKE_HAVE_LIBC_PTHREAD - Failed
[7.492s] -- Looking for pthread_create in pthreads
[7.597s] -- Looking for pthread_create in pthreads - not found
[7.597s] -- Looking for pthread_create in pthread
[7.687s] -- Looking for pthread_create in pthread - found
[7.688s] -- Found Threads: TRUE  
[8.184s] -- Found irobot_create_msgs: 1.2.4 (/opt/ros/galactic/share/irobot_create_msgs/cmake)
[8.591s] -- Configuring done
[8.592s] CMake Error at CMakeLists.txt:8 (add_executable):
[8.592s]   Cannot find source file:
[8.592s] 
[8.592s]     src/main.cpp
[8.592s] 
[8.592s]   Tried extensions .c .C .c++ .cc .cpp .cxx .cu .m .M .mm .h .hh .h++ .hm
[8.592s]   .hpp .hxx .in .txx
[8.592s] 
[8.592s] 
[8.593s] CMake Error at CMakeLists.txt:8 (add_executable):
[8.593s]   No SOURCES given to target: svg_drive_goals
[8.593s] 
[8.593s] 
[8.593s] CMake Generate step failed.  Build files cannot be regenerated correctly.
[8.600s] Invoked command in '/home/paul/create3_ws/build/svg_drive_goals' returned '1': /usr/bin/cmake /home/paul/create3_ws/src/create3_sim/svg_drive_goals -DCATKIN_INSTALL_INTO_PREFIX_ROOT=0 -DCMAKE_INSTALL_PREFIX=/home/paul/create3_ws/install/svg_drive_goals
