[0.050s] Invoking command in '/home/paul/create3_ws/build/irobot_create_gazebo_plugins': CMAKE_PREFIX_PATH=/home/paul/create3_ws/install/irobot_create_toolbox:/home/paul/create3_ws/install/irobot_create_nodes:/home/paul/create3_ws/install/irobot_create_ignition_sim:/home/paul/create3_ws/install/irobot_create_ignition_bringup:/home/paul/create3_ws/install/irobot_create_ignition_toolbox:/home/paul/create3_ws/install/irobot_create_gazebo_sim:/home/paul/create3_ws/install/irobot_create_gazebo_bringup:/home/paul/create3_ws/install/irobot_create_gazebo_plugins:/home/paul/create3_ws/install/irobot_create_ignition_plugins:/home/paul/create3_ws/install/irobot_create_common_bringup:/home/paul/create3_ws/install/irobot_create_description:/home/paul/create3_ws/install/irobot_create_control:/opt/ros/galactic LD_LIBRARY_PATH=/home/paul/create3_ws/install/irobot_create_toolbox/lib:/home/paul/create3_ws/install/irobot_create_nodes/lib:/home/paul/create3_ws/install/irobot_create_ignition_toolbox/lib:/home/paul/create3_ws/install/irobot_create_gazebo_plugins/lib:/usr/lib/x86_64-linux-gnu/gazebo-11/plugins:/opt/ros/galactic/opt/yaml_cpp_vendor/lib:/opt/ros/galactic/opt/rviz_ogre_vendor/lib:/opt/ros/galactic/lib/x86_64-linux-gnu:/opt/ros/galactic/lib /usr/bin/cmake --build /home/paul/create3_ws/build/irobot_create_gazebo_plugins -- -j12 -l12
[0.162s] [  9%] Built target gazebo_ros_create_helpers
[0.181s] [35m[1mScanning dependencies of target create_line_plugin[0m
[0.521s] [ 18%] Built target gazebo_ros_create_ir_intensity_sensor
[0.522s] [ 45%] Built target gazebo_ros_create_optical_mouse
[0.522s] [ 40%] [32m[1mLinking CXX shared library libgazebo_ros_create_wheel_drop.so[0m
[0.523s] [ 45%] Built target gazebo_ros_create_bumper
[0.523s] [ 54%] Built target gazebo_ros_create_docking_status
[0.524s] [ 59%] Built target gazebo_ros_create_cliff_sensor
[0.524s] [ 68%] Built target docking_manager
[0.524s] [ 77%] Built target gazebo_ros_create_imu
[0.577s] [ 86%] Built target gazebo_ros_create_ir_opcode
[9.697s] [ 90%] [32mBuilding CXX object CMakeFiles/create_line_plugin.dir/src/line_plugin.cpp.o[0m
[14.823s] [ 95%] Built target gazebo_ros_create_wheel_drop
[63.619s] [01m[K/home/paul/create3_ws/src/create3_sim/irobot_create_gazebo/irobot_create_gazebo_plugins/src/line_plugin.cpp:41:18:[m[K [01;31m[Kerror: [m[K‘[01m[KGeometryPtr[m[K’ in namespace ‘[01m[Kgazebo::rendering[m[K’ does not name a type
[64.334s]    41 |       rendering::[01;31m[KGeometryPtr[m[K geometry_;
[64.334s]       |                  [01;31m[K^~~~~~~~~~~[m[K
[64.334s] [01m[K/home/paul/create3_ws/src/create3_sim/irobot_create_gazebo/irobot_create_gazebo_plugins/src/line_plugin.cpp:[m[K In member function ‘[01m[Kvirtual void gazebo::LinePlugin::Load(gazebo::rendering::VisualPtr, sdf::v9::ElementPtr)[m[K’:
[64.334s] [01m[K/home/paul/create3_ws/src/create3_sim/irobot_create_gazebo/irobot_create_gazebo_plugins/src/line_plugin.cpp:16:20:[m[K [01;31m[Kerror: [m[K‘[01m[KGeometryPtr[m[K’ is not a member of ‘[01m[Kgazebo::rendering[m[K’; did you mean ‘[01m[Kgazebo::msgs::GeometryPtr[m[K’?
[64.334s]    16 |         rendering::[01;31m[KGeometryPtr[m[K geometry(new rendering::Geometry());
[64.335s]       |                    [01;31m[K^~~~~~~~~~~[m[K
[64.335s] In file included from [01m[K/usr/include/gazebo-11/gazebo/msgs/collision.pb.h:34[m[K,
[64.335s]                  from [01m[K/usr/include/gazebo-11/gazebo/msgs/MessageTypes.hh:17[m[K,
[64.335s]                  from [01m[K/usr/include/gazebo-11/gazebo/msgs/msgs.hh:35[m[K,
[64.335s]                  from [01m[K/usr/include/gazebo-11/gazebo/gazebo_core.hh:20[m[K,
[64.335s]                  from [01m[K/usr/include/gazebo-11/gazebo/gazebo.hh:20[m[K,
[64.335s]                  from [01m[K/home/paul/create3_ws/src/create3_sim/irobot_create_gazebo/irobot_create_gazebo_plugins/src/line_plugin.cpp:1[m[K:
[64.335s] [01m[K/usr/include/gazebo-11/gazebo/msgs/geometry.pb.h:870:51:[m[K [01;36m[Knote: [m[K‘[01m[Kgazebo::msgs::GeometryPtr[m[K’ declared here
[64.335s]   870 | typedef boost::shared_ptr<gazebo::msgs::Geometry> [01;36m[KGeometryPtr[m[K;
[64.335s]       |                                                   [01;36m[K^~~~~~~~~~~[m[K
[64.335s] [01m[K/home/paul/create3_ws/src/create3_sim/irobot_create_gazebo/irobot_create_gazebo_plugins/src/line_plugin.cpp:17:20:[m[K [01;31m[Kerror: [m[K‘[01m[KMaterialPtr[m[K’ is not a member of ‘[01m[Kgazebo::rendering[m[K’; did you mean ‘[01m[KMaterial[m[K’?
[64.335s]    17 |         rendering::[01;31m[KMaterialPtr[m[K material(new rendering::Material());
[64.335s]       |                    [01;31m[K^~~~~~~~~~~[m[K
[64.335s]       |                    [32m[KMaterial[m[K
[64.335s] [01m[K/home/paul/create3_ws/src/create3_sim/irobot_create_gazebo/irobot_create_gazebo_plugins/src/line_plugin.cpp:18:9:[m[K [01;31m[Kerror: [m[K‘[01m[Kmaterial[m[K’ was not declared in this scope
[64.335s]    18 |         [01;31m[Kmaterial[m[K->SetAmbient(common::Color(1.0, 0.0, 0.0, 1.0));
[64.335s]       |         [01;31m[K^~~~~~~~[m[K
[64.335s] [01m[K/home/paul/create3_ws/src/create3_sim/irobot_create_gazebo/irobot_create_gazebo_plugins/src/line_plugin.cpp:18:62:[m[K [01;31m[Kerror: [m[Kinvalid use of incomplete type ‘[01m[Kclass gazebo::common::Color[m[K’
[64.335s]    18 |         material->SetAmbient(common::Color(1.0, 0.0, 0.0, 1.0[01;31m[K)[m[K);
[64.336s]       |                                                              [01;31m[K^[m[K
[64.336s] In file included from [01m[K/usr/include/gazebo-11/gazebo/common/Battery.hh:26[m[K,
[64.336s]                  from [01m[K/usr/include/gazebo-11/gazebo/common/common.hh:8[m[K,
[64.336s]                  from [01m[K/usr/include/gazebo-11/gazebo/gazebo_core.hh:19[m[K,
[64.336s]                  from [01m[K/usr/include/gazebo-11/gazebo/gazebo.hh:20[m[K,
[64.336s]                  from [01m[K/home/paul/create3_ws/src/create3_sim/irobot_create_gazebo/irobot_create_gazebo_plugins/src/line_plugin.cpp:1[m[K:
[64.336s] [01m[K/usr/include/gazebo-11/gazebo/common/CommonTypes.hh:76:11:[m[K [01;36m[Knote: [m[Kforward declaration of ‘[01m[Kclass gazebo::common::Color[m[K’
[64.336s]    76 |     class [01;36m[KColor[m[K;
[64.336s]       |           [01;36m[K^~~~~[m[K
[64.336s] [01m[K/home/paul/create3_ws/src/create3_sim/irobot_create_gazebo/irobot_create_gazebo_plugins/src/line_plugin.cpp:19:62:[m[K [01;31m[Kerror: [m[Kinvalid use of incomplete type ‘[01m[Kclass gazebo::common::Color[m[K’
[64.336s]    19 |         material->SetDiffuse(common::Color(1.0, 0.0, 0.0, 1.0[01;31m[K)[m[K);
[64.336s]       |                                                              [01;31m[K^[m[K
[64.337s] In file included from [01m[K/usr/include/gazebo-11/gazebo/common/Battery.hh:26[m[K,
[64.337s]                  from [01m[K/usr/include/gazebo-11/gazebo/common/common.hh:8[m[K,
[64.337s]                  from [01m[K/usr/include/gazebo-11/gazebo/gazebo_core.hh:19[m[K,
[64.337s]                  from [01m[K/usr/include/gazebo-11/gazebo/gazebo.hh:20[m[K,
[64.337s]                  from [01m[K/home/paul/create3_ws/src/create3_sim/irobot_create_gazebo/irobot_create_gazebo_plugins/src/line_plugin.cpp:1[m[K:
[64.337s] [01m[K/usr/include/gazebo-11/gazebo/common/CommonTypes.hh:76:11:[m[K [01;36m[Knote: [m[Kforward declaration of ‘[01m[Kclass gazebo::common::Color[m[K’
[64.337s]    76 |     class [01;36m[KColor[m[K;
[64.337s]       |           [01;36m[K^~~~~[m[K
[64.337s] [01m[K/home/paul/create3_ws/src/create3_sim/irobot_create_gazebo/irobot_create_gazebo_plugins/src/line_plugin.cpp:20:9:[m[K [01;31m[Kerror: [m[K‘[01m[Kgeometry[m[K’ was not declared in this scope
[64.337s]    20 |         [01;31m[Kgeometry[m[K->AddLine(math::Vector3(0, 0, 0), math::Vector3(0, 0, -1), material);
[64.337s]       |         [01;31m[K^~~~~~~~[m[K
[64.337s] [01m[K/home/paul/create3_ws/src/create3_sim/irobot_create_gazebo/irobot_create_gazebo_plugins/src/line_plugin.cpp:20:27:[m[K [01;31m[Kerror: [m[K‘[01m[Kmath[m[K’ has not been declared
[64.337s]    20 |         geometry->AddLine([01;31m[Kmath[m[K::Vector3(0, 0, 0), math::Vector3(0, 0, -1), material);
[64.337s]       |                           [01;31m[K^~~~[m[K
[64.337s] [01m[K/home/paul/create3_ws/src/create3_sim/irobot_create_gazebo/irobot_create_gazebo_plugins/src/line_plugin.cpp:20:51:[m[K [01;31m[Kerror: [m[K‘[01m[Kmath[m[K’ has not been declared
[64.337s]    20 |         geometry->AddLine(math::Vector3(0, 0, 0), [01;31m[Kmath[m[K::Vector3(0, 0, -1), material);
[64.337s]       |                                                   [01;31m[K^~~~[m[K
[64.338s] [01m[K/home/paul/create3_ws/src/create3_sim/irobot_create_gazebo/irobot_create_gazebo_plugins/src/line_plugin.cpp:23:30:[m[K [01;31m[Kerror: [m[K‘[01m[Kclass gazebo::rendering::Scene[m[K’ has no member named ‘[01m[KAddGeometry[m[K’
[64.338s]    23 |         _parent->GetScene()->[01;31m[KAddGeometry[m[K(geometry);
[64.338s]       |                              [01;31m[K^~~~~~~~~~~[m[K
[64.338s] [01m[K/home/paul/create3_ws/src/create3_sim/irobot_create_gazebo/irobot_create_gazebo_plugins/src/line_plugin.cpp:26:27:[m[K [01;31m[Kerror: [m[K‘[01m[Kmath[m[K’ has not been declared
[64.338s]    26 |         geometry->SetPose([01;31m[Kmath[m[K::Pose(_parent->GetWorldPose().pos.x, _parent->GetWorldPose().pos.y, _parent->GetWorldPose().pos.z - 0.1));
[64.338s]       |                           [01;31m[K^~~~[m[K
[64.338s] [01m[K/home/paul/create3_ws/src/create3_sim/irobot_create_gazebo/irobot_create_gazebo_plugins/src/line_plugin.cpp:26:47:[m[K [01;31m[Kerror: [m[K‘[01m[Kusing element_type = class gazebo::rendering::Visual[m[K’ {aka ‘[01m[Kclass gazebo::rendering::Visual[m[K’} has no member named ‘[01m[KGetWorldPose[m[K’; did you mean ‘[01m[KSetWorldPose[m[K’?
[64.338s]    26 |         geometry->SetPose(math::Pose(_parent->[01;31m[KGetWorldPose[m[K().pos.x, _parent->GetWorldPose().pos.y, _parent->GetWorldPose().pos.z - 0.1));
[64.338s]       |                                               [01;31m[K^~~~~~~~~~~~[m[K
[64.338s]       |                                               [32m[KSetWorldPose[m[K
[64.338s] [01m[K/home/paul/create3_ws/src/create3_sim/irobot_create_gazebo/irobot_create_gazebo_plugins/src/line_plugin.cpp:26:78:[m[K [01;31m[Kerror: [m[K‘[01m[Kusing element_type = class gazebo::rendering::Visual[m[K’ {aka ‘[01m[Kclass gazebo::rendering::Visual[m[K’} has no member named ‘[01m[KGetWorldPose[m[K’; did you mean ‘[01m[KSetWorldPose[m[K’?
[64.338s]    26 |         geometry->SetPose(math::Pose(_parent->GetWorldPose().pos.x, _parent->[01;31m[KGetWorldPose[m[K().pos.y, _parent->GetWorldPose().pos.z - 0.1));
[64.338s]       |                                                                              [01;31m[K^~~~~~~~~~~~[m[K
[64.338s]       |                                                                              [32m[KSetWorldPose[m[K
[64.338s] [01m[K/home/paul/create3_ws/src/create3_sim/irobot_create_gazebo/irobot_create_gazebo_plugins/src/line_plugin.cpp:26:109:[m[K [01;31m[Kerror: [m[K‘[01m[Kusing element_type = class gazebo::rendering::Visual[m[K’ {aka ‘[01m[Kclass gazebo::rendering::Visual[m[K’} has no member named ‘[01m[KGetWorldPose[m[K’; did you mean ‘[01m[KSetWorldPose[m[K’?
[64.338s]    26 | math::Pose(_parent->GetWorldPose().pos.x, _parent->GetWorldPose().pos.y, _parent->[01;31m[KGetWorldPose[m[K().pos.z - 0.1));
[64.338s]       |                                                                                   [01;31m[K^~~~~~~~~~~~[m[K
[64.338s]       |                                                                                   [32m[KSetWorldPose[m[K
[64.339s] [01m[K/home/paul/create3_ws/src/create3_sim/irobot_create_gazebo/irobot_create_gazebo_plugins/src/line_plugin.cpp:[m[K In member function ‘[01m[Kvoid gazebo::LinePlugin::OnUpdate()[m[K’:
[64.339s] [01m[K/home/paul/create3_ws/src/create3_sim/irobot_create_gazebo/irobot_create_gazebo_plugins/src/line_plugin.cpp:35:9:[m[K [01;31m[Kerror: [m[K‘[01m[Kmath[m[K’ has not been declared
[64.339s]    35 |         [01;31m[Kmath[m[K::Pose pose = this->visual_->GetParent()->GetWorldPose();
[64.339s]       |         [01;31m[K^~~~[m[K
[64.339s] [01m[K/home/paul/create3_ws/src/create3_sim/irobot_create_gazebo/irobot_create_gazebo_plugins/src/line_plugin.cpp:36:15:[m[K [01;31m[Kerror: [m[K‘[01m[Kclass gazebo::LinePlugin[m[K’ has no member named ‘[01m[Kgeometry_[m[K’
[64.339s]    36 |         this->[01;31m[Kgeometry_[m[K->SetPose(math::Pose(pose.pos.x, pose.pos.y, pose.pos.z - 0.1));
[64.339s]       |               [01;31m[K^~~~~~~~~[m[K
[64.339s] [01m[K/home/paul/create3_ws/src/create3_sim/irobot_create_gazebo/irobot_create_gazebo_plugins/src/line_plugin.cpp:36:34:[m[K [01;31m[Kerror: [m[K‘[01m[Kmath[m[K’ has not been declared
[64.339s]    36 |         this->geometry_->SetPose([01;31m[Kmath[m[K::Pose(pose.pos.x, pose.pos.y, pose.pos.z - 0.1));
[64.339s]       |                                  [01;31m[K^~~~[m[K
[64.339s] [01m[K/home/paul/create3_ws/src/create3_sim/irobot_create_gazebo/irobot_create_gazebo_plugins/src/line_plugin.cpp:36:45:[m[K [01;31m[Kerror: [m[K‘[01m[Kpose[m[K’ was not declared in this scope
[64.339s]    36 |         this->geometry_->SetPose(math::Pose([01;31m[Kpose[m[K.pos.x, pose.pos.y, pose.pos.z - 0.1));
[64.339s]       |                                             [01;31m[K^~~~[m[K
[85.750s] make[2]: *** [CMakeFiles/create_line_plugin.dir/build.make:63: CMakeFiles/create_line_plugin.dir/src/line_plugin.cpp.o] Error 1
[85.752s] make[1]: *** [CMakeFiles/Makefile2:152: CMakeFiles/create_line_plugin.dir/all] Error 2
[85.752s] make: *** [Makefile:141: all] Error 2
[86.197s] Invoked command in '/home/paul/create3_ws/build/irobot_create_gazebo_plugins' returned '2': CMAKE_PREFIX_PATH=/home/paul/create3_ws/install/irobot_create_toolbox:/home/paul/create3_ws/install/irobot_create_nodes:/home/paul/create3_ws/install/irobot_create_ignition_sim:/home/paul/create3_ws/install/irobot_create_ignition_bringup:/home/paul/create3_ws/install/irobot_create_ignition_toolbox:/home/paul/create3_ws/install/irobot_create_gazebo_sim:/home/paul/create3_ws/install/irobot_create_gazebo_bringup:/home/paul/create3_ws/install/irobot_create_gazebo_plugins:/home/paul/create3_ws/install/irobot_create_ignition_plugins:/home/paul/create3_ws/install/irobot_create_common_bringup:/home/paul/create3_ws/install/irobot_create_description:/home/paul/create3_ws/install/irobot_create_control:/opt/ros/galactic LD_LIBRARY_PATH=/home/paul/create3_ws/install/irobot_create_toolbox/lib:/home/paul/create3_ws/install/irobot_create_nodes/lib:/home/paul/create3_ws/install/irobot_create_ignition_toolbox/lib:/home/paul/create3_ws/install/irobot_create_gazebo_plugins/lib:/usr/lib/x86_64-linux-gnu/gazebo-11/plugins:/opt/ros/galactic/opt/yaml_cpp_vendor/lib:/opt/ros/galactic/opt/rviz_ogre_vendor/lib:/opt/ros/galactic/lib/x86_64-linux-gnu:/opt/ros/galactic/lib /usr/bin/cmake --build /home/paul/create3_ws/build/irobot_create_gazebo_plugins -- -j12 -l12
