-- Found ament_cmake: 1.1.6 (/opt/ros/galactic/share/ament_cmake/cmake)
-- Using PYTHON_EXECUTABLE: /usr/bin/python3
-- Override CMake install command with custom implementation using symlinks instead of copying resources
-- Found ament_lint_auto: 0.10.7 (/opt/ros/galactic/share/ament_lint_auto/cmake)
-- Added test 'flake8' to check Python code syntax and style conventions
-- Added test 'lint_cmake' to check CMake code style
-- Added test 'pep257' to check Python code against some of the style conventions in PEP 257
-- Added test 'xmllint' to check XML markup files
-- Configuring done
-- Generating done
-- Build files have been written to: /home/paul/create3_ws/build/irobot_create_common_bringup
-- Install configuration: ""
-- Execute custom install script
-- Up-to-date symlink: /home/paul/create3_ws/install/irobot_create_common_bringup/share/irobot_create_common_bringup/config/hazard_vector_params.yaml
-- Up-to-date symlink: /home/paul/create3_ws/install/irobot_create_common_bringup/share/irobot_create_common_bringup/config/ir_intensity_vector_params.yaml
-- Up-to-date symlink: /home/paul/create3_ws/install/irobot_create_common_bringup/share/irobot_create_common_bringup/config/kidnap_estimator_params.yaml
-- Up-to-date symlink: /home/paul/create3_ws/install/irobot_create_common_bringup/share/irobot_create_common_bringup/config/mock_params.yaml
-- Up-to-date symlink: /home/paul/create3_ws/install/irobot_create_common_bringup/share/irobot_create_common_bringup/config/robot_state_params.yaml
-- Up-to-date symlink: /home/paul/create3_ws/install/irobot_create_common_bringup/share/irobot_create_common_bringup/config/ui_mgr_params.yaml
-- Up-to-date symlink: /home/paul/create3_ws/install/irobot_create_common_bringup/share/irobot_create_common_bringup/config/wheel_status_params.yaml
-- Up-to-date symlink: /home/paul/create3_ws/install/irobot_create_common_bringup/share/irobot_create_common_bringup/launch/create3_nodes.launch.py
-- Up-to-date symlink: /home/paul/create3_ws/install/irobot_create_common_bringup/share/irobot_create_common_bringup/launch/dock_description.launch.py
-- Up-to-date symlink: /home/paul/create3_ws/install/irobot_create_common_bringup/share/irobot_create_common_bringup/launch/robot_description.launch.py
-- Up-to-date symlink: /home/paul/create3_ws/install/irobot_create_common_bringup/share/irobot_create_common_bringup/launch/rviz2.launch.py
-- Up-to-date symlink: /home/paul/create3_ws/install/irobot_create_common_bringup/share/irobot_create_common_bringup/rviz/irobot_create_view.rviz
-- Up-to-date symlink: /home/paul/create3_ws/install/irobot_create_common_bringup/share/irobot_create_common_bringup/rviz/irobot_logo.jpg
-- Up-to-date symlink: /home/paul/create3_ws/install/irobot_create_common_bringup/share/ament_index/resource_index/package_run_dependencies/irobot_create_common_bringup
-- Up-to-date symlink: /home/paul/create3_ws/install/irobot_create_common_bringup/share/ament_index/resource_index/parent_prefix_path/irobot_create_common_bringup
-- Up-to-date symlink: /home/paul/create3_ws/install/irobot_create_common_bringup/share/irobot_create_common_bringup/environment/ament_prefix_path.sh
-- Up-to-date symlink: /home/paul/create3_ws/install/irobot_create_common_bringup/share/irobot_create_common_bringup/environment/ament_prefix_path.dsv
-- Up-to-date symlink: /home/paul/create3_ws/install/irobot_create_common_bringup/share/irobot_create_common_bringup/environment/path.sh
-- Up-to-date symlink: /home/paul/create3_ws/install/irobot_create_common_bringup/share/irobot_create_common_bringup/environment/path.dsv
-- Up-to-date symlink: /home/paul/create3_ws/install/irobot_create_common_bringup/share/irobot_create_common_bringup/local_setup.bash
-- Up-to-date symlink: /home/paul/create3_ws/install/irobot_create_common_bringup/share/irobot_create_common_bringup/local_setup.sh
-- Up-to-date symlink: /home/paul/create3_ws/install/irobot_create_common_bringup/share/irobot_create_common_bringup/local_setup.zsh
-- Up-to-date symlink: /home/paul/create3_ws/install/irobot_create_common_bringup/share/irobot_create_common_bringup/local_setup.dsv
-- Symlinking: /home/paul/create3_ws/install/irobot_create_common_bringup/share/irobot_create_common_bringup/package.dsv
-- Up-to-date symlink: /home/paul/create3_ws/install/irobot_create_common_bringup/share/ament_index/resource_index/packages/irobot_create_common_bringup
-- Up-to-date symlink: /home/paul/create3_ws/install/irobot_create_common_bringup/share/irobot_create_common_bringup/cmake/irobot_create_common_bringupConfig.cmake
-- Up-to-date symlink: /home/paul/create3_ws/install/irobot_create_common_bringup/share/irobot_create_common_bringup/cmake/irobot_create_common_bringupConfig-version.cmake
-- Up-to-date symlink: /home/paul/create3_ws/install/irobot_create_common_bringup/share/irobot_create_common_bringup/package.xml
