[0.012s] Invoking command in '/home/paul/create3_ws/build/irobot_create_common_bringup': CMAKE_PREFIX_PATH=/home/paul/create3_ws/install/irobot_create_description:/home/paul/create3_ws/install/irobot_create_control:/home/paul/create3_ws/install/irobot_create_nodes:/home/paul/create3_ws/install/irobot_create_ignition_sim:/home/paul/create3_ws/install/irobot_create_ignition_bringup:/home/paul/create3_ws/install/irobot_create_ignition_toolbox:/home/paul/create3_ws/install/irobot_create_gazebo_sim:/home/paul/create3_ws/install/irobot_create_gazebo_bringup:/home/paul/create3_ws/install/irobot_create_gazebo_plugins:/home/paul/create3_ws/install/irobot_create_toolbox:/home/paul/create3_ws/install/irobot_create_ignition_plugins:/home/paul/create3_ws/install/irobot_create_common_bringup:/opt/ros/galactic /usr/bin/cmake /home/paul/create3_ws/src/create3_sim/irobot_create_common/irobot_create_common_bringup -DCMAKE_INSTALL_PREFIX=/home/paul/create3_ws/install/irobot_create_common_bringup
[0.273s] -- Found ament_cmake: 1.1.6 (/opt/ros/galactic/share/ament_cmake/cmake)
[0.294s] -- Using PYTHON_EXECUTABLE: /usr/bin/python3
[0.343s] -- Override CMake install command with custom implementation using symlinks instead of copying resources
[0.350s] -- Found ament_lint_auto: 0.10.7 (/opt/ros/galactic/share/ament_lint_auto/cmake)
[0.674s] -- Added test 'flake8' to check Python code syntax and style conventions
[0.675s] -- Added test 'lint_cmake' to check CMake code style
[0.676s] -- Added test 'pep257' to check Python code against some of the style conventions in PEP 257
[0.681s] -- Added test 'xmllint' to check XML markup files
[0.683s] -- Configuring done
[0.697s] -- Generating done
[0.855s] -- Build files have been written to: /home/paul/create3_ws/build/irobot_create_common_bringup
[0.863s] Invoked command in '/home/paul/create3_ws/build/irobot_create_common_bringup' returned '0': CMAKE_PREFIX_PATH=/home/paul/create3_ws/install/irobot_create_description:/home/paul/create3_ws/install/irobot_create_control:/home/paul/create3_ws/install/irobot_create_nodes:/home/paul/create3_ws/install/irobot_create_ignition_sim:/home/paul/create3_ws/install/irobot_create_ignition_bringup:/home/paul/create3_ws/install/irobot_create_ignition_toolbox:/home/paul/create3_ws/install/irobot_create_gazebo_sim:/home/paul/create3_ws/install/irobot_create_gazebo_bringup:/home/paul/create3_ws/install/irobot_create_gazebo_plugins:/home/paul/create3_ws/install/irobot_create_toolbox:/home/paul/create3_ws/install/irobot_create_ignition_plugins:/home/paul/create3_ws/install/irobot_create_common_bringup:/opt/ros/galactic /usr/bin/cmake /home/paul/create3_ws/src/create3_sim/irobot_create_common/irobot_create_common_bringup -DCMAKE_INSTALL_PREFIX=/home/paul/create3_ws/install/irobot_create_common_bringup
[0.873s] Invoking command in '/home/paul/create3_ws/build/irobot_create_common_bringup': CMAKE_PREFIX_PATH=/home/paul/create3_ws/install/irobot_create_description:/home/paul/create3_ws/install/irobot_create_control:/home/paul/create3_ws/install/irobot_create_nodes:/home/paul/create3_ws/install/irobot_create_ignition_sim:/home/paul/create3_ws/install/irobot_create_ignition_bringup:/home/paul/create3_ws/install/irobot_create_ignition_toolbox:/home/paul/create3_ws/install/irobot_create_gazebo_sim:/home/paul/create3_ws/install/irobot_create_gazebo_bringup:/home/paul/create3_ws/install/irobot_create_gazebo_plugins:/home/paul/create3_ws/install/irobot_create_toolbox:/home/paul/create3_ws/install/irobot_create_ignition_plugins:/home/paul/create3_ws/install/irobot_create_common_bringup:/opt/ros/galactic /usr/bin/cmake --build /home/paul/create3_ws/build/irobot_create_common_bringup -- -j12 -l12
[0.966s] Invoked command in '/home/paul/create3_ws/build/irobot_create_common_bringup' returned '0': CMAKE_PREFIX_PATH=/home/paul/create3_ws/install/irobot_create_description:/home/paul/create3_ws/install/irobot_create_control:/home/paul/create3_ws/install/irobot_create_nodes:/home/paul/create3_ws/install/irobot_create_ignition_sim:/home/paul/create3_ws/install/irobot_create_ignition_bringup:/home/paul/create3_ws/install/irobot_create_ignition_toolbox:/home/paul/create3_ws/install/irobot_create_gazebo_sim:/home/paul/create3_ws/install/irobot_create_gazebo_bringup:/home/paul/create3_ws/install/irobot_create_gazebo_plugins:/home/paul/create3_ws/install/irobot_create_toolbox:/home/paul/create3_ws/install/irobot_create_ignition_plugins:/home/paul/create3_ws/install/irobot_create_common_bringup:/opt/ros/galactic /usr/bin/cmake --build /home/paul/create3_ws/build/irobot_create_common_bringup -- -j12 -l12
[0.998s] Invoking command in '/home/paul/create3_ws/build/irobot_create_common_bringup': CMAKE_PREFIX_PATH=/home/paul/create3_ws/install/irobot_create_description:/home/paul/create3_ws/install/irobot_create_control:/home/paul/create3_ws/install/irobot_create_nodes:/home/paul/create3_ws/install/irobot_create_ignition_sim:/home/paul/create3_ws/install/irobot_create_ignition_bringup:/home/paul/create3_ws/install/irobot_create_ignition_toolbox:/home/paul/create3_ws/install/irobot_create_gazebo_sim:/home/paul/create3_ws/install/irobot_create_gazebo_bringup:/home/paul/create3_ws/install/irobot_create_gazebo_plugins:/home/paul/create3_ws/install/irobot_create_toolbox:/home/paul/create3_ws/install/irobot_create_ignition_plugins:/home/paul/create3_ws/install/irobot_create_common_bringup:/opt/ros/galactic /usr/bin/cmake --install /home/paul/create3_ws/build/irobot_create_common_bringup
[1.006s] -- Install configuration: ""
[1.007s] -- Execute custom install script
[1.007s] -- Up-to-date symlink: /home/paul/create3_ws/install/irobot_create_common_bringup/share/irobot_create_common_bringup/config/hazard_vector_params.yaml
[1.007s] -- Up-to-date symlink: /home/paul/create3_ws/install/irobot_create_common_bringup/share/irobot_create_common_bringup/config/ir_intensity_vector_params.yaml
[1.008s] -- Up-to-date symlink: /home/paul/create3_ws/install/irobot_create_common_bringup/share/irobot_create_common_bringup/config/kidnap_estimator_params.yaml
[1.008s] -- Up-to-date symlink: /home/paul/create3_ws/install/irobot_create_common_bringup/share/irobot_create_common_bringup/config/mock_params.yaml
[1.008s] -- Up-to-date symlink: /home/paul/create3_ws/install/irobot_create_common_bringup/share/irobot_create_common_bringup/config/robot_state_params.yaml
[1.008s] -- Up-to-date symlink: /home/paul/create3_ws/install/irobot_create_common_bringup/share/irobot_create_common_bringup/config/ui_mgr_params.yaml
[1.008s] -- Up-to-date symlink: /home/paul/create3_ws/install/irobot_create_common_bringup/share/irobot_create_common_bringup/config/wheel_status_params.yaml
[1.009s] -- Up-to-date symlink: /home/paul/create3_ws/install/irobot_create_common_bringup/share/irobot_create_common_bringup/launch/create3_nodes.launch.py
[1.009s] -- Up-to-date symlink: /home/paul/create3_ws/install/irobot_create_common_bringup/share/irobot_create_common_bringup/launch/dock_description.launch.py
[1.009s] -- Up-to-date symlink: /home/paul/create3_ws/install/irobot_create_common_bringup/share/irobot_create_common_bringup/launch/robot_description.launch.py
[1.009s] -- Up-to-date symlink: /home/paul/create3_ws/install/irobot_create_common_bringup/share/irobot_create_common_bringup/launch/rviz2.launch.py
[1.010s] -- Up-to-date symlink: /home/paul/create3_ws/install/irobot_create_common_bringup/share/irobot_create_common_bringup/rviz/irobot_create_view.rviz
[1.010s] -- Up-to-date symlink: /home/paul/create3_ws/install/irobot_create_common_bringup/share/irobot_create_common_bringup/rviz/irobot_logo.jpg
[1.010s] -- Up-to-date symlink: /home/paul/create3_ws/install/irobot_create_common_bringup/share/ament_index/resource_index/package_run_dependencies/irobot_create_common_bringup
[1.010s] -- Up-to-date symlink: /home/paul/create3_ws/install/irobot_create_common_bringup/share/ament_index/resource_index/parent_prefix_path/irobot_create_common_bringup
[1.011s] -- Up-to-date symlink: /home/paul/create3_ws/install/irobot_create_common_bringup/share/irobot_create_common_bringup/environment/ament_prefix_path.sh
[1.011s] -- Up-to-date symlink: /home/paul/create3_ws/install/irobot_create_common_bringup/share/irobot_create_common_bringup/environment/ament_prefix_path.dsv
[1.011s] -- Up-to-date symlink: /home/paul/create3_ws/install/irobot_create_common_bringup/share/irobot_create_common_bringup/environment/path.sh
[1.012s] -- Up-to-date symlink: /home/paul/create3_ws/install/irobot_create_common_bringup/share/irobot_create_common_bringup/environment/path.dsv
[1.012s] -- Up-to-date symlink: /home/paul/create3_ws/install/irobot_create_common_bringup/share/irobot_create_common_bringup/local_setup.bash
[1.012s] -- Up-to-date symlink: /home/paul/create3_ws/install/irobot_create_common_bringup/share/irobot_create_common_bringup/local_setup.sh
[1.012s] -- Up-to-date symlink: /home/paul/create3_ws/install/irobot_create_common_bringup/share/irobot_create_common_bringup/local_setup.zsh
[1.013s] -- Up-to-date symlink: /home/paul/create3_ws/install/irobot_create_common_bringup/share/irobot_create_common_bringup/local_setup.dsv
[1.013s] -- Symlinking: /home/paul/create3_ws/install/irobot_create_common_bringup/share/irobot_create_common_bringup/package.dsv
[1.024s] -- Up-to-date symlink: /home/paul/create3_ws/install/irobot_create_common_bringup/share/ament_index/resource_index/packages/irobot_create_common_bringup
[1.024s] -- Up-to-date symlink: /home/paul/create3_ws/install/irobot_create_common_bringup/share/irobot_create_common_bringup/cmake/irobot_create_common_bringupConfig.cmake
[1.024s] -- Up-to-date symlink: /home/paul/create3_ws/install/irobot_create_common_bringup/share/irobot_create_common_bringup/cmake/irobot_create_common_bringupConfig-version.cmake
[1.025s] -- Up-to-date symlink: /home/paul/create3_ws/install/irobot_create_common_bringup/share/irobot_create_common_bringup/package.xml
[1.030s] Invoked command in '/home/paul/create3_ws/build/irobot_create_common_bringup' returned '0': CMAKE_PREFIX_PATH=/home/paul/create3_ws/install/irobot_create_description:/home/paul/create3_ws/install/irobot_create_control:/home/paul/create3_ws/install/irobot_create_nodes:/home/paul/create3_ws/install/irobot_create_ignition_sim:/home/paul/create3_ws/install/irobot_create_ignition_bringup:/home/paul/create3_ws/install/irobot_create_ignition_toolbox:/home/paul/create3_ws/install/irobot_create_gazebo_sim:/home/paul/create3_ws/install/irobot_create_gazebo_bringup:/home/paul/create3_ws/install/irobot_create_gazebo_plugins:/home/paul/create3_ws/install/irobot_create_toolbox:/home/paul/create3_ws/install/irobot_create_ignition_plugins:/home/paul/create3_ws/install/irobot_create_common_bringup:/opt/ros/galactic /usr/bin/cmake --install /home/paul/create3_ws/build/irobot_create_common_bringup
