-- Found ament_cmake: 1.1.6 (/opt/ros/galactic/share/ament_cmake/cmake)
-- Using PYTHON_EXECUTABLE: /usr/bin/python3
-- Override CMake install command with custom implementation using symlinks instead of copying resources
-- Found angles: 1.14.0 (/opt/ros/galactic/share/angles/cmake)
-- Found control_msgs: 3.0.0 (/opt/ros/galactic/share/control_msgs/cmake)
-- Using all available rosidl_typesupport_c: rosidl_typesupport_fastrtps_c;rosidl_typesupport_introspection_c
-- Found rosidl_adapter: 2.2.3 (/opt/ros/galactic/share/rosidl_adapter/cmake)
-- Using all available rosidl_typesupport_cpp: rosidl_typesupport_fastrtps_cpp;rosidl_typesupport_introspection_cpp
-- Found sensor_msgs: 2.2.4 (/opt/ros/galactic/share/sensor_msgs/cmake)
-- Found nav_msgs: 2.2.4 (/opt/ros/galactic/share/nav_msgs/cmake)
-- Found irobot_create_msgs: 1.2.4 (/opt/ros/galactic/share/irobot_create_msgs/cmake)
-- Found irobot_create_toolbox: 1.0.3 (/home/paul/create3_ws/install/irobot_create_toolbox/share/irobot_create_toolbox/cmake)
-- Found rmw_implementation_cmake: 3.3.1 (/opt/ros/galactic/share/rmw_implementation_cmake/cmake)
-- Found rmw_cyclonedds_cpp: 0.22.6 (/opt/ros/galactic/share/rmw_cyclonedds_cpp/cmake)
-- Using RMW implementation 'rmw_cyclonedds_cpp' as default
-- Found rclcpp_action: 9.2.2 (/opt/ros/galactic/share/rclcpp_action/cmake)
-- Found rclcpp_components: 9.2.2 (/opt/ros/galactic/share/rclcpp_components/cmake)
-- Found tf2: 0.17.5 (/opt/ros/galactic/share/tf2/cmake)
-- Found tf2_geometry_msgs: 0.17.5 (/opt/ros/galactic/share/tf2_geometry_msgs/cmake)
-- Found eigen3_cmake_module: 0.1.1 (/opt/ros/galactic/share/eigen3_cmake_module/cmake)
-- Found ament_lint_auto: 0.10.7 (/opt/ros/galactic/share/ament_lint_auto/cmake)
-- Added test 'cppcheck' to perform static code analysis on C / C++ code
-- Configured cppcheck include dirs: /home/paul/create3_ws/src/create3_sim/irobot_create_common/irobot_create_nodes/include
-- Configured cppcheck exclude dirs and/or files: 
-- Added test 'cpplint' to check C / C++ code against the Google style
-- Configured cpplint exclude dirs and/or files: 
-- Added test 'lint_cmake' to check CMake code style
-- Added test 'uncrustify' to check C / C++ code style
-- Configured uncrustify additional arguments: 
-- Added test 'xmllint' to check XML markup files
-- Configuring done
-- Generating done
-- Build files have been written to: /home/paul/create3_ws/build/irobot_create_nodes
