[0.029s] Invoking command in '/home/paul/create3_ws/build/irobot_create_ignition_toolbox': CMAKE_PREFIX_PATH=/home/paul/create3_ws/install/irobot_create_toolbox:/home/paul/create3_ws/install/irobot_create_nodes:/home/paul/create3_ws/install/irobot_create_ignition_sim:/home/paul/create3_ws/install/irobot_create_ignition_bringup:/home/paul/create3_ws/install/irobot_create_ignition_toolbox:/home/paul/create3_ws/install/irobot_create_gazebo_sim:/home/paul/create3_ws/install/irobot_create_gazebo_bringup:/home/paul/create3_ws/install/irobot_create_gazebo_plugins:/home/paul/create3_ws/install/irobot_create_ignition_plugins:/home/paul/create3_ws/install/irobot_create_common_bringup:/home/paul/create3_ws/install/irobot_create_description:/home/paul/create3_ws/install/irobot_create_control:/opt/ros/galactic LD_LIBRARY_PATH=/home/paul/create3_ws/install/irobot_create_toolbox/lib:/home/paul/create3_ws/install/irobot_create_nodes/lib:/home/paul/create3_ws/install/irobot_create_ignition_toolbox/lib:/home/paul/create3_ws/install/irobot_create_gazebo_plugins/lib:/usr/lib/x86_64-linux-gnu/gazebo-11/plugins:/opt/ros/galactic/opt/yaml_cpp_vendor/lib:/opt/ros/galactic/opt/rviz_ogre_vendor/lib:/opt/ros/galactic/lib/x86_64-linux-gnu:/opt/ros/galactic/lib /usr/bin/cmake /home/paul/create3_ws/src/create3_sim/irobot_create_ignition/irobot_create_ignition_toolbox -DCMAKE_INSTALL_PREFIX=/home/paul/create3_ws/install/irobot_create_ignition_toolbox
[0.044s] -- Found ament_cmake: 1.1.6 (/opt/ros/galactic/share/ament_cmake/cmake)
[0.064s] -- Using PYTHON_EXECUTABLE: /usr/bin/python3
[0.114s] -- Override CMake install command with custom implementation using symlinks instead of copying resources
[0.423s] -- Found control_msgs: 3.0.0 (/opt/ros/galactic/share/control_msgs/cmake)
[0.727s] -- Using all available rosidl_typesupport_c: rosidl_typesupport_fastrtps_c;rosidl_typesupport_introspection_c
[0.730s] -- Found rosidl_adapter: 2.2.3 (/opt/ros/galactic/share/rosidl_adapter/cmake)
[0.849s] -- Using all available rosidl_typesupport_cpp: rosidl_typesupport_fastrtps_cpp;rosidl_typesupport_introspection_cpp
[1.763s] -- Found sensor_msgs: 2.2.4 (/opt/ros/galactic/share/sensor_msgs/cmake)
[1.940s] -- Found nav_msgs: 2.2.4 (/opt/ros/galactic/share/nav_msgs/cmake)
[2.320s] -- Found irobot_create_msgs: 1.2.4 (/opt/ros/galactic/share/irobot_create_msgs/cmake)
[2.484s] -- Found rclcpp: 9.2.2 (/opt/ros/galactic/share/rclcpp/cmake)
[2.522s] -- Found rmw_implementation_cmake: 3.3.1 (/opt/ros/galactic/share/rmw_implementation_cmake/cmake)
[2.524s] -- Found rmw_cyclonedds_cpp: 0.22.6 (/opt/ros/galactic/share/rmw_cyclonedds_cpp/cmake)
[2.541s] -- Using RMW implementation 'rmw_cyclonedds_cpp' as default
[2.814s] -- Found rclcpp_action: 9.2.2 (/opt/ros/galactic/share/rclcpp_action/cmake)
[3.754s] -- Found tf2: 0.17.5 (/opt/ros/galactic/share/tf2/cmake)
[3.916s] -- Found tf2_geometry_msgs: 0.17.5 (/opt/ros/galactic/share/tf2_geometry_msgs/cmake)
[4.065s] -- Found eigen3_cmake_module: 0.1.1 (/opt/ros/galactic/share/eigen3_cmake_module/cmake)
[4.773s] -- Found irobot_create_toolbox: 1.0.3 (/home/paul/create3_ws/install/irobot_create_toolbox/share/irobot_create_toolbox/cmake)
[5.347s] -- Found ament_lint_auto: 0.10.7 (/opt/ros/galactic/share/ament_lint_auto/cmake)
[5.408s] -- Added test 'cppcheck' to perform static code analysis on C / C++ code
[5.408s] -- Configured cppcheck include dirs: /home/paul/create3_ws/src/create3_sim/irobot_create_ignition/irobot_create_ignition_toolbox/include
[5.408s] -- Configured cppcheck exclude dirs and/or files: 
[5.411s] -- Added test 'cpplint' to check C / C++ code against the Google style
[5.411s] -- Configured cpplint exclude dirs and/or files: 
[5.412s] -- Added test 'lint_cmake' to check CMake code style
[5.414s] -- Added test 'uncrustify' to check C / C++ code style
[5.414s] -- Configured uncrustify additional arguments: 
[5.415s] -- Added test 'xmllint' to check XML markup files
[5.422s] -- Configuring done
[5.931s] -- Generating done
[6.405s] -- Build files have been written to: /home/paul/create3_ws/build/irobot_create_ignition_toolbox
[6.414s] Invoked command in '/home/paul/create3_ws/build/irobot_create_ignition_toolbox' returned '0': CMAKE_PREFIX_PATH=/home/paul/create3_ws/install/irobot_create_toolbox:/home/paul/create3_ws/install/irobot_create_nodes:/home/paul/create3_ws/install/irobot_create_ignition_sim:/home/paul/create3_ws/install/irobot_create_ignition_bringup:/home/paul/create3_ws/install/irobot_create_ignition_toolbox:/home/paul/create3_ws/install/irobot_create_gazebo_sim:/home/paul/create3_ws/install/irobot_create_gazebo_bringup:/home/paul/create3_ws/install/irobot_create_gazebo_plugins:/home/paul/create3_ws/install/irobot_create_ignition_plugins:/home/paul/create3_ws/install/irobot_create_common_bringup:/home/paul/create3_ws/install/irobot_create_description:/home/paul/create3_ws/install/irobot_create_control:/opt/ros/galactic LD_LIBRARY_PATH=/home/paul/create3_ws/install/irobot_create_toolbox/lib:/home/paul/create3_ws/install/irobot_create_nodes/lib:/home/paul/create3_ws/install/irobot_create_ignition_toolbox/lib:/home/paul/create3_ws/install/irobot_create_gazebo_plugins/lib:/usr/lib/x86_64-linux-gnu/gazebo-11/plugins:/opt/ros/galactic/opt/yaml_cpp_vendor/lib:/opt/ros/galactic/opt/rviz_ogre_vendor/lib:/opt/ros/galactic/lib/x86_64-linux-gnu:/opt/ros/galactic/lib /usr/bin/cmake /home/paul/create3_ws/src/create3_sim/irobot_create_ignition/irobot_create_ignition_toolbox -DCMAKE_INSTALL_PREFIX=/home/paul/create3_ws/install/irobot_create_ignition_toolbox
[6.417s] Invoking command in '/home/paul/create3_ws/build/irobot_create_ignition_toolbox': CMAKE_PREFIX_PATH=/home/paul/create3_ws/install/irobot_create_toolbox:/home/paul/create3_ws/install/irobot_create_nodes:/home/paul/create3_ws/install/irobot_create_ignition_sim:/home/paul/create3_ws/install/irobot_create_ignition_bringup:/home/paul/create3_ws/install/irobot_create_ignition_toolbox:/home/paul/create3_ws/install/irobot_create_gazebo_sim:/home/paul/create3_ws/install/irobot_create_gazebo_bringup:/home/paul/create3_ws/install/irobot_create_gazebo_plugins:/home/paul/create3_ws/install/irobot_create_ignition_plugins:/home/paul/create3_ws/install/irobot_create_common_bringup:/home/paul/create3_ws/install/irobot_create_description:/home/paul/create3_ws/install/irobot_create_control:/opt/ros/galactic LD_LIBRARY_PATH=/home/paul/create3_ws/install/irobot_create_toolbox/lib:/home/paul/create3_ws/install/irobot_create_nodes/lib:/home/paul/create3_ws/install/irobot_create_ignition_toolbox/lib:/home/paul/create3_ws/install/irobot_create_gazebo_plugins/lib:/usr/lib/x86_64-linux-gnu/gazebo-11/plugins:/opt/ros/galactic/opt/yaml_cpp_vendor/lib:/opt/ros/galactic/opt/rviz_ogre_vendor/lib:/opt/ros/galactic/lib/x86_64-linux-gnu:/opt/ros/galactic/lib /usr/bin/cmake --build /home/paul/create3_ws/build/irobot_create_ignition_toolbox -- -j12 -l12
[6.491s] [ 11%] Built target irobot_create_ignition_interface_buttons_lib
[6.493s] [ 22%] Built target irobot_create_ignition_pose_republisher_lib
[6.509s] [ 66%] Built target irobot_create_ignition_sensors_lib
[6.523s] [ 77%] Built target interface_buttons_node
[6.530s] [ 88%] Built target pose_republisher_node
[6.544s] [100%] Built target sensors_node
[6.555s] Invoked command in '/home/paul/create3_ws/build/irobot_create_ignition_toolbox' returned '0': CMAKE_PREFIX_PATH=/home/paul/create3_ws/install/irobot_create_toolbox:/home/paul/create3_ws/install/irobot_create_nodes:/home/paul/create3_ws/install/irobot_create_ignition_sim:/home/paul/create3_ws/install/irobot_create_ignition_bringup:/home/paul/create3_ws/install/irobot_create_ignition_toolbox:/home/paul/create3_ws/install/irobot_create_gazebo_sim:/home/paul/create3_ws/install/irobot_create_gazebo_bringup:/home/paul/create3_ws/install/irobot_create_gazebo_plugins:/home/paul/create3_ws/install/irobot_create_ignition_plugins:/home/paul/create3_ws/install/irobot_create_common_bringup:/home/paul/create3_ws/install/irobot_create_description:/home/paul/create3_ws/install/irobot_create_control:/opt/ros/galactic LD_LIBRARY_PATH=/home/paul/create3_ws/install/irobot_create_toolbox/lib:/home/paul/create3_ws/install/irobot_create_nodes/lib:/home/paul/create3_ws/install/irobot_create_ignition_toolbox/lib:/home/paul/create3_ws/install/irobot_create_gazebo_plugins/lib:/usr/lib/x86_64-linux-gnu/gazebo-11/plugins:/opt/ros/galactic/opt/yaml_cpp_vendor/lib:/opt/ros/galactic/opt/rviz_ogre_vendor/lib:/opt/ros/galactic/lib/x86_64-linux-gnu:/opt/ros/galactic/lib /usr/bin/cmake --build /home/paul/create3_ws/build/irobot_create_ignition_toolbox -- -j12 -l12
[6.606s] Invoking command in '/home/paul/create3_ws/build/irobot_create_ignition_toolbox': CMAKE_PREFIX_PATH=/home/paul/create3_ws/install/irobot_create_toolbox:/home/paul/create3_ws/install/irobot_create_nodes:/home/paul/create3_ws/install/irobot_create_ignition_sim:/home/paul/create3_ws/install/irobot_create_ignition_bringup:/home/paul/create3_ws/install/irobot_create_ignition_toolbox:/home/paul/create3_ws/install/irobot_create_gazebo_sim:/home/paul/create3_ws/install/irobot_create_gazebo_bringup:/home/paul/create3_ws/install/irobot_create_gazebo_plugins:/home/paul/create3_ws/install/irobot_create_ignition_plugins:/home/paul/create3_ws/install/irobot_create_common_bringup:/home/paul/create3_ws/install/irobot_create_description:/home/paul/create3_ws/install/irobot_create_control:/opt/ros/galactic LD_LIBRARY_PATH=/home/paul/create3_ws/install/irobot_create_toolbox/lib:/home/paul/create3_ws/install/irobot_create_nodes/lib:/home/paul/create3_ws/install/irobot_create_ignition_toolbox/lib:/home/paul/create3_ws/install/irobot_create_gazebo_plugins/lib:/usr/lib/x86_64-linux-gnu/gazebo-11/plugins:/opt/ros/galactic/opt/yaml_cpp_vendor/lib:/opt/ros/galactic/opt/rviz_ogre_vendor/lib:/opt/ros/galactic/lib/x86_64-linux-gnu:/opt/ros/galactic/lib /usr/bin/cmake --install /home/paul/create3_ws/build/irobot_create_ignition_toolbox
[6.615s] -- Install configuration: ""
[6.616s] -- Execute custom install script
[6.616s] -- Up-to-date symlink: /home/paul/create3_ws/install/irobot_create_ignition_toolbox/lib/libirobot_create_ignition_pose_republisher_lib.so
[6.616s] -- Up-to-date symlink: /home/paul/create3_ws/install/irobot_create_ignition_toolbox/lib/libirobot_create_ignition_sensors_lib.so
[6.616s] -- Up-to-date symlink: /home/paul/create3_ws/install/irobot_create_ignition_toolbox/lib/libirobot_create_ignition_interface_buttons_lib.so
[6.617s] -- Up-to-date symlink: /home/paul/create3_ws/install/irobot_create_ignition_toolbox/lib/irobot_create_ignition_toolbox/pose_republisher_node
[6.617s] -- Up-to-date symlink: /home/paul/create3_ws/install/irobot_create_ignition_toolbox/lib/irobot_create_ignition_toolbox/sensors_node
[6.617s] -- Up-to-date symlink: /home/paul/create3_ws/install/irobot_create_ignition_toolbox/lib/irobot_create_ignition_toolbox/interface_buttons_node
[6.618s] -- Up-to-date symlink: /home/paul/create3_ws/install/irobot_create_ignition_toolbox/include/irobot_create_ignition_toolbox/interface_buttons/interface_buttons_node.hpp
[6.618s] -- Up-to-date symlink: /home/paul/create3_ws/install/irobot_create_ignition_toolbox/include/irobot_create_ignition_toolbox/pose_republisher/pose_republisher.hpp
[6.618s] -- Up-to-date symlink: /home/paul/create3_ws/install/irobot_create_ignition_toolbox/include/irobot_create_ignition_toolbox/sensors/bumper.hpp
[6.619s] -- Up-to-date symlink: /home/paul/create3_ws/install/irobot_create_ignition_toolbox/include/irobot_create_ignition_toolbox/sensors/cliff.hpp
[6.619s] -- Up-to-date symlink: /home/paul/create3_ws/install/irobot_create_ignition_toolbox/include/irobot_create_ignition_toolbox/sensors/ir_intensity.hpp
[6.619s] -- Up-to-date symlink: /home/paul/create3_ws/install/irobot_create_ignition_toolbox/include/irobot_create_ignition_toolbox/sensors/ir_opcode.hpp
[6.619s] -- Up-to-date symlink: /home/paul/create3_ws/install/irobot_create_ignition_toolbox/include/irobot_create_ignition_toolbox/sensors/mouse.hpp
[6.619s] -- Up-to-date symlink: /home/paul/create3_ws/install/irobot_create_ignition_toolbox/include/irobot_create_ignition_toolbox/sensors/sensors_node.hpp
[6.619s] -- Up-to-date symlink: /home/paul/create3_ws/install/irobot_create_ignition_toolbox/include/irobot_create_ignition_toolbox/sensors/wheel_drop.hpp
[6.620s] -- Up-to-date symlink: /home/paul/create3_ws/install/irobot_create_ignition_toolbox/include/irobot_create_ignition_toolbox/utils.hpp
[6.620s] -- Up-to-date symlink: /home/paul/create3_ws/install/irobot_create_ignition_toolbox/share/irobot_create_ignition_toolbox/environment/library_path.sh
[6.620s] -- Up-to-date symlink: /home/paul/create3_ws/install/irobot_create_ignition_toolbox/share/irobot_create_ignition_toolbox/environment/library_path.dsv
[6.620s] -- Up-to-date symlink: /home/paul/create3_ws/install/irobot_create_ignition_toolbox/share/ament_index/resource_index/package_run_dependencies/irobot_create_ignition_toolbox
[6.621s] -- Up-to-date symlink: /home/paul/create3_ws/install/irobot_create_ignition_toolbox/share/ament_index/resource_index/parent_prefix_path/irobot_create_ignition_toolbox
[6.621s] -- Up-to-date symlink: /home/paul/create3_ws/install/irobot_create_ignition_toolbox/share/irobot_create_ignition_toolbox/environment/ament_prefix_path.sh
[6.621s] -- Up-to-date symlink: /home/paul/create3_ws/install/irobot_create_ignition_toolbox/share/irobot_create_ignition_toolbox/environment/ament_prefix_path.dsv
[6.622s] -- Up-to-date symlink: /home/paul/create3_ws/install/irobot_create_ignition_toolbox/share/irobot_create_ignition_toolbox/environment/path.sh
[6.622s] -- Up-to-date symlink: /home/paul/create3_ws/install/irobot_create_ignition_toolbox/share/irobot_create_ignition_toolbox/environment/path.dsv
[6.622s] -- Up-to-date symlink: /home/paul/create3_ws/install/irobot_create_ignition_toolbox/share/irobot_create_ignition_toolbox/local_setup.bash
[6.622s] -- Up-to-date symlink: /home/paul/create3_ws/install/irobot_create_ignition_toolbox/share/irobot_create_ignition_toolbox/local_setup.sh
[6.623s] -- Up-to-date symlink: /home/paul/create3_ws/install/irobot_create_ignition_toolbox/share/irobot_create_ignition_toolbox/local_setup.zsh
[6.675s] -- Up-to-date symlink: /home/paul/create3_ws/install/irobot_create_ignition_toolbox/share/irobot_create_ignition_toolbox/local_setup.dsv
[6.675s] -- Symlinking: /home/paul/create3_ws/install/irobot_create_ignition_toolbox/share/irobot_create_ignition_toolbox/package.dsv
[6.701s] -- Up-to-date symlink: /home/paul/create3_ws/install/irobot_create_ignition_toolbox/share/ament_index/resource_index/packages/irobot_create_ignition_toolbox
[6.702s] -- Up-to-date symlink: /home/paul/create3_ws/install/irobot_create_ignition_toolbox/share/irobot_create_ignition_toolbox/cmake/ament_cmake_export_include_directories-extras.cmake
[6.703s] -- Up-to-date symlink: /home/paul/create3_ws/install/irobot_create_ignition_toolbox/share/irobot_create_ignition_toolbox/cmake/ament_cmake_export_libraries-extras.cmake
[6.704s] -- Up-to-date symlink: /home/paul/create3_ws/install/irobot_create_ignition_toolbox/share/irobot_create_ignition_toolbox/cmake/ament_cmake_export_dependencies-extras.cmake
[6.705s] -- Up-to-date symlink: /home/paul/create3_ws/install/irobot_create_ignition_toolbox/share/irobot_create_ignition_toolbox/cmake/irobot_create_ignition_toolboxConfig.cmake
[6.706s] -- Up-to-date symlink: /home/paul/create3_ws/install/irobot_create_ignition_toolbox/share/irobot_create_ignition_toolbox/cmake/irobot_create_ignition_toolboxConfig-version.cmake
[6.707s] -- Up-to-date symlink: /home/paul/create3_ws/install/irobot_create_ignition_toolbox/share/irobot_create_ignition_toolbox/package.xml
[6.719s] Invoked command in '/home/paul/create3_ws/build/irobot_create_ignition_toolbox' returned '0': CMAKE_PREFIX_PATH=/home/paul/create3_ws/install/irobot_create_toolbox:/home/paul/create3_ws/install/irobot_create_nodes:/home/paul/create3_ws/install/irobot_create_ignition_sim:/home/paul/create3_ws/install/irobot_create_ignition_bringup:/home/paul/create3_ws/install/irobot_create_ignition_toolbox:/home/paul/create3_ws/install/irobot_create_gazebo_sim:/home/paul/create3_ws/install/irobot_create_gazebo_bringup:/home/paul/create3_ws/install/irobot_create_gazebo_plugins:/home/paul/create3_ws/install/irobot_create_ignition_plugins:/home/paul/create3_ws/install/irobot_create_common_bringup:/home/paul/create3_ws/install/irobot_create_description:/home/paul/create3_ws/install/irobot_create_control:/opt/ros/galactic LD_LIBRARY_PATH=/home/paul/create3_ws/install/irobot_create_toolbox/lib:/home/paul/create3_ws/install/irobot_create_nodes/lib:/home/paul/create3_ws/install/irobot_create_ignition_toolbox/lib:/home/paul/create3_ws/install/irobot_create_gazebo_plugins/lib:/usr/lib/x86_64-linux-gnu/gazebo-11/plugins:/opt/ros/galactic/opt/yaml_cpp_vendor/lib:/opt/ros/galactic/opt/rviz_ogre_vendor/lib:/opt/ros/galactic/lib/x86_64-linux-gnu:/opt/ros/galactic/lib /usr/bin/cmake --install /home/paul/create3_ws/build/irobot_create_ignition_toolbox
