[0.076s] Invoking command in '/home/paul/create3_ws/build/irobot_create_ignition_sim': AMENT_PREFIX_PATH=/home/paul/create3_ws/install/irobot_create_ignition_bringup:/home/paul/create3_ws/install/irobot_create_ignition_toolbox:/home/paul/create3_ws/install/irobot_create_common_bringup:/home/paul/create3_ws/install/irobot_create_toolbox:/home/paul/create3_ws/install/irobot_create_ignition_plugins:/home/paul/create3_ws/install/irobot_create_description:/home/paul/create3_ws/install/irobot_create_control:${AMENT_PREFIX_PATH} CMAKE_PREFIX_PATH=/home/paul/create3_ws/install/irobot_create_ignition_bringup:/home/paul/create3_ws/install/irobot_create_ignition_toolbox:/home/paul/create3_ws/install/irobot_create_common_bringup:/home/paul/create3_ws/install/irobot_create_toolbox:/home/paul/create3_ws/install/irobot_create_ignition_plugins:/home/paul/create3_ws/install/irobot_create_description:/home/paul/create3_ws/install/irobot_create_control:/opt/ros/galactic LD_LIBRARY_PATH=/home/paul/create3_ws/install/irobot_create_ignition_toolbox/lib:/home/paul/create3_ws/install/irobot_create_toolbox/lib:${LD_LIBRARY_PATH} /usr/bin/cmake /home/paul/create3_ws/src/create3_sim/irobot_create_ignition/irobot_create_ignition_sim -DAMENT_CMAKE_SYMLINK_INSTALL=1 -DCMAKE_INSTALL_PREFIX=/home/paul/create3_ws/install/irobot_create_ignition_sim
[0.232s] -- The C compiler identification is GNU 9.4.0
[0.317s] -- The CXX compiler identification is GNU 9.4.0
[0.324s] -- Check for working C compiler: /usr/bin/cc
[0.432s] -- Check for working C compiler: /usr/bin/cc -- works
[0.433s] -- Detecting C compiler ABI info
[0.584s] -- Detecting C compiler ABI info - done
[0.603s] -- Detecting C compile features
[0.603s] -- Detecting C compile features - done
[0.607s] -- Check for working CXX compiler: /usr/bin/c++
[0.733s] -- Check for working CXX compiler: /usr/bin/c++ -- works
[0.734s] -- Detecting CXX compiler ABI info
[0.861s] -- Detecting CXX compiler ABI info - done
[0.879s] -- Detecting CXX compile features
[0.879s] -- Detecting CXX compile features - done
[0.883s] -- Found ament_cmake: 1.1.6 (/opt/ros/galactic/share/ament_cmake/cmake)
[0.922s] -- Found PythonInterp: /usr/bin/python3 (found suitable version "3.8.10", minimum required is "3") 
[0.923s] -- Using PYTHON_EXECUTABLE: /usr/bin/python3
[1.016s] -- Override CMake install command with custom implementation using symlinks instead of copying resources
[1.170s] -- Configuring done
[1.172s] -- Generating done
[1.173s] -- Build files have been written to: /home/paul/create3_ws/build/irobot_create_ignition_sim
[1.179s] Invoked command in '/home/paul/create3_ws/build/irobot_create_ignition_sim' returned '0': AMENT_PREFIX_PATH=/home/paul/create3_ws/install/irobot_create_ignition_bringup:/home/paul/create3_ws/install/irobot_create_ignition_toolbox:/home/paul/create3_ws/install/irobot_create_common_bringup:/home/paul/create3_ws/install/irobot_create_toolbox:/home/paul/create3_ws/install/irobot_create_ignition_plugins:/home/paul/create3_ws/install/irobot_create_description:/home/paul/create3_ws/install/irobot_create_control:${AMENT_PREFIX_PATH} CMAKE_PREFIX_PATH=/home/paul/create3_ws/install/irobot_create_ignition_bringup:/home/paul/create3_ws/install/irobot_create_ignition_toolbox:/home/paul/create3_ws/install/irobot_create_common_bringup:/home/paul/create3_ws/install/irobot_create_toolbox:/home/paul/create3_ws/install/irobot_create_ignition_plugins:/home/paul/create3_ws/install/irobot_create_description:/home/paul/create3_ws/install/irobot_create_control:/opt/ros/galactic LD_LIBRARY_PATH=/home/paul/create3_ws/install/irobot_create_ignition_toolbox/lib:/home/paul/create3_ws/install/irobot_create_toolbox/lib:${LD_LIBRARY_PATH} /usr/bin/cmake /home/paul/create3_ws/src/create3_sim/irobot_create_ignition/irobot_create_ignition_sim -DAMENT_CMAKE_SYMLINK_INSTALL=1 -DCMAKE_INSTALL_PREFIX=/home/paul/create3_ws/install/irobot_create_ignition_sim
[1.183s] Invoking command in '/home/paul/create3_ws/build/irobot_create_ignition_sim': AMENT_PREFIX_PATH=/home/paul/create3_ws/install/irobot_create_ignition_bringup:/home/paul/create3_ws/install/irobot_create_ignition_toolbox:/home/paul/create3_ws/install/irobot_create_common_bringup:/home/paul/create3_ws/install/irobot_create_toolbox:/home/paul/create3_ws/install/irobot_create_ignition_plugins:/home/paul/create3_ws/install/irobot_create_description:/home/paul/create3_ws/install/irobot_create_control:${AMENT_PREFIX_PATH} CMAKE_PREFIX_PATH=/home/paul/create3_ws/install/irobot_create_ignition_bringup:/home/paul/create3_ws/install/irobot_create_ignition_toolbox:/home/paul/create3_ws/install/irobot_create_common_bringup:/home/paul/create3_ws/install/irobot_create_toolbox:/home/paul/create3_ws/install/irobot_create_ignition_plugins:/home/paul/create3_ws/install/irobot_create_description:/home/paul/create3_ws/install/irobot_create_control:/opt/ros/galactic LD_LIBRARY_PATH=/home/paul/create3_ws/install/irobot_create_ignition_toolbox/lib:/home/paul/create3_ws/install/irobot_create_toolbox/lib:${LD_LIBRARY_PATH} /usr/bin/cmake --build /home/paul/create3_ws/build/irobot_create_ignition_sim -- -j12 -l12
[1.249s] Invoked command in '/home/paul/create3_ws/build/irobot_create_ignition_sim' returned '0': AMENT_PREFIX_PATH=/home/paul/create3_ws/install/irobot_create_ignition_bringup:/home/paul/create3_ws/install/irobot_create_ignition_toolbox:/home/paul/create3_ws/install/irobot_create_common_bringup:/home/paul/create3_ws/install/irobot_create_toolbox:/home/paul/create3_ws/install/irobot_create_ignition_plugins:/home/paul/create3_ws/install/irobot_create_description:/home/paul/create3_ws/install/irobot_create_control:${AMENT_PREFIX_PATH} CMAKE_PREFIX_PATH=/home/paul/create3_ws/install/irobot_create_ignition_bringup:/home/paul/create3_ws/install/irobot_create_ignition_toolbox:/home/paul/create3_ws/install/irobot_create_common_bringup:/home/paul/create3_ws/install/irobot_create_toolbox:/home/paul/create3_ws/install/irobot_create_ignition_plugins:/home/paul/create3_ws/install/irobot_create_description:/home/paul/create3_ws/install/irobot_create_control:/opt/ros/galactic LD_LIBRARY_PATH=/home/paul/create3_ws/install/irobot_create_ignition_toolbox/lib:/home/paul/create3_ws/install/irobot_create_toolbox/lib:${LD_LIBRARY_PATH} /usr/bin/cmake --build /home/paul/create3_ws/build/irobot_create_ignition_sim -- -j12 -l12
[1.285s] Invoking command in '/home/paul/create3_ws/build/irobot_create_ignition_sim': AMENT_PREFIX_PATH=/home/paul/create3_ws/install/irobot_create_ignition_bringup:/home/paul/create3_ws/install/irobot_create_ignition_toolbox:/home/paul/create3_ws/install/irobot_create_common_bringup:/home/paul/create3_ws/install/irobot_create_toolbox:/home/paul/create3_ws/install/irobot_create_ignition_plugins:/home/paul/create3_ws/install/irobot_create_description:/home/paul/create3_ws/install/irobot_create_control:${AMENT_PREFIX_PATH} CMAKE_PREFIX_PATH=/home/paul/create3_ws/install/irobot_create_ignition_bringup:/home/paul/create3_ws/install/irobot_create_ignition_toolbox:/home/paul/create3_ws/install/irobot_create_common_bringup:/home/paul/create3_ws/install/irobot_create_toolbox:/home/paul/create3_ws/install/irobot_create_ignition_plugins:/home/paul/create3_ws/install/irobot_create_description:/home/paul/create3_ws/install/irobot_create_control:/opt/ros/galactic LD_LIBRARY_PATH=/home/paul/create3_ws/install/irobot_create_ignition_toolbox/lib:/home/paul/create3_ws/install/irobot_create_toolbox/lib:${LD_LIBRARY_PATH} /usr/bin/cmake --install /home/paul/create3_ws/build/irobot_create_ignition_sim
[1.298s] -- Install configuration: ""
[1.298s] -- Execute custom install script
[1.299s] -- Symlinking: /home/paul/create3_ws/install/irobot_create_ignition_sim/share/ament_index/resource_index/package_run_dependencies/irobot_create_ignition_sim
[1.314s] -- Symlinking: /home/paul/create3_ws/install/irobot_create_ignition_sim/share/ament_index/resource_index/parent_prefix_path/irobot_create_ignition_sim
[1.330s] -- Symlinking: /home/paul/create3_ws/install/irobot_create_ignition_sim/share/irobot_create_ignition_sim/environment/ament_prefix_path.sh
[1.345s] -- Symlinking: /home/paul/create3_ws/install/irobot_create_ignition_sim/share/irobot_create_ignition_sim/environment/ament_prefix_path.dsv
[1.360s] -- Symlinking: /home/paul/create3_ws/install/irobot_create_ignition_sim/share/irobot_create_ignition_sim/environment/path.sh
[1.375s] -- Symlinking: /home/paul/create3_ws/install/irobot_create_ignition_sim/share/irobot_create_ignition_sim/environment/path.dsv
[1.389s] -- Symlinking: /home/paul/create3_ws/install/irobot_create_ignition_sim/share/irobot_create_ignition_sim/local_setup.bash
[1.405s] -- Symlinking: /home/paul/create3_ws/install/irobot_create_ignition_sim/share/irobot_create_ignition_sim/local_setup.sh
[1.420s] -- Symlinking: /home/paul/create3_ws/install/irobot_create_ignition_sim/share/irobot_create_ignition_sim/local_setup.zsh
[1.435s] -- Symlinking: /home/paul/create3_ws/install/irobot_create_ignition_sim/share/irobot_create_ignition_sim/local_setup.dsv
[1.450s] -- Symlinking: /home/paul/create3_ws/install/irobot_create_ignition_sim/share/irobot_create_ignition_sim/package.dsv
[1.466s] -- Symlinking: /home/paul/create3_ws/install/irobot_create_ignition_sim/share/ament_index/resource_index/packages/irobot_create_ignition_sim
[1.483s] -- Symlinking: /home/paul/create3_ws/install/irobot_create_ignition_sim/share/irobot_create_ignition_sim/cmake/irobot_create_ignition_simConfig.cmake
[1.500s] -- Symlinking: /home/paul/create3_ws/install/irobot_create_ignition_sim/share/irobot_create_ignition_sim/cmake/irobot_create_ignition_simConfig-version.cmake
[1.517s] -- Symlinking: /home/paul/create3_ws/install/irobot_create_ignition_sim/share/irobot_create_ignition_sim/package.xml
[1.543s] Invoked command in '/home/paul/create3_ws/build/irobot_create_ignition_sim' returned '0': AMENT_PREFIX_PATH=/home/paul/create3_ws/install/irobot_create_ignition_bringup:/home/paul/create3_ws/install/irobot_create_ignition_toolbox:/home/paul/create3_ws/install/irobot_create_common_bringup:/home/paul/create3_ws/install/irobot_create_toolbox:/home/paul/create3_ws/install/irobot_create_ignition_plugins:/home/paul/create3_ws/install/irobot_create_description:/home/paul/create3_ws/install/irobot_create_control:${AMENT_PREFIX_PATH} CMAKE_PREFIX_PATH=/home/paul/create3_ws/install/irobot_create_ignition_bringup:/home/paul/create3_ws/install/irobot_create_ignition_toolbox:/home/paul/create3_ws/install/irobot_create_common_bringup:/home/paul/create3_ws/install/irobot_create_toolbox:/home/paul/create3_ws/install/irobot_create_ignition_plugins:/home/paul/create3_ws/install/irobot_create_description:/home/paul/create3_ws/install/irobot_create_control:/opt/ros/galactic LD_LIBRARY_PATH=/home/paul/create3_ws/install/irobot_create_ignition_toolbox/lib:/home/paul/create3_ws/install/irobot_create_toolbox/lib:${LD_LIBRARY_PATH} /usr/bin/cmake --install /home/paul/create3_ws/build/irobot_create_ignition_sim
