[0.090s] Invoking command in '/home/paul/create3_ws/build/irobot_create_nodes': CMAKE_PREFIX_PATH=/home/paul/create3_ws/install/irobot_create_toolbox:/home/paul/create3_ws/install/irobot_create_nodes:/home/paul/create3_ws/install/irobot_create_ignition_sim:/home/paul/create3_ws/install/irobot_create_ignition_bringup:/home/paul/create3_ws/install/irobot_create_ignition_toolbox:/home/paul/create3_ws/install/irobot_create_gazebo_sim:/home/paul/create3_ws/install/irobot_create_gazebo_bringup:/home/paul/create3_ws/install/irobot_create_gazebo_plugins:/home/paul/create3_ws/install/irobot_create_ignition_plugins:/home/paul/create3_ws/install/irobot_create_common_bringup:/home/paul/create3_ws/install/irobot_create_description:/home/paul/create3_ws/install/irobot_create_control:/opt/ros/galactic LD_LIBRARY_PATH=/home/paul/create3_ws/install/irobot_create_toolbox/lib:/home/paul/create3_ws/install/irobot_create_nodes/lib:/home/paul/create3_ws/install/irobot_create_ignition_toolbox/lib:/home/paul/create3_ws/install/irobot_create_gazebo_plugins/lib:/usr/lib/x86_64-linux-gnu/gazebo-11/plugins:/opt/ros/galactic/opt/yaml_cpp_vendor/lib:/opt/ros/galactic/opt/rviz_ogre_vendor/lib:/opt/ros/galactic/lib/x86_64-linux-gnu:/opt/ros/galactic/lib /usr/bin/cmake --build /home/paul/create3_ws/build/irobot_create_nodes -- -j12 -l12
[1.515s] [ 10%] Built target hazards_vector_publisher
[1.516s] [ 10%] Built target kidnap_estimator_publisher
[1.516s] [ 16%] Built target motion_control
[1.516s] [ 21%] Built target ui_mgr
[1.518s] [ 32%] Built target mock_publisher
[1.519s] [ 32%] Built target robot_state
[1.533s] [ 48%] Built target kidnap_estimator_publisher_lib
[1.534s] [ 48%] Built target ir_intensity_publisher_lib
[1.534s] [ 48%] Built target hazard_publisher_lib
[1.544s] [ 54%] Built target mock_publisher_lib
[1.544s] [ 59%] Built target wheel_status_publisher_lib
[1.698s] [ 64%] Built target robot_state_lib
[1.700s] [ 70%] Built target wheel_status_publisher
[1.722s] [ 75%] Built target ir_intensity_vector_publisher
[1.772s] [ 81%] Built target ui_mgr_lib
[1.790s] [35m[1mScanning dependencies of target motion_control_lib[0m
[2.111s] [ 83%] [32mBuilding CXX object CMakeFiles/motion_control_lib.dir/src/motion_control_node.cpp.o[0m
[22.154s] [01m[K/home/paul/create3_ws/src/create3_sim/irobot_create_common/irobot_create_nodes/src/motion_control_node.cpp:[m[K In member function ‘[01m[Kvoid irobot_create_nodes::MotionControlNode::control_robot()[m[K’:
[22.154s] [01m[K/home/paul/create3_ws/src/create3_sim/irobot_create_common/irobot_create_nodes/src/motion_control_node.cpp:234:3:[m[K [01;31m[Kerror: [m[K‘[01m[KROS_INFO[m[K’ was not declared in this scope
[22.154s]   234 |   [01;31m[KROS_INFO[m[K("Hello World");
[22.154s]       |   [01;31m[K^~~~~~~~[m[K
[27.942s] make[2]: *** [CMakeFiles/motion_control_lib.dir/build.make:63: CMakeFiles/motion_control_lib.dir/src/motion_control_node.cpp.o] Error 1
[27.942s] make[1]: *** [CMakeFiles/Makefile2:459: CMakeFiles/motion_control_lib.dir/all] Error 2
[27.942s] make: *** [Makefile:141: all] Error 2
[27.944s] Invoked command in '/home/paul/create3_ws/build/irobot_create_nodes' returned '2': CMAKE_PREFIX_PATH=/home/paul/create3_ws/install/irobot_create_toolbox:/home/paul/create3_ws/install/irobot_create_nodes:/home/paul/create3_ws/install/irobot_create_ignition_sim:/home/paul/create3_ws/install/irobot_create_ignition_bringup:/home/paul/create3_ws/install/irobot_create_ignition_toolbox:/home/paul/create3_ws/install/irobot_create_gazebo_sim:/home/paul/create3_ws/install/irobot_create_gazebo_bringup:/home/paul/create3_ws/install/irobot_create_gazebo_plugins:/home/paul/create3_ws/install/irobot_create_ignition_plugins:/home/paul/create3_ws/install/irobot_create_common_bringup:/home/paul/create3_ws/install/irobot_create_description:/home/paul/create3_ws/install/irobot_create_control:/opt/ros/galactic LD_LIBRARY_PATH=/home/paul/create3_ws/install/irobot_create_toolbox/lib:/home/paul/create3_ws/install/irobot_create_nodes/lib:/home/paul/create3_ws/install/irobot_create_ignition_toolbox/lib:/home/paul/create3_ws/install/irobot_create_gazebo_plugins/lib:/usr/lib/x86_64-linux-gnu/gazebo-11/plugins:/opt/ros/galactic/opt/yaml_cpp_vendor/lib:/opt/ros/galactic/opt/rviz_ogre_vendor/lib:/opt/ros/galactic/lib/x86_64-linux-gnu:/opt/ros/galactic/lib /usr/bin/cmake --build /home/paul/create3_ws/build/irobot_create_nodes -- -j12 -l12
