[0.047s] Invoking command in '/home/paul/create3_ws/build/svg_drive_goals': /usr/bin/cmake --build /home/paul/create3_ws/build/svg_drive_goals -- -j12 -l12
[0.104s] [100%] Built target svg_drive_goals
[0.121s] Invoked command in '/home/paul/create3_ws/build/svg_drive_goals' returned '0': /usr/bin/cmake --build /home/paul/create3_ws/build/svg_drive_goals -- -j12 -l12
[0.214s] Invoking command in '/home/paul/create3_ws/build/svg_drive_goals': /usr/bin/cmake --install /home/paul/create3_ws/build/svg_drive_goals
[0.217s] -- Install configuration: ""
[0.217s] -- Up-to-date: /home/paul/create3_ws/install/svg_drive_goals/lib/svg_drive_goals/svg_drive_goals
[0.217s] -- Up-to-date: /home/paul/create3_ws/install/svg_drive_goals/share/ament_index/resource_index/package_run_dependencies/svg_drive_goals
[0.217s] -- Up-to-date: /home/paul/create3_ws/install/svg_drive_goals/share/ament_index/resource_index/parent_prefix_path/svg_drive_goals
[0.217s] -- Up-to-date: /home/paul/create3_ws/install/svg_drive_goals/share/svg_drive_goals/environment/ament_prefix_path.sh
[0.218s] -- Up-to-date: /home/paul/create3_ws/install/svg_drive_goals/share/svg_drive_goals/environment/ament_prefix_path.dsv
[0.218s] -- Up-to-date: /home/paul/create3_ws/install/svg_drive_goals/share/svg_drive_goals/environment/path.sh
[0.218s] -- Up-to-date: /home/paul/create3_ws/install/svg_drive_goals/share/svg_drive_goals/environment/path.dsv
[0.218s] -- Up-to-date: /home/paul/create3_ws/install/svg_drive_goals/share/svg_drive_goals/local_setup.bash
[0.218s] -- Up-to-date: /home/paul/create3_ws/install/svg_drive_goals/share/svg_drive_goals/local_setup.sh
[0.219s] -- Up-to-date: /home/paul/create3_ws/install/svg_drive_goals/share/svg_drive_goals/local_setup.zsh
[0.219s] -- Up-to-date: /home/paul/create3_ws/install/svg_drive_goals/share/svg_drive_goals/local_setup.dsv
[0.222s] -- Installing: /home/paul/create3_ws/install/svg_drive_goals/share/svg_drive_goals/package.dsv
[0.223s] -- Up-to-date: /home/paul/create3_ws/install/svg_drive_goals/share/ament_index/resource_index/packages/svg_drive_goals
[0.223s] -- Up-to-date: /home/paul/create3_ws/install/svg_drive_goals/share/svg_drive_goals/cmake/svg_drive_goalsConfig.cmake
[0.223s] -- Up-to-date: /home/paul/create3_ws/install/svg_drive_goals/share/svg_drive_goals/cmake/svg_drive_goalsConfig-version.cmake
[0.224s] -- Up-to-date: /home/paul/create3_ws/install/svg_drive_goals/share/svg_drive_goals/package.xml
[0.250s] Invoked command in '/home/paul/create3_ws/build/svg_drive_goals' returned '0': /usr/bin/cmake --install /home/paul/create3_ws/build/svg_drive_goals
