[0.033s] Invoking command in '/home/paul/create3_ws/build/irobot_create_gazebo_plugins': CMAKE_PREFIX_PATH=/home/paul/create3_ws/install/irobot_create_toolbox:/home/paul/create3_ws/install/irobot_create_nodes:/home/paul/create3_ws/install/irobot_create_ignition_sim:/home/paul/create3_ws/install/irobot_create_ignition_bringup:/home/paul/create3_ws/install/irobot_create_ignition_toolbox:/home/paul/create3_ws/install/irobot_create_gazebo_sim:/home/paul/create3_ws/install/irobot_create_gazebo_bringup:/home/paul/create3_ws/install/irobot_create_gazebo_plugins:/home/paul/create3_ws/install/irobot_create_ignition_plugins:/home/paul/create3_ws/install/irobot_create_common_bringup:/home/paul/create3_ws/install/irobot_create_description:/home/paul/create3_ws/install/irobot_create_control:/opt/ros/galactic LD_LIBRARY_PATH=/home/paul/create3_ws/install/irobot_create_toolbox/lib:/home/paul/create3_ws/install/irobot_create_nodes/lib:/home/paul/create3_ws/install/irobot_create_ignition_toolbox/lib:/home/paul/create3_ws/install/irobot_create_gazebo_plugins/lib:/usr/lib/x86_64-linux-gnu/gazebo-11/plugins:/opt/ros/galactic/opt/yaml_cpp_vendor/lib:/opt/ros/galactic/opt/rviz_ogre_vendor/lib:/opt/ros/galactic/lib/x86_64-linux-gnu:/opt/ros/galactic/lib /usr/bin/cmake /home/paul/create3_ws/src/create3_sim/irobot_create_gazebo/irobot_create_gazebo_plugins -DCMAKE_INSTALL_PREFIX=/home/paul/create3_ws/install/irobot_create_gazebo_plugins
[0.046s] -- Found ament_cmake: 1.1.6 (/opt/ros/galactic/share/ament_cmake/cmake)
[0.066s] -- Using PYTHON_EXECUTABLE: /usr/bin/python3
[0.117s] -- Override CMake install command with custom implementation using symlinks instead of copying resources
[0.394s] -- Found geometry_msgs: 2.2.4 (/opt/ros/galactic/share/geometry_msgs/cmake)
[0.423s] -- Using all available rosidl_typesupport_c: rosidl_typesupport_fastrtps_c;rosidl_typesupport_introspection_c
[0.426s] -- Found rosidl_adapter: 2.2.3 (/opt/ros/galactic/share/rosidl_adapter/cmake)
[0.548s] -- Using all available rosidl_typesupport_cpp: rosidl_typesupport_fastrtps_cpp;rosidl_typesupport_introspection_cpp
[0.737s] -- Found irobot_create_msgs: 1.2.4 (/opt/ros/galactic/share/irobot_create_msgs/cmake)
[1.369s] -- Found irobot_create_toolbox: 1.0.3 (/home/paul/create3_ws/install/irobot_create_toolbox/share/irobot_create_toolbox/cmake)
[1.413s] -- Found rmw_implementation_cmake: 3.3.1 (/opt/ros/galactic/share/rmw_implementation_cmake/cmake)
[1.415s] -- Found rmw_cyclonedds_cpp: 0.22.6 (/opt/ros/galactic/share/rmw_cyclonedds_cpp/cmake)
[1.432s] -- Using RMW implementation 'rmw_cyclonedds_cpp' as default
[1.660s] -- Found sensor_msgs: 2.2.4 (/opt/ros/galactic/share/sensor_msgs/cmake)
[3.262s] -- Found DART: /usr/include (Required is at least version "6.6") found components: dart 
[4.003s] -- Found Protobuf: /usr/lib/x86_64-linux-gnu/libprotobuf.so;-lpthread (found version "3.6.1") 
[4.059s] -- Looking for ignition-math6 -- found version 6.13.0
[4.087s] -- Looking for OGRE...
[4.142s] -- Found Ogre Ghadamon (1.9.0)
[4.162s] -- Found OGRE: optimized;/usr/lib/x86_64-linux-gnu/libOgreMain.so;debug;/usr/lib/x86_64-linux-gnu/libOgreMain.so
[4.197s] -- Looking for OGRE_Paging...
[4.198s] -- Found OGRE_Paging: optimized;/usr/lib/x86_64-linux-gnu/libOgrePaging.so;debug;/usr/lib/x86_64-linux-gnu/libOgrePaging.so
[4.198s] -- Looking for OGRE_Terrain...
[4.198s] -- Found OGRE_Terrain: optimized;/usr/lib/x86_64-linux-gnu/libOgreTerrain.so;debug;/usr/lib/x86_64-linux-gnu/libOgreTerrain.so
[4.198s] -- Looking for OGRE_Property...
[4.199s] -- Found OGRE_Property: optimized;/usr/lib/x86_64-linux-gnu/libOgreProperty.so;debug;/usr/lib/x86_64-linux-gnu/libOgreProperty.so
[4.199s] -- Looking for OGRE_RTShaderSystem...
[4.199s] -- Found OGRE_RTShaderSystem: optimized;/usr/lib/x86_64-linux-gnu/libOgreRTShaderSystem.so;debug;/usr/lib/x86_64-linux-gnu/libOgreRTShaderSystem.so
[4.199s] -- Looking for OGRE_Volume...
[4.199s] -- Found OGRE_Volume: optimized;/usr/lib/x86_64-linux-gnu/libOgreVolume.so;debug;/usr/lib/x86_64-linux-gnu/libOgreVolume.so
[4.199s] -- Looking for OGRE_Overlay...
[4.200s] -- Found OGRE_Overlay: optimized;/usr/lib/x86_64-linux-gnu/libOgreOverlay.so;debug;/usr/lib/x86_64-linux-gnu/libOgreOverlay.so
[4.348s] -- Looking for ignition-math6 -- found version 6.13.0
[4.395s] -- Looking for ignition-transport8 -- found version 8.4.0
[4.398s] -- Searching for dependencies of ignition-transport8
[4.444s] -- Found Protobuf: /usr/lib/x86_64-linux-gnu/libprotobuf.so;-lpthread (found suitable version "3.6.1", minimum required is "3") 
[4.458s] -- Config-file not installed for ZeroMQ -- checking for pkg-config
[4.462s] -- Checking for module 'libzmq >= 4'
[4.480s] --   Found libzmq , version 4.3.2
[4.527s] -- Checking for module 'uuid'
[4.545s] --   Found uuid, version 2.34.0
[4.725s] -- Looking for ignition-msgs5 -- found version 5.11.0
[4.726s] -- Searching for dependencies of ignition-msgs5
[4.753s] -- Looking for ignition-math6 -- found version 6.13.0
[4.760s] -- Checking for module 'tinyxml2'
[4.781s] --   Found tinyxml2, version 6.2.0
[4.831s] -- Looking for ignition-msgs5 -- found version 5.11.0
[5.207s] -- Looking for ignition-common3 -- found version 3.15.1
[5.209s] -- Searching for dependencies of ignition-common3
[5.210s] -- Looking for dlfcn.h - found
[5.210s] -- Looking for libdl - found
[5.281s] -- Searching for <ignition-common3> component [graphics]
[5.538s] -- Looking for ignition-common3-graphics -- found version 3.15.1
[5.540s] -- Searching for dependencies of ignition-common3-graphics
[5.541s] -- Looking for ignition-math6 -- found version 6.13.0
[5.682s] -- Looking for ignition-fuel_tools4 -- found version 4.8.1
[5.684s] -- Searching for dependencies of ignition-fuel_tools4
[6.458s] -- Checking for module 'jsoncpp'
[6.481s] --   Found jsoncpp, version 1.7.4
[6.752s] -- Checking for module 'libzip'
[6.862s] --   Found libzip, version 1.5.1
[6.911s] -- Looking for ignition-common3 -- found version 3.15.1
[6.912s] -- Looking for ignition-math6 -- found version 6.13.0
[6.912s] -- Looking for ignition-msgs5 -- found version 5.11.0
[6.967s] -- Gazebo version: 11.12
[7.302s] -- Found ament_lint_auto: 0.10.7 (/opt/ros/galactic/share/ament_lint_auto/cmake)
[7.365s] -- Added test 'cppcheck' to perform static code analysis on C / C++ code
[7.369s] -- Configured cppcheck include dirs: /home/paul/create3_ws/src/create3_sim/irobot_create_gazebo/irobot_create_gazebo_plugins/include
[7.369s] -- Configured cppcheck exclude dirs and/or files: 
[7.371s] -- Added test 'cpplint' to check C / C++ code against the Google style
[7.371s] -- Configured cpplint exclude dirs and/or files: 
[7.372s] -- Added test 'lint_cmake' to check CMake code style
[7.374s] -- Added test 'uncrustify' to check C / C++ code style
[7.374s] -- Configured uncrustify additional arguments: 
[7.374s] -- Added test 'xmllint' to check XML markup files
[7.381s] -- Configuring done
[12.228s] -- Generating done
[12.232s] -- Build files have been written to: /home/paul/create3_ws/build/irobot_create_gazebo_plugins
