-- Found ament_cmake: 1.1.6 (/opt/ros/galactic/share/ament_cmake/cmake)
-- Using PYTHON_EXECUTABLE: /usr/bin/python3
-- Override CMake install command with custom implementation using symlinks instead of copying resources
-- Configuring done
-- Generating done
-- Build files have been written to: /home/paul/create3_ws/build/irobot_create_ignition_sim
-- Install configuration: ""
-- Execute custom install script
-- Up-to-date symlink: /home/paul/create3_ws/install/irobot_create_ignition_sim/share/ament_index/resource_index/package_run_dependencies/irobot_create_ignition_sim
-- Up-to-date symlink: /home/paul/create3_ws/install/irobot_create_ignition_sim/share/ament_index/resource_index/parent_prefix_path/irobot_create_ignition_sim
-- Up-to-date symlink: /home/paul/create3_ws/install/irobot_create_ignition_sim/share/irobot_create_ignition_sim/environment/ament_prefix_path.sh
-- Up-to-date symlink: /home/paul/create3_ws/install/irobot_create_ignition_sim/share/irobot_create_ignition_sim/environment/ament_prefix_path.dsv
-- Up-to-date symlink: /home/paul/create3_ws/install/irobot_create_ignition_sim/share/irobot_create_ignition_sim/environment/path.sh
-- Up-to-date symlink: /home/paul/create3_ws/install/irobot_create_ignition_sim/share/irobot_create_ignition_sim/environment/path.dsv
-- Up-to-date symlink: /home/paul/create3_ws/install/irobot_create_ignition_sim/share/irobot_create_ignition_sim/local_setup.bash
-- Up-to-date symlink: /home/paul/create3_ws/install/irobot_create_ignition_sim/share/irobot_create_ignition_sim/local_setup.sh
-- Up-to-date symlink: /home/paul/create3_ws/install/irobot_create_ignition_sim/share/irobot_create_ignition_sim/local_setup.zsh
-- Up-to-date symlink: /home/paul/create3_ws/install/irobot_create_ignition_sim/share/irobot_create_ignition_sim/local_setup.dsv
-- Symlinking: /home/paul/create3_ws/install/irobot_create_ignition_sim/share/irobot_create_ignition_sim/package.dsv
-- Up-to-date symlink: /home/paul/create3_ws/install/irobot_create_ignition_sim/share/ament_index/resource_index/packages/irobot_create_ignition_sim
-- Up-to-date symlink: /home/paul/create3_ws/install/irobot_create_ignition_sim/share/irobot_create_ignition_sim/cmake/irobot_create_ignition_simConfig.cmake
-- Up-to-date symlink: /home/paul/create3_ws/install/irobot_create_ignition_sim/share/irobot_create_ignition_sim/cmake/irobot_create_ignition_simConfig-version.cmake
-- Up-to-date symlink: /home/paul/create3_ws/install/irobot_create_ignition_sim/share/irobot_create_ignition_sim/package.xml
