[0.047s] Invoking command in '/home/paul/create3_ws/build/irobot_create_gazebo_plugins': CMAKE_PREFIX_PATH=/home/paul/create3_ws/install/irobot_create_toolbox:/home/paul/create3_ws/install/irobot_create_nodes:/home/paul/create3_ws/install/irobot_create_ignition_sim:/home/paul/create3_ws/install/irobot_create_ignition_bringup:/home/paul/create3_ws/install/irobot_create_ignition_toolbox:/home/paul/create3_ws/install/irobot_create_gazebo_sim:/home/paul/create3_ws/install/irobot_create_gazebo_bringup:/home/paul/create3_ws/install/irobot_create_gazebo_plugins:/home/paul/create3_ws/install/irobot_create_ignition_plugins:/home/paul/create3_ws/install/irobot_create_common_bringup:/home/paul/create3_ws/install/irobot_create_description:/home/paul/create3_ws/install/irobot_create_control:/opt/ros/galactic LD_LIBRARY_PATH=/home/paul/create3_ws/install/irobot_create_toolbox/lib:/home/paul/create3_ws/install/irobot_create_nodes/lib:/home/paul/create3_ws/install/irobot_create_ignition_toolbox/lib:/home/paul/create3_ws/install/irobot_create_gazebo_plugins/lib:/usr/lib/x86_64-linux-gnu/gazebo-11/plugins:/opt/ros/galactic/opt/yaml_cpp_vendor/lib:/opt/ros/galactic/opt/rviz_ogre_vendor/lib:/opt/ros/galactic/lib/x86_64-linux-gnu:/opt/ros/galactic/lib /usr/bin/cmake --build /home/paul/create3_ws/build/irobot_create_gazebo_plugins -- -j12 -l12
[0.077s] -- Found ament_cmake: 1.1.6 (/opt/ros/galactic/share/ament_cmake/cmake)
[0.103s] -- Using PYTHON_EXECUTABLE: /usr/bin/python3
[0.204s] -- Override CMake install command with custom implementation using symlinks instead of copying resources
[0.216s] -- Found geometry_msgs: 2.2.4 (/opt/ros/galactic/share/geometry_msgs/cmake)
[0.246s] -- Using all available rosidl_typesupport_c: rosidl_typesupport_fastrtps_c;rosidl_typesupport_introspection_c
[0.248s] -- Found rosidl_adapter: 2.2.3 (/opt/ros/galactic/share/rosidl_adapter/cmake)
[0.425s] -- Using all available rosidl_typesupport_cpp: rosidl_typesupport_fastrtps_cpp;rosidl_typesupport_introspection_cpp
[0.503s] -- Found irobot_create_msgs: 1.2.4 (/opt/ros/galactic/share/irobot_create_msgs/cmake)
[0.695s] -- Found irobot_create_toolbox: 1.0.3 (/home/paul/create3_ws/install/irobot_create_toolbox/share/irobot_create_toolbox/cmake)
[0.741s] -- Found rmw_implementation_cmake: 3.3.1 (/opt/ros/galactic/share/rmw_implementation_cmake/cmake)
[0.744s] -- Found rmw_cyclonedds_cpp: 0.22.6 (/opt/ros/galactic/share/rmw_cyclonedds_cpp/cmake)
[0.760s] -- Using RMW implementation 'rmw_cyclonedds_cpp' as default
[0.884s] -- Found sensor_msgs: 2.2.4 (/opt/ros/galactic/share/sensor_msgs/cmake)
[0.990s] -- Found DART: /usr/include (Required is at least version "6.6") found components: dart 
[1.017s] -- Found Protobuf: /usr/lib/x86_64-linux-gnu/libprotobuf.so;-lpthread (found version "3.6.1") 
[1.019s] -- Looking for ignition-math6 -- found version 6.13.0
[1.020s] -- Looking for OGRE...
[1.025s] -- Found Ogre Ghadamon (1.9.0)
[1.025s] -- Found OGRE: optimized;/usr/lib/x86_64-linux-gnu/libOgreMain.so;debug;/usr/lib/x86_64-linux-gnu/libOgreMain.so
[1.034s] -- Looking for OGRE_Paging...
[1.034s] -- Found OGRE_Paging: optimized;/usr/lib/x86_64-linux-gnu/libOgrePaging.so;debug;/usr/lib/x86_64-linux-gnu/libOgrePaging.so
[1.035s] -- Looking for OGRE_Terrain...
[1.035s] -- Found OGRE_Terrain: optimized;/usr/lib/x86_64-linux-gnu/libOgreTerrain.so;debug;/usr/lib/x86_64-linux-gnu/libOgreTerrain.so
[1.035s] -- Looking for OGRE_Property...
[1.035s] -- Found OGRE_Property: optimized;/usr/lib/x86_64-linux-gnu/libOgreProperty.so;debug;/usr/lib/x86_64-linux-gnu/libOgreProperty.so
[1.035s] -- Looking for OGRE_RTShaderSystem...
[1.035s] -- Found OGRE_RTShaderSystem: optimized;/usr/lib/x86_64-linux-gnu/libOgreRTShaderSystem.so;debug;/usr/lib/x86_64-linux-gnu/libOgreRTShaderSystem.so
[1.035s] -- Looking for OGRE_Volume...
[1.035s] -- Found OGRE_Volume: optimized;/usr/lib/x86_64-linux-gnu/libOgreVolume.so;debug;/usr/lib/x86_64-linux-gnu/libOgreVolume.so
[1.035s] -- Looking for OGRE_Overlay...
[1.036s] -- Found OGRE_Overlay: optimized;/usr/lib/x86_64-linux-gnu/libOgreOverlay.so;debug;/usr/lib/x86_64-linux-gnu/libOgreOverlay.so
[1.170s] -- Looking for ignition-math6 -- found version 6.13.0
[1.170s] -- Looking for ignition-transport8 -- found version 8.4.0
[1.170s] -- Searching for dependencies of ignition-transport8
[1.189s] -- Found Protobuf: /usr/lib/x86_64-linux-gnu/libprotobuf.so;-lpthread (found suitable version "3.6.1", minimum required is "3") 
[1.201s] -- Config-file not installed for ZeroMQ -- checking for pkg-config
[1.205s] -- Checking for module 'libzmq >= 4'
[1.222s] --   Found libzmq , version 4.3.2
[1.268s] -- Checking for module 'uuid'
[1.286s] --   Found uuid, version 2.34.0
[1.328s] -- Looking for ignition-msgs5 -- found version 5.11.0
[1.329s] -- Searching for dependencies of ignition-msgs5
[1.349s] -- Looking for ignition-math6 -- found version 6.13.0
[1.354s] -- Checking for module 'tinyxml2'
[1.372s] --   Found tinyxml2, version 6.2.0
[1.417s] -- Looking for ignition-msgs5 -- found version 5.11.0
[1.417s] -- Looking for ignition-common3 -- found version 3.15.1
[1.418s] -- Searching for dependencies of ignition-common3
[1.418s] -- Looking for dlfcn.h - found
[1.418s] -- Looking for libdl - found
[1.428s] -- Searching for <ignition-common3> component [graphics]
[1.428s] -- Looking for ignition-common3-graphics -- found version 3.15.1
[1.428s] -- Searching for dependencies of ignition-common3-graphics
[1.429s] -- Looking for ignition-math6 -- found version 6.13.0
[1.430s] -- Looking for ignition-fuel_tools4 -- found version 4.8.1
[1.430s] -- Searching for dependencies of ignition-fuel_tools4
[1.459s] -- Checking for module 'jsoncpp'
[1.477s] --   Found jsoncpp, version 1.7.4
[1.526s] -- Checking for module 'libzip'
[1.544s] --   Found libzip, version 1.5.1
[1.588s] -- Looking for ignition-common3 -- found version 3.15.1
[1.588s] -- Looking for ignition-math6 -- found version 6.13.0
[1.589s] -- Looking for ignition-msgs5 -- found version 5.11.0
[1.590s] -- Gazebo version: 11.12
[1.806s] -- Found ament_lint_auto: 0.10.7 (/opt/ros/galactic/share/ament_lint_auto/cmake)
[1.862s] -- Added test 'cppcheck' to perform static code analysis on C / C++ code
[1.864s] -- Configured cppcheck include dirs: /home/paul/create3_ws/src/create3_sim/irobot_create_gazebo/irobot_create_gazebo_plugins/include
[1.864s] -- Configured cppcheck exclude dirs and/or files: 
[1.865s] -- Added test 'cpplint' to check C / C++ code against the Google style
[1.865s] -- Configured cpplint exclude dirs and/or files: 
[1.866s] -- Added test 'lint_cmake' to check CMake code style
[1.868s] -- Added test 'uncrustify' to check C / C++ code style
[1.868s] -- Configured uncrustify additional arguments: 
[1.868s] -- Added test 'xmllint' to check XML markup files
[1.873s] -- Configuring done
[2.148s] -- Generating done
[2.153s] -- Build files have been written to: /home/paul/create3_ws/build/irobot_create_gazebo_plugins
[2.182s] [35m[1mScanning dependencies of target gazebo_ros_create_helpers[0m
[2.199s] [  5%] [32mBuilding CXX object CMakeFiles/gazebo_ros_create_helpers.dir/src/gazebo_ros_helpers.cpp.o[0m
[33.904s] [ 10%] [32m[1mLinking CXX shared library libgazebo_ros_create_helpers.so[0m
[34.306s] [ 10%] Built target gazebo_ros_create_helpers
[34.365s] [35m[1mScanning dependencies of target docking_manager[0m
[34.370s] [35m[1mScanning dependencies of target gazebo_ros_create_bumper[0m
[34.370s] [35m[1mScanning dependencies of target gazebo_ros_create_imu[0m
[34.371s] [35m[1mScanning dependencies of target gazebo_ros_create_ir_intensity_sensor[0m
[34.371s] [35m[1mScanning dependencies of target gazebo_ros_create_wheel_drop[0m
[34.472s] [35m[1mScanning dependencies of target gazebo_ros_create_optical_mouse[0m
[34.472s] [35m[1mScanning dependencies of target gazebo_ros_create_cliff_sensor[0m
[34.483s] [35m[1mScanning dependencies of target gazebo_ros_create_docking_status[0m
[34.567s] [ 20%] [32mBuilding CXX object CMakeFiles/gazebo_ros_create_wheel_drop.dir/src/gazebo_ros_wheel_drop.cpp.o[0m
[34.567s] [ 20%] [32mBuilding CXX object CMakeFiles/gazebo_ros_create_ir_intensity_sensor.dir/src/gazebo_ros_ir_intensity_sensor.cpp.o[0m
[34.571s] [ 25%] [32mBuilding CXX object CMakeFiles/gazebo_ros_create_imu.dir/src/gazebo_ros_imu.cpp.o[0m
[34.749s] [ 30%] [32mBuilding CXX object CMakeFiles/docking_manager.dir/src/docking_manager.cpp.o[0m
[34.756s] [ 35%] [32mBuilding CXX object CMakeFiles/gazebo_ros_create_optical_mouse.dir/src/gazebo_ros_optical_mouse.cpp.o[0m
[34.756s] [ 40%] [32mBuilding CXX object CMakeFiles/gazebo_ros_create_bumper.dir/src/gazebo_ros_bumper.cpp.o[0m
[34.779s] [ 45%] [32mBuilding CXX object CMakeFiles/gazebo_ros_create_docking_status.dir/src/gazebo_ros_docking_status.cpp.o[0m
[34.784s] [ 50%] [32mBuilding CXX object CMakeFiles/gazebo_ros_create_cliff_sensor.dir/src/gazebo_ros_cliff_sensor.cpp.o[0m
[1096.345s] make[2]: *** [CMakeFiles/gazebo_ros_create_docking_status.dir/build.make:63: CMakeFiles/gazebo_ros_create_docking_status.dir/src/gazebo_ros_docking_status.cpp.o] Interrupt
[1098.737s] make[2]: *** [CMakeFiles/gazebo_ros_create_cliff_sensor.dir/build.make:63: CMakeFiles/gazebo_ros_create_cliff_sensor.dir/src/gazebo_ros_cliff_sensor.cpp.o] Interrupt
[1098.951s] make[2]: *** [CMakeFiles/gazebo_ros_create_bumper.dir/build.make:63: CMakeFiles/gazebo_ros_create_bumper.dir/src/gazebo_ros_bumper.cpp.o] Interrupt
[1098.952s] make[2]: *** [CMakeFiles/docking_manager.dir/build.make:63: CMakeFiles/docking_manager.dir/src/docking_manager.cpp.o] Interrupt
[1098.952s] make[2]: *** [CMakeFiles/gazebo_ros_create_wheel_drop.dir/build.make:63: CMakeFiles/gazebo_ros_create_wheel_drop.dir/src/gazebo_ros_wheel_drop.cpp.o] Interrupt
[1098.952s] make[2]: *** [CMakeFiles/gazebo_ros_create_imu.dir/build.make:63: CMakeFiles/gazebo_ros_create_imu.dir/src/gazebo_ros_imu.cpp.o] Interrupt
[1098.964s] make[2]: *** [CMakeFiles/gazebo_ros_create_ir_intensity_sensor.dir/build.make:63: CMakeFiles/gazebo_ros_create_ir_intensity_sensor.dir/src/gazebo_ros_ir_intensity_sensor.cpp.o] Interrupt
[1098.964s] make[2]: *** [CMakeFiles/gazebo_ros_create_optical_mouse.dir/build.make:63: CMakeFiles/gazebo_ros_create_optical_mouse.dir/src/gazebo_ros_optical_mouse.cpp.o] Interrupt
[1098.964s] make[1]: *** [CMakeFiles/Makefile2:258: CMakeFiles/gazebo_ros_create_cliff_sensor.dir/all] Interrupt
[1098.965s] make: *** [Makefile:141: all] Interrupt
[1107.735s] Invoked command in '/home/paul/create3_ws/build/irobot_create_gazebo_plugins' returned '-2': CMAKE_PREFIX_PATH=/home/paul/create3_ws/install/irobot_create_toolbox:/home/paul/create3_ws/install/irobot_create_nodes:/home/paul/create3_ws/install/irobot_create_ignition_sim:/home/paul/create3_ws/install/irobot_create_ignition_bringup:/home/paul/create3_ws/install/irobot_create_ignition_toolbox:/home/paul/create3_ws/install/irobot_create_gazebo_sim:/home/paul/create3_ws/install/irobot_create_gazebo_bringup:/home/paul/create3_ws/install/irobot_create_gazebo_plugins:/home/paul/create3_ws/install/irobot_create_ignition_plugins:/home/paul/create3_ws/install/irobot_create_common_bringup:/home/paul/create3_ws/install/irobot_create_description:/home/paul/create3_ws/install/irobot_create_control:/opt/ros/galactic LD_LIBRARY_PATH=/home/paul/create3_ws/install/irobot_create_toolbox/lib:/home/paul/create3_ws/install/irobot_create_nodes/lib:/home/paul/create3_ws/install/irobot_create_ignition_toolbox/lib:/home/paul/create3_ws/install/irobot_create_gazebo_plugins/lib:/usr/lib/x86_64-linux-gnu/gazebo-11/plugins:/opt/ros/galactic/opt/yaml_cpp_vendor/lib:/opt/ros/galactic/opt/rviz_ogre_vendor/lib:/opt/ros/galactic/lib/x86_64-linux-gnu:/opt/ros/galactic/lib /usr/bin/cmake --build /home/paul/create3_ws/build/irobot_create_gazebo_plugins -- -j12 -l12
